Running:
src/main.py --output_dir experiments --comment classification from Scratch --name Heartbeat_fromScratch --records_file Classification_records.xls --data_dir ./data/Classification/Heartbeat/ --data_class tsra --pattern TRAIN --val_pattern TEST --epochs 1 --lr 0.001 --optimizer RAdam --pos_encoding learnable --task classification --key_metric accuracy

Using device: cuda
Loading and preprocessing data ...
204 samples may be used for training
205 samples will be used for validation
0 samples will be used for testing
Creating model ...
Model:
TSTransformerEncoderClassiregressor(
  (project_inp): Linear(in_features=61, out_features=64, bias=True)
  (pos_enc): LearnablePositionalEncoding(
    (dropout): Dropout(p=0.1, inplace=False)
  )
  (transformer_encoder): TransformerEncoder(
    (layers): ModuleList(
      (0): TransformerBatchNormEncoderLayer(
        (self_attn): MultiheadAttention(
          (out_proj): NonDynamicallyQuantizableLinear(in_features=64, out_features=64, bias=True)
        )
        (linear1): Linear(in_features=64, out_features=256, bias=True)
        (dropout): Dropout(p=0.1, inplace=False)
        (linear2): Linear(in_features=256, out_features=64, bias=True)
        (norm1): BatchNorm1d(64, eps=1e-05, momentum=0.1, affine=True, track_running_stats=True)
        (norm2): BatchNorm1d(64, eps=1e-05, momentum=0.1, affine=True, track_running_stats=True)
        (dropout1): Dropout(p=0.1, inplace=False)
        (dropout2): Dropout(p=0.1, inplace=False)
      )
      (1): TransformerBatchNormEncoderLayer(
        (self_attn): MultiheadAttention(
          (out_proj): NonDynamicallyQuantizableLinear(in_features=64, out_features=64, bias=True)
        )
        (linear1): Linear(in_features=64, out_features=256, bias=True)
        (dropout): Dropout(p=0.1, inplace=False)
        (linear2): Linear(in_features=256, out_features=64, bias=True)
        (norm1): BatchNorm1d(64, eps=1e-05, momentum=0.1, affine=True, track_running_stats=True)
        (norm2): BatchNorm1d(64, eps=1e-05, momentum=0.1, affine=True, track_running_stats=True)
        (dropout1): Dropout(p=0.1, inplace=False)
        (dropout2): Dropout(p=0.1, inplace=False)
      )
      (2): TransformerBatchNormEncoderLayer(
        (self_attn): MultiheadAttention(
          (out_proj): NonDynamicallyQuantizableLinear(in_features=64, out_features=64, bias=True)
        )
        (linear1): Linear(in_features=64, out_features=256, bias=True)
        (dropout): Dropout(p=0.1, inplace=False)
        (linear2): Linear(in_features=256, out_features=64, bias=True)
        (norm1): BatchNorm1d(64, eps=1e-05, momentum=0.1, affine=True, track_running_stats=True)
        (norm2): BatchNorm1d(64, eps=1e-05, momentum=0.1, affine=True, track_running_stats=True)
        (dropout1): Dropout(p=0.1, inplace=False)
        (dropout2): Dropout(p=0.1, inplace=False)
      )
    )
  )
  (dropout1): Dropout(p=0.1, inplace=False)
  (output_layer): Linear(in_features=25920, out_features=2, bias=True)
)
Total number of parameters: 231682
Trainable parameters: 231682
Evaluating on validation set ...
Validation runtime: 0.0 hours, 0.0 minutes, 0.5649113655090332 seconds

Avg val. time: 0.0 hours, 0.0 minutes, 0.5649113655090332 seconds
Avg batch val. time: 0.1412278413772583 seconds
Avg sample val. time: 0.00275566519760504 seconds
Epoch 0 Validation Summary: epoch: 0.000000 | loss: 1.509454 | accuracy: 0.424390 | precision: 0.527526 | AUROC: 0.443931 | AUPRC: 0.326706 | 
Starting training...
Epoch 1 Training Summary: epoch: 1.000000 | loss: 0.732105 | 
Epoch runtime: 0.0 hours, 0.0 minutes, 0.1756141185760498 seconds

Avg epoch train. time: 0.0 hours, 0.0 minutes, 0.1756141185760498 seconds
Avg batch train. time: 0.04390352964401245 seconds
Avg sample train. time: 0.0008608535224316167 seconds
Evaluating on validation set ...
Validation runtime: 0.0 hours, 0.0 minutes, 0.061277151107788086 seconds

Avg val. time: 0.0 hours, 0.0 minutes, 0.31309425830841064 seconds
Avg batch val. time: 0.07827356457710266 seconds
Avg sample val. time: 0.0015272890649190762 seconds
Epoch 1 Validation Summary: epoch: 1.000000 | loss: 0.679912 | accuracy: 0.531707 | precision: 0.631386 | AUROC: 0.572902 | AUPRC: 0.375747 | 
Best accuracy was 0.5317073170731708. Other metrics: OrderedDict([('epoch', 1), ('loss', 0.6799115715957269), ('accuracy', 0.5317073170731708), ('precision', 0.6313864783422248), ('AUROC', 0.5729018492176385), ('AUPRC', 0.3757471441945418)])
All Done!
Total runtime: 0.0 hours, 0.0 minutes, 5.3591508865356445 seconds

