Running:
src/main.py --output_dir experiments --comment classification from Scratch --name Heartbeat_fromScratch --records_file Classification_records.xls --data_dir ./data/Classification/Heartbeat/ --data_class tsra --pattern TRAIN --val_pattern TEST --epochs 1 --lr 0.001 --optimizer RAdam --pos_encoding learnable --task classification --key_metric accuracy

Using device: cuda
Loading and preprocessing data ...
204 samples may be used for training
205 samples will be used for validation
0 samples will be used for testing
Creating model ...
Model:
TSTransformerEncoderClassiregressor(
  (project_inp): Linear(in_features=61, out_features=64, bias=True)
  (pos_enc): LearnablePositionalEncoding(
    (dropout): Dropout(p=0.1, inplace=False)
  )
  (transformer_encoder): TransformerEncoder(
    (layers): ModuleList(
      (0): TransformerBatchNormEncoderLayer(
        (self_attn): MultiheadAttention(
          (out_proj): NonDynamicallyQuantizableLinear(in_features=64, out_features=64, bias=True)
        )
        (linear1): Linear(in_features=64, out_features=256, bias=True)
        (dropout): Dropout(p=0.1, inplace=False)
        (linear2): Linear(in_features=256, out_features=64, bias=True)
        (norm1): BatchNorm1d(64, eps=1e-05, momentum=0.1, affine=True, track_running_stats=True)
        (norm2): BatchNorm1d(64, eps=1e-05, momentum=0.1, affine=True, track_running_stats=True)
        (dropout1): Dropout(p=0.1, inplace=False)
        (dropout2): Dropout(p=0.1, inplace=False)
      )
      (1): TransformerBatchNormEncoderLayer(
        (self_attn): MultiheadAttention(
          (out_proj): NonDynamicallyQuantizableLinear(in_features=64, out_features=64, bias=True)
        )
        (linear1): Linear(in_features=64, out_features=256, bias=True)
        (dropout): Dropout(p=0.1, inplace=False)
        (linear2): Linear(in_features=256, out_features=64, bias=True)
        (norm1): BatchNorm1d(64, eps=1e-05, momentum=0.1, affine=True, track_running_stats=True)
        (norm2): BatchNorm1d(64, eps=1e-05, momentum=0.1, affine=True, track_running_stats=True)
        (dropout1): Dropout(p=0.1, inplace=False)
        (dropout2): Dropout(p=0.1, inplace=False)
      )
      (2): TransformerBatchNormEncoderLayer(
        (self_attn): MultiheadAttention(
          (out_proj): NonDynamicallyQuantizableLinear(in_features=64, out_features=64, bias=True)
        )
        (linear1): Linear(in_features=64, out_features=256, bias=True)
        (dropout): Dropout(p=0.1, inplace=False)
        (linear2): Linear(in_features=256, out_features=64, bias=True)
        (norm1): BatchNorm1d(64, eps=1e-05, momentum=0.1, affine=True, track_running_stats=True)
        (norm2): BatchNorm1d(64, eps=1e-05, momentum=0.1, affine=True, track_running_stats=True)
        (dropout1): Dropout(p=0.1, inplace=False)
        (dropout2): Dropout(p=0.1, inplace=False)
      )
    )
  )
  (dropout1): Dropout(p=0.1, inplace=False)
  (output_layer): Linear(in_features=25920, out_features=2, bias=True)
)
Total number of parameters: 231682
Trainable parameters: 231682
Evaluating on validation set ...
Validation runtime: 0.0 hours, 0.0 minutes, 0.5739865303039551 seconds

Avg val. time: 0.0 hours, 0.0 minutes, 0.5739865303039551 seconds
Avg batch val. time: 0.14349663257598877 seconds
Avg sample val. time: 0.0027999342941656346 seconds
Epoch 0 Validation Summary: epoch: 0.000000 | loss: 1.773668 | accuracy: 0.351220 | precision: 0.519405 | AUROC: 0.473921 | AUPRC: 0.302317 | 
Starting training...
Epoch 1 Training Summary: epoch: 1.000000 | loss: 0.692356 | 
Epoch runtime: 0.0 hours, 0.0 minutes, 0.17548108100891113 seconds

Avg epoch train. time: 0.0 hours, 0.0 minutes, 0.17548108100891113 seconds
Avg batch train. time: 0.04387027025222778 seconds
Avg sample train. time: 0.0008602013774946624 seconds
Evaluating on validation set ...
Validation runtime: 0.0 hours, 0.0 minutes, 0.06136441230773926 seconds

Avg val. time: 0.0 hours, 0.0 minutes, 0.31767547130584717 seconds
Avg batch val. time: 0.07941886782646179 seconds
Avg sample val. time: 0.0015496364453943764 seconds
Epoch 1 Validation Summary: epoch: 1.000000 | loss: 0.674788 | accuracy: 0.658537 | precision: 0.597657 | AUROC: 0.445472 | AUPRC: 0.291200 | 
Best accuracy was 0.6585365853658537. Other metrics: OrderedDict([('epoch', 1), ('loss', 0.6747878004864949), ('accuracy', 0.6585365853658537), ('precision', 0.5976565486658001), ('AUROC', 0.4454717875770507), ('AUPRC', 0.29120020493184967)])
All Done!
Total runtime: 0.0 hours, 0.0 minutes, 5.520022869110107 seconds

