Running:
src/main.py --output_dir experiments --comment classification from Scratch --name Heartbeat_fromScratch --records_file Classification_records.xls --data_dir ./data/Classification/Heartbeat/ --data_class tsra --pattern TRAIN --val_pattern TEST --epochs 1 --lr 0.001 --optimizer RAdam --pos_encoding learnable --task classification --key_metric accuracy

Using device: cuda
Loading and preprocessing data ...
204 samples may be used for training
205 samples will be used for validation
0 samples will be used for testing
Creating model ...
Model:
TSTransformerEncoderClassiregressor(
  (project_inp): Linear(in_features=61, out_features=64, bias=True)
  (pos_enc): LearnablePositionalEncoding(
    (dropout): Dropout(p=0.1, inplace=False)
  )
  (transformer_encoder): TransformerEncoder(
    (layers): ModuleList(
      (0): TransformerBatchNormEncoderLayer(
        (self_attn): MultiheadAttention(
          (out_proj): NonDynamicallyQuantizableLinear(in_features=64, out_features=64, bias=True)
        )
        (linear1): Linear(in_features=64, out_features=256, bias=True)
        (dropout): Dropout(p=0.1, inplace=False)
        (linear2): Linear(in_features=256, out_features=64, bias=True)
        (norm1): BatchNorm1d(64, eps=1e-05, momentum=0.1, affine=True, track_running_stats=True)
        (norm2): BatchNorm1d(64, eps=1e-05, momentum=0.1, affine=True, track_running_stats=True)
        (dropout1): Dropout(p=0.1, inplace=False)
        (dropout2): Dropout(p=0.1, inplace=False)
      )
      (1): TransformerBatchNormEncoderLayer(
        (self_attn): MultiheadAttention(
          (out_proj): NonDynamicallyQuantizableLinear(in_features=64, out_features=64, bias=True)
        )
        (linear1): Linear(in_features=64, out_features=256, bias=True)
        (dropout): Dropout(p=0.1, inplace=False)
        (linear2): Linear(in_features=256, out_features=64, bias=True)
        (norm1): BatchNorm1d(64, eps=1e-05, momentum=0.1, affine=True, track_running_stats=True)
        (norm2): BatchNorm1d(64, eps=1e-05, momentum=0.1, affine=True, track_running_stats=True)
        (dropout1): Dropout(p=0.1, inplace=False)
        (dropout2): Dropout(p=0.1, inplace=False)
      )
      (2): TransformerBatchNormEncoderLayer(
        (self_attn): MultiheadAttention(
          (out_proj): NonDynamicallyQuantizableLinear(in_features=64, out_features=64, bias=True)
        )
        (linear1): Linear(in_features=64, out_features=256, bias=True)
        (dropout): Dropout(p=0.1, inplace=False)
        (linear2): Linear(in_features=256, out_features=64, bias=True)
        (norm1): BatchNorm1d(64, eps=1e-05, momentum=0.1, affine=True, track_running_stats=True)
        (norm2): BatchNorm1d(64, eps=1e-05, momentum=0.1, affine=True, track_running_stats=True)
        (dropout1): Dropout(p=0.1, inplace=False)
        (dropout2): Dropout(p=0.1, inplace=False)
      )
    )
  )
  (dropout1): Dropout(p=0.1, inplace=False)
  (output_layer): Linear(in_features=25920, out_features=2, bias=True)
)
Total number of parameters: 231682
Trainable parameters: 231682
Evaluating on validation set ...
Validation runtime: 0.0 hours, 0.0 minutes, 0.8248245716094971 seconds

Avg val. time: 0.0 hours, 0.0 minutes, 0.8248245716094971 seconds
Avg batch val. time: 0.20620614290237427 seconds
Avg sample val. time: 0.0040235344956560835 seconds
Epoch 0 Validation Summary: epoch: 0.000000 | loss: 1.186634 | accuracy: 0.575610 | precision: 0.599392 | AUROC: 0.471195 | AUPRC: 0.291836 | 
Starting training...
Epoch 1 Training Summary: epoch: 1.000000 | loss: 0.681094 | 
Epoch runtime: 0.0 hours, 0.0 minutes, 0.20054364204406738 seconds

Avg epoch train. time: 0.0 hours, 0.0 minutes, 0.20054364204406738 seconds
Avg batch train. time: 0.050135910511016846 seconds
Avg sample train. time: 0.0009830570688434675 seconds
Evaluating on validation set ...
Validation runtime: 0.0 hours, 0.0 minutes, 0.06231546401977539 seconds

Avg val. time: 0.0 hours, 0.0 minutes, 0.44357001781463623 seconds
Avg batch val. time: 0.11089250445365906 seconds
Avg sample val. time: 0.00216375618446164 seconds
Epoch 1 Validation Summary: epoch: 1.000000 | loss: 0.658527 | accuracy: 0.687805 | precision: 0.629528 | AUROC: 0.517307 | AUPRC: 0.350321 | 
Best accuracy was 0.6878048780487804. Other metrics: OrderedDict([('epoch', 1), ('loss', 0.6585265787636362), ('accuracy', 0.6878048780487804), ('precision', 0.6295284552845528), ('AUROC', 0.5173067804646753), ('AUPRC', 0.35032092152654126)])
All Done!
Total runtime: 0.0 hours, 0.0 minutes, 5.931035041809082 seconds

