Running:
src/main.py --output_dir experiments --comment classification from Scratch --name Heartbeat_fromScratch --records_file Classification_records.xls --data_dir ./data/Classification/Heartbeat/ --data_class tsra --pattern TRAIN --val_pattern TEST --epochs 1 --lr 0.001 --optimizer RAdam --pos_encoding learnable --task classification --key_metric accuracy

Using device: cuda
Loading and preprocessing data ...
204 samples may be used for training
205 samples will be used for validation
0 samples will be used for testing
Creating model ...
Model:
TSTransformerEncoderClassiregressor(
  (project_inp): Linear(in_features=61, out_features=64, bias=True)
  (pos_enc): LearnablePositionalEncoding(
    (dropout): Dropout(p=0.1, inplace=False)
  )
  (transformer_encoder): TransformerEncoder(
    (layers): ModuleList(
      (0): TransformerBatchNormEncoderLayer(
        (self_attn): MultiheadAttention(
          (out_proj): NonDynamicallyQuantizableLinear(in_features=64, out_features=64, bias=True)
        )
        (linear1): Linear(in_features=64, out_features=256, bias=True)
        (dropout): Dropout(p=0.1, inplace=False)
        (linear2): Linear(in_features=256, out_features=64, bias=True)
        (norm1): BatchNorm1d(64, eps=1e-05, momentum=0.1, affine=True, track_running_stats=True)
        (norm2): BatchNorm1d(64, eps=1e-05, momentum=0.1, affine=True, track_running_stats=True)
        (dropout1): Dropout(p=0.1, inplace=False)
        (dropout2): Dropout(p=0.1, inplace=False)
      )
      (1): TransformerBatchNormEncoderLayer(
        (self_attn): MultiheadAttention(
          (out_proj): NonDynamicallyQuantizableLinear(in_features=64, out_features=64, bias=True)
        )
        (linear1): Linear(in_features=64, out_features=256, bias=True)
        (dropout): Dropout(p=0.1, inplace=False)
        (linear2): Linear(in_features=256, out_features=64, bias=True)
        (norm1): BatchNorm1d(64, eps=1e-05, momentum=0.1, affine=True, track_running_stats=True)
        (norm2): BatchNorm1d(64, eps=1e-05, momentum=0.1, affine=True, track_running_stats=True)
        (dropout1): Dropout(p=0.1, inplace=False)
        (dropout2): Dropout(p=0.1, inplace=False)
      )
      (2): TransformerBatchNormEncoderLayer(
        (self_attn): MultiheadAttention(
          (out_proj): NonDynamicallyQuantizableLinear(in_features=64, out_features=64, bias=True)
        )
        (linear1): Linear(in_features=64, out_features=256, bias=True)
        (dropout): Dropout(p=0.1, inplace=False)
        (linear2): Linear(in_features=256, out_features=64, bias=True)
        (norm1): BatchNorm1d(64, eps=1e-05, momentum=0.1, affine=True, track_running_stats=True)
        (norm2): BatchNorm1d(64, eps=1e-05, momentum=0.1, affine=True, track_running_stats=True)
        (dropout1): Dropout(p=0.1, inplace=False)
        (dropout2): Dropout(p=0.1, inplace=False)
      )
    )
  )
  (dropout1): Dropout(p=0.1, inplace=False)
  (output_layer): Linear(in_features=25920, out_features=2, bias=True)
)
Total number of parameters: 231682
Trainable parameters: 231682
Evaluating on validation set ...
Validation runtime: 0.0 hours, 0.0 minutes, 0.5672752857208252 seconds

Avg val. time: 0.0 hours, 0.0 minutes, 0.5672752857208252 seconds
Avg batch val. time: 0.1418188214302063 seconds
Avg sample val. time: 0.0027671965157113425 seconds
Epoch 0 Validation Summary: epoch: 0.000000 | loss: 1.428122 | accuracy: 0.429268 | precision: 0.632532 | AUROC: 0.600640 | AUPRC: 0.363951 | 
Starting training...
Epoch 1 Training Summary: epoch: 1.000000 | loss: 0.728179 | 
Epoch runtime: 0.0 hours, 0.0 minutes, 0.1833057403564453 seconds

Avg epoch train. time: 0.0 hours, 0.0 minutes, 0.1833057403564453 seconds
Avg batch train. time: 0.04582643508911133 seconds
Avg sample train. time: 0.0008985575507668888 seconds
Evaluating on validation set ...
Validation runtime: 0.0 hours, 0.0 minutes, 0.06089949607849121 seconds

Avg val. time: 0.0 hours, 0.0 minutes, 0.3140873908996582 seconds
Avg batch val. time: 0.07852184772491455 seconds
Avg sample val. time: 0.0015321336141446741 seconds
Epoch 1 Validation Summary: epoch: 1.000000 | loss: 0.708761 | accuracy: 0.517073 | precision: 0.584825 | AUROC: 0.472499 | AUPRC: 0.296046 | 
Best accuracy was 0.5170731707317073. Other metrics: OrderedDict([('epoch', 1), ('loss', 0.7087613501199862), ('accuracy', 0.5170731707317073), ('precision', 0.5848252695813672), ('AUROC', 0.4724988146040777), ('AUPRC', 0.29604621437582135)])
All Done!
Total runtime: 0.0 hours, 0.0 minutes, 5.398840665817261 seconds

