Running:
src/main.py --output_dir experiments --comment classification from Scratch --name Heartbeat_fromScratch --records_file Classification_records.xls --data_dir ./data/Classification/Heartbeat/ --data_class tsra --pattern TRAIN --val_pattern TEST --epochs 1 --lr 0.001 --optimizer RAdam --pos_encoding learnable --task classification --key_metric accuracy

Using device: cuda
Loading and preprocessing data ...
204 samples may be used for training
205 samples will be used for validation
0 samples will be used for testing
Creating model ...
Model:
TSTransformerEncoderClassiregressor(
  (project_inp): Linear(in_features=61, out_features=64, bias=True)
  (pos_enc): LearnablePositionalEncoding(
    (dropout): Dropout(p=0.1, inplace=False)
  )
  (transformer_encoder): TransformerEncoder(
    (layers): ModuleList(
      (0): TransformerBatchNormEncoderLayer(
        (self_attn): MultiheadAttention(
          (out_proj): NonDynamicallyQuantizableLinear(in_features=64, out_features=64, bias=True)
        )
        (linear1): Linear(in_features=64, out_features=256, bias=True)
        (dropout): Dropout(p=0.1, inplace=False)
        (linear2): Linear(in_features=256, out_features=64, bias=True)
        (norm1): BatchNorm1d(64, eps=1e-05, momentum=0.1, affine=True, track_running_stats=True)
        (norm2): BatchNorm1d(64, eps=1e-05, momentum=0.1, affine=True, track_running_stats=True)
        (dropout1): Dropout(p=0.1, inplace=False)
        (dropout2): Dropout(p=0.1, inplace=False)
      )
      (1): TransformerBatchNormEncoderLayer(
        (self_attn): MultiheadAttention(
          (out_proj): NonDynamicallyQuantizableLinear(in_features=64, out_features=64, bias=True)
        )
        (linear1): Linear(in_features=64, out_features=256, bias=True)
        (dropout): Dropout(p=0.1, inplace=False)
        (linear2): Linear(in_features=256, out_features=64, bias=True)
        (norm1): BatchNorm1d(64, eps=1e-05, momentum=0.1, affine=True, track_running_stats=True)
        (norm2): BatchNorm1d(64, eps=1e-05, momentum=0.1, affine=True, track_running_stats=True)
        (dropout1): Dropout(p=0.1, inplace=False)
        (dropout2): Dropout(p=0.1, inplace=False)
      )
      (2): TransformerBatchNormEncoderLayer(
        (self_attn): MultiheadAttention(
          (out_proj): NonDynamicallyQuantizableLinear(in_features=64, out_features=64, bias=True)
        )
        (linear1): Linear(in_features=64, out_features=256, bias=True)
        (dropout): Dropout(p=0.1, inplace=False)
        (linear2): Linear(in_features=256, out_features=64, bias=True)
        (norm1): BatchNorm1d(64, eps=1e-05, momentum=0.1, affine=True, track_running_stats=True)
        (norm2): BatchNorm1d(64, eps=1e-05, momentum=0.1, affine=True, track_running_stats=True)
        (dropout1): Dropout(p=0.1, inplace=False)
        (dropout2): Dropout(p=0.1, inplace=False)
      )
    )
  )
  (dropout1): Dropout(p=0.1, inplace=False)
  (output_layer): Linear(in_features=25920, out_features=2, bias=True)
)
Total number of parameters: 231682
Trainable parameters: 231682
Evaluating on validation set ...
Validation runtime: 0.0 hours, 0.0 minutes, 0.5682861804962158 seconds

Avg val. time: 0.0 hours, 0.0 minutes, 0.5682861804962158 seconds
Avg batch val. time: 0.14207154512405396 seconds
Avg sample val. time: 0.002772127709737638 seconds
Epoch 0 Validation Summary: epoch: 0.000000 | loss: 1.840099 | accuracy: 0.512195 | precision: 0.668761 | AUROC: 0.643137 | AUPRC: 0.410851 | 
Starting training...
Epoch 1 Training Summary: epoch: 1.000000 | loss: 0.700938 | 
Epoch runtime: 0.0 hours, 0.0 minutes, 0.1761798858642578 seconds

Avg epoch train. time: 0.0 hours, 0.0 minutes, 0.1761798858642578 seconds
Avg batch train. time: 0.04404497146606445 seconds
Avg sample train. time: 0.0008636268914914599 seconds
Evaluating on validation set ...
Validation runtime: 0.0 hours, 0.0 minutes, 0.06276559829711914 seconds

Avg val. time: 0.0 hours, 0.0 minutes, 0.3155258893966675 seconds
Avg batch val. time: 0.07888147234916687 seconds
Avg sample val. time: 0.0015391506799837438 seconds
Epoch 1 Validation Summary: epoch: 1.000000 | loss: 0.731046 | accuracy: 0.673171 | precision: 0.708366 | AUROC: 0.672238 | AUPRC: 0.403195 | 
Best accuracy was 0.6731707317073171. Other metrics: OrderedDict([('epoch', 1), ('loss', 0.7310459230004287), ('accuracy', 0.6731707317073171), ('precision', 0.7083664208735111), ('AUROC', 0.6722380275011853), ('AUPRC', 0.4031947155870317)])
All Done!
Total runtime: 0.0 hours, 0.0 minutes, 5.384239196777344 seconds

