Running:
src/main.py --output_dir experiments --comment classification from Scratch --name Heartbeat_fromScratch --records_file Classification_records.xls --data_dir ./data/Classification/Heartbeat/ --data_class tsra --pattern TRAIN --val_pattern TEST --epochs 1 --lr 0.001 --optimizer RAdam --pos_encoding learnable --task classification --key_metric accuracy

Using device: cuda
Loading and preprocessing data ...
204 samples may be used for training
205 samples will be used for validation
0 samples will be used for testing
Creating model ...
Model:
TSTransformerEncoderClassiregressor(
  (project_inp): Linear(in_features=61, out_features=64, bias=True)
  (pos_enc): LearnablePositionalEncoding(
    (dropout): Dropout(p=0.1, inplace=False)
  )
  (transformer_encoder): TransformerEncoder(
    (layers): ModuleList(
      (0): TransformerBatchNormEncoderLayer(
        (self_attn): MultiheadAttention(
          (out_proj): NonDynamicallyQuantizableLinear(in_features=64, out_features=64, bias=True)
        )
        (linear1): Linear(in_features=64, out_features=256, bias=True)
        (dropout): Dropout(p=0.1, inplace=False)
        (linear2): Linear(in_features=256, out_features=64, bias=True)
        (norm1): BatchNorm1d(64, eps=1e-05, momentum=0.1, affine=True, track_running_stats=True)
        (norm2): BatchNorm1d(64, eps=1e-05, momentum=0.1, affine=True, track_running_stats=True)
        (dropout1): Dropout(p=0.1, inplace=False)
        (dropout2): Dropout(p=0.1, inplace=False)
      )
      (1): TransformerBatchNormEncoderLayer(
        (self_attn): MultiheadAttention(
          (out_proj): NonDynamicallyQuantizableLinear(in_features=64, out_features=64, bias=True)
        )
        (linear1): Linear(in_features=64, out_features=256, bias=True)
        (dropout): Dropout(p=0.1, inplace=False)
        (linear2): Linear(in_features=256, out_features=64, bias=True)
        (norm1): BatchNorm1d(64, eps=1e-05, momentum=0.1, affine=True, track_running_stats=True)
        (norm2): BatchNorm1d(64, eps=1e-05, momentum=0.1, affine=True, track_running_stats=True)
        (dropout1): Dropout(p=0.1, inplace=False)
        (dropout2): Dropout(p=0.1, inplace=False)
      )
      (2): TransformerBatchNormEncoderLayer(
        (self_attn): MultiheadAttention(
          (out_proj): NonDynamicallyQuantizableLinear(in_features=64, out_features=64, bias=True)
        )
        (linear1): Linear(in_features=64, out_features=256, bias=True)
        (dropout): Dropout(p=0.1, inplace=False)
        (linear2): Linear(in_features=256, out_features=64, bias=True)
        (norm1): BatchNorm1d(64, eps=1e-05, momentum=0.1, affine=True, track_running_stats=True)
        (norm2): BatchNorm1d(64, eps=1e-05, momentum=0.1, affine=True, track_running_stats=True)
        (dropout1): Dropout(p=0.1, inplace=False)
        (dropout2): Dropout(p=0.1, inplace=False)
      )
    )
  )
  (dropout1): Dropout(p=0.1, inplace=False)
  (output_layer): Linear(in_features=25920, out_features=2, bias=True)
)
Total number of parameters: 231682
Trainable parameters: 231682
Evaluating on validation set ...
Validation runtime: 0.0 hours, 0.0 minutes, 0.5667057037353516 seconds

Avg val. time: 0.0 hours, 0.0 minutes, 0.5667057037353516 seconds
Avg batch val. time: 0.1416764259338379 seconds
Avg sample val. time: 0.0027644180670017148 seconds
Epoch 0 Validation Summary: epoch: 0.000000 | loss: 1.540196 | accuracy: 0.702439 | precision: 0.605441 | AUROC: 0.397819 | AUPRC: 0.251525 | 
Starting training...
Epoch 1 Training Summary: epoch: 1.000000 | loss: 0.713341 | 
Epoch runtime: 0.0 hours, 0.0 minutes, 0.18090128898620605 seconds

Avg epoch train. time: 0.0 hours, 0.0 minutes, 0.18090128898620605 seconds
Avg batch train. time: 0.045225322246551514 seconds
Avg sample train. time: 0.0008867710244421865 seconds
Evaluating on validation set ...
Validation runtime: 0.0 hours, 0.0 minutes, 0.0671689510345459 seconds

Avg val. time: 0.0 hours, 0.0 minutes, 0.31693732738494873 seconds
Avg batch val. time: 0.07923433184623718 seconds
Avg sample val. time: 0.0015460357433412133 seconds
Epoch 1 Validation Summary: epoch: 1.000000 | loss: 0.697572 | accuracy: 0.653659 | precision: 0.593951 | AUROC: 0.470839 | AUPRC: 0.270616 | 
Best accuracy was 0.7024390243902439. Other metrics: OrderedDict([('epoch', 0), ('loss', 1.5401960064725178), ('accuracy', 0.7024390243902439), ('precision', 0.6054409005628517), ('AUROC', 0.39781887150308204), ('AUPRC', 0.25152495368126604)])
All Done!
Total runtime: 0.0 hours, 0.0 minutes, 5.388540267944336 seconds

