Running:
src/main.py --output_dir experiments --comment classification from Scratch --name Heartbeat_fromScratch --records_file Classification_records.xls --data_dir ./data/Classification/Heartbeat/ --data_class tsra --pattern TRAIN --val_pattern TEST --epochs 1 --lr 0.001 --optimizer RAdam --pos_encoding learnable --task classification --key_metric accuracy

Using device: cuda
Loading and preprocessing data ...
204 samples may be used for training
205 samples will be used for validation
0 samples will be used for testing
Creating model ...
Model:
TSTransformerEncoderClassiregressor(
  (project_inp): Linear(in_features=61, out_features=64, bias=True)
  (pos_enc): LearnablePositionalEncoding(
    (dropout): Dropout(p=0.1, inplace=False)
  )
  (transformer_encoder): TransformerEncoder(
    (layers): ModuleList(
      (0): TransformerBatchNormEncoderLayer(
        (self_attn): MultiheadAttention(
          (out_proj): NonDynamicallyQuantizableLinear(in_features=64, out_features=64, bias=True)
        )
        (linear1): Linear(in_features=64, out_features=256, bias=True)
        (dropout): Dropout(p=0.1, inplace=False)
        (linear2): Linear(in_features=256, out_features=64, bias=True)
        (norm1): BatchNorm1d(64, eps=1e-05, momentum=0.1, affine=True, track_running_stats=True)
        (norm2): BatchNorm1d(64, eps=1e-05, momentum=0.1, affine=True, track_running_stats=True)
        (dropout1): Dropout(p=0.1, inplace=False)
        (dropout2): Dropout(p=0.1, inplace=False)
      )
      (1): TransformerBatchNormEncoderLayer(
        (self_attn): MultiheadAttention(
          (out_proj): NonDynamicallyQuantizableLinear(in_features=64, out_features=64, bias=True)
        )
        (linear1): Linear(in_features=64, out_features=256, bias=True)
        (dropout): Dropout(p=0.1, inplace=False)
        (linear2): Linear(in_features=256, out_features=64, bias=True)
        (norm1): BatchNorm1d(64, eps=1e-05, momentum=0.1, affine=True, track_running_stats=True)
        (norm2): BatchNorm1d(64, eps=1e-05, momentum=0.1, affine=True, track_running_stats=True)
        (dropout1): Dropout(p=0.1, inplace=False)
        (dropout2): Dropout(p=0.1, inplace=False)
      )
      (2): TransformerBatchNormEncoderLayer(
        (self_attn): MultiheadAttention(
          (out_proj): NonDynamicallyQuantizableLinear(in_features=64, out_features=64, bias=True)
        )
        (linear1): Linear(in_features=64, out_features=256, bias=True)
        (dropout): Dropout(p=0.1, inplace=False)
        (linear2): Linear(in_features=256, out_features=64, bias=True)
        (norm1): BatchNorm1d(64, eps=1e-05, momentum=0.1, affine=True, track_running_stats=True)
        (norm2): BatchNorm1d(64, eps=1e-05, momentum=0.1, affine=True, track_running_stats=True)
        (dropout1): Dropout(p=0.1, inplace=False)
        (dropout2): Dropout(p=0.1, inplace=False)
      )
    )
  )
  (dropout1): Dropout(p=0.1, inplace=False)
  (output_layer): Linear(in_features=25920, out_features=2, bias=True)
)
Total number of parameters: 231682
Trainable parameters: 231682
Evaluating on validation set ...
Validation runtime: 0.0 hours, 0.0 minutes, 0.613847017288208 seconds

Avg val. time: 0.0 hours, 0.0 minutes, 0.613847017288208 seconds
Avg batch val. time: 0.153461754322052 seconds
Avg sample val. time: 0.0029943756940888195 seconds
Epoch 0 Validation Summary: epoch: 0.000000 | loss: 1.073836 | accuracy: 0.687805 | precision: 0.642871 | AUROC: 0.502963 | AUPRC: 0.351764 | 
Starting training...
Epoch 1 Training Summary: epoch: 1.000000 | loss: 0.662471 | 
Epoch runtime: 0.0 hours, 0.0 minutes, 0.18360137939453125 seconds

Avg epoch train. time: 0.0 hours, 0.0 minutes, 0.18360137939453125 seconds
Avg batch train. time: 0.04590034484863281 seconds
Avg sample train. time: 0.0009000067617378983 seconds
Evaluating on validation set ...
Validation runtime: 0.0 hours, 0.0 minutes, 0.06254720687866211 seconds

Avg val. time: 0.0 hours, 0.0 minutes, 0.33819711208343506 seconds
Avg batch val. time: 0.08454927802085876 seconds
Avg sample val. time: 0.0016497420101630978 seconds
Epoch 1 Validation Summary: epoch: 1.000000 | loss: 0.685616 | accuracy: 0.673171 | precision: 0.642450 | AUROC: 0.573376 | AUPRC: 0.414371 | 
Best accuracy was 0.6878048780487804. Other metrics: OrderedDict([('epoch', 0), ('loss', 1.0738355497034584), ('accuracy', 0.6878048780487804), ('precision', 0.6428714832198378), ('AUROC', 0.502963489805595), ('AUPRC', 0.35176394679660217)])
All Done!
Total runtime: 0.0 hours, 0.0 minutes, 7.972054481506348 seconds

