Running:
src/main.py --output_dir experiments --comment classification from Scratch --name Heartbeat_fromScratch --records_file Classification_records.xls --data_dir ./data/Classification/Heartbeat/ --data_class tsra --pattern TRAIN --val_pattern TEST --epochs 1 --lr 0.001 --optimizer RAdam --pos_encoding learnable --task classification --key_metric accuracy

Using device: cuda
Loading and preprocessing data ...
204 samples may be used for training
205 samples will be used for validation
0 samples will be used for testing
Creating model ...
Model:
TSTransformerEncoderClassiregressor(
  (project_inp): Linear(in_features=61, out_features=64, bias=True)
  (pos_enc): LearnablePositionalEncoding(
    (dropout): Dropout(p=0.1, inplace=False)
  )
  (transformer_encoder): TransformerEncoder(
    (layers): ModuleList(
      (0): TransformerBatchNormEncoderLayer(
        (self_attn): MultiheadAttention(
          (out_proj): NonDynamicallyQuantizableLinear(in_features=64, out_features=64, bias=True)
        )
        (linear1): Linear(in_features=64, out_features=256, bias=True)
        (dropout): Dropout(p=0.1, inplace=False)
        (linear2): Linear(in_features=256, out_features=64, bias=True)
        (norm1): BatchNorm1d(64, eps=1e-05, momentum=0.1, affine=True, track_running_stats=True)
        (norm2): BatchNorm1d(64, eps=1e-05, momentum=0.1, affine=True, track_running_stats=True)
        (dropout1): Dropout(p=0.1, inplace=False)
        (dropout2): Dropout(p=0.1, inplace=False)
      )
      (1): TransformerBatchNormEncoderLayer(
        (self_attn): MultiheadAttention(
          (out_proj): NonDynamicallyQuantizableLinear(in_features=64, out_features=64, bias=True)
        )
        (linear1): Linear(in_features=64, out_features=256, bias=True)
        (dropout): Dropout(p=0.1, inplace=False)
        (linear2): Linear(in_features=256, out_features=64, bias=True)
        (norm1): BatchNorm1d(64, eps=1e-05, momentum=0.1, affine=True, track_running_stats=True)
        (norm2): BatchNorm1d(64, eps=1e-05, momentum=0.1, affine=True, track_running_stats=True)
        (dropout1): Dropout(p=0.1, inplace=False)
        (dropout2): Dropout(p=0.1, inplace=False)
      )
      (2): TransformerBatchNormEncoderLayer(
        (self_attn): MultiheadAttention(
          (out_proj): NonDynamicallyQuantizableLinear(in_features=64, out_features=64, bias=True)
        )
        (linear1): Linear(in_features=64, out_features=256, bias=True)
        (dropout): Dropout(p=0.1, inplace=False)
        (linear2): Linear(in_features=256, out_features=64, bias=True)
        (norm1): BatchNorm1d(64, eps=1e-05, momentum=0.1, affine=True, track_running_stats=True)
        (norm2): BatchNorm1d(64, eps=1e-05, momentum=0.1, affine=True, track_running_stats=True)
        (dropout1): Dropout(p=0.1, inplace=False)
        (dropout2): Dropout(p=0.1, inplace=False)
      )
    )
  )
  (dropout1): Dropout(p=0.1, inplace=False)
  (output_layer): Linear(in_features=25920, out_features=2, bias=True)
)
Total number of parameters: 231682
Trainable parameters: 231682
Evaluating on validation set ...
Validation runtime: 0.0 hours, 0.0 minutes, 0.5737788677215576 seconds

Avg val. time: 0.0 hours, 0.0 minutes, 0.5737788677215576 seconds
Avg batch val. time: 0.1434447169303894 seconds
Avg sample val. time: 0.0027989213059588175 seconds
Epoch 0 Validation Summary: epoch: 0.000000 | loss: 4.764559 | accuracy: 0.346341 | precision: 0.634568 | AUROC: 0.619488 | AUPRC: 0.425491 | 
Starting training...
Epoch 1 Training Summary: epoch: 1.000000 | loss: 0.791111 | 
Epoch runtime: 0.0 hours, 0.0 minutes, 0.1830894947052002 seconds

Avg epoch train. time: 0.0 hours, 0.0 minutes, 0.1830894947052002 seconds
Avg batch train. time: 0.04577237367630005 seconds
Avg sample train. time: 0.0008974975230647068 seconds
Evaluating on validation set ...
Validation runtime: 0.0 hours, 0.0 minutes, 0.06361103057861328 seconds

Avg val. time: 0.0 hours, 0.0 minutes, 0.31869494915008545 seconds
Avg batch val. time: 0.07967373728752136 seconds
Avg sample val. time: 0.0015546095080491973 seconds
Epoch 1 Validation Summary: epoch: 1.000000 | loss: 0.877487 | accuracy: 0.365854 | precision: 0.558621 | AUROC: 0.557610 | AUPRC: 0.373914 | 
Best accuracy was 0.36585365853658536. Other metrics: OrderedDict([('epoch', 1), ('loss', 0.8774869918823243), ('accuracy', 0.36585365853658536), ('precision', 0.5586211970716993), ('AUROC', 0.5576102418207682), ('AUPRC', 0.37391390614622555)])
All Done!
Total runtime: 0.0 hours, 0.0 minutes, 5.765205144882202 seconds

