Running:
src/main.py --output_dir experiments --comment classification from Scratch --name Heartbeat_fromScratch --records_file Classification_records.xls --data_dir ./data/Classification/Heartbeat/ --data_class tsra --pattern TRAIN --val_pattern TEST --epochs 1 --lr 0.001 --optimizer RAdam --pos_encoding learnable --task classification --key_metric accuracy

Using device: cuda
Loading and preprocessing data ...
204 samples may be used for training
205 samples will be used for validation
0 samples will be used for testing
Creating model ...
Model:
TSTransformerEncoderClassiregressor(
  (project_inp): Linear(in_features=61, out_features=64, bias=True)
  (pos_enc): LearnablePositionalEncoding(
    (dropout): Dropout(p=0.1, inplace=False)
  )
  (transformer_encoder): TransformerEncoder(
    (layers): ModuleList(
      (0): TransformerBatchNormEncoderLayer(
        (self_attn): MultiheadAttention(
          (out_proj): NonDynamicallyQuantizableLinear(in_features=64, out_features=64, bias=True)
        )
        (linear1): Linear(in_features=64, out_features=256, bias=True)
        (dropout): Dropout(p=0.1, inplace=False)
        (linear2): Linear(in_features=256, out_features=64, bias=True)
        (norm1): BatchNorm1d(64, eps=1e-05, momentum=0.1, affine=True, track_running_stats=True)
        (norm2): BatchNorm1d(64, eps=1e-05, momentum=0.1, affine=True, track_running_stats=True)
        (dropout1): Dropout(p=0.1, inplace=False)
        (dropout2): Dropout(p=0.1, inplace=False)
      )
      (1): TransformerBatchNormEncoderLayer(
        (self_attn): MultiheadAttention(
          (out_proj): NonDynamicallyQuantizableLinear(in_features=64, out_features=64, bias=True)
        )
        (linear1): Linear(in_features=64, out_features=256, bias=True)
        (dropout): Dropout(p=0.1, inplace=False)
        (linear2): Linear(in_features=256, out_features=64, bias=True)
        (norm1): BatchNorm1d(64, eps=1e-05, momentum=0.1, affine=True, track_running_stats=True)
        (norm2): BatchNorm1d(64, eps=1e-05, momentum=0.1, affine=True, track_running_stats=True)
        (dropout1): Dropout(p=0.1, inplace=False)
        (dropout2): Dropout(p=0.1, inplace=False)
      )
      (2): TransformerBatchNormEncoderLayer(
        (self_attn): MultiheadAttention(
          (out_proj): NonDynamicallyQuantizableLinear(in_features=64, out_features=64, bias=True)
        )
        (linear1): Linear(in_features=64, out_features=256, bias=True)
        (dropout): Dropout(p=0.1, inplace=False)
        (linear2): Linear(in_features=256, out_features=64, bias=True)
        (norm1): BatchNorm1d(64, eps=1e-05, momentum=0.1, affine=True, track_running_stats=True)
        (norm2): BatchNorm1d(64, eps=1e-05, momentum=0.1, affine=True, track_running_stats=True)
        (dropout1): Dropout(p=0.1, inplace=False)
        (dropout2): Dropout(p=0.1, inplace=False)
      )
    )
  )
  (dropout1): Dropout(p=0.1, inplace=False)
  (output_layer): Linear(in_features=25920, out_features=2, bias=True)
)
Total number of parameters: 231682
Trainable parameters: 231682
Evaluating on validation set ...
Validation runtime: 0.0 hours, 0.0 minutes, 0.5762817859649658 seconds

Avg val. time: 0.0 hours, 0.0 minutes, 0.5762817859649658 seconds
Avg batch val. time: 0.14407044649124146 seconds
Avg sample val. time: 0.0028111306632437358 seconds
Epoch 0 Validation Summary: epoch: 0.000000 | loss: 1.574971 | accuracy: 0.400000 | precision: 0.596325 | AUROC: 0.529042 | AUPRC: 0.328794 | 
Starting training...
Epoch 1 Training Summary: epoch: 1.000000 | loss: 0.716538 | 
Epoch runtime: 0.0 hours, 0.0 minutes, 0.18058538436889648 seconds

Avg epoch train. time: 0.0 hours, 0.0 minutes, 0.18058538436889648 seconds
Avg batch train. time: 0.04514634609222412 seconds
Avg sample train. time: 0.0008852224723965514 seconds
Evaluating on validation set ...
Validation runtime: 0.0 hours, 0.0 minutes, 0.06255531311035156 seconds

Avg val. time: 0.0 hours, 0.0 minutes, 0.3194185495376587 seconds
Avg batch val. time: 0.07985463738441467 seconds
Avg sample val. time: 0.0015581392660373595 seconds
Epoch 1 Validation Summary: epoch: 1.000000 | loss: 0.693987 | accuracy: 0.473171 | precision: 0.576864 | AUROC: 0.435040 | AUPRC: 0.273949 | 
Best accuracy was 0.47317073170731705. Other metrics: OrderedDict([('epoch', 1), ('loss', 0.6939865391428878), ('accuracy', 0.47317073170731705), ('precision', 0.5768641114982579), ('AUROC', 0.43504030346135614), ('AUPRC', 0.27394891748411737)])
All Done!
Total runtime: 0.0 hours, 0.0 minutes, 5.474868059158325 seconds

