Running:
src/main.py --output_dir experiments --comment classification from Scratch --name Heartbeat_fromScratch --records_file Classification_records.xls --data_dir ./data/Classification/Heartbeat/ --data_class tsra --pattern TRAIN --val_pattern TEST --epochs 1 --lr 0.001 --optimizer RAdam --pos_encoding learnable --task classification --key_metric accuracy

Using device: cuda
Loading and preprocessing data ...
204 samples may be used for training
205 samples will be used for validation
0 samples will be used for testing
Creating model ...
Model:
TSTransformerEncoderClassiregressor(
  (project_inp): Linear(in_features=61, out_features=64, bias=True)
  (pos_enc): LearnablePositionalEncoding(
    (dropout): Dropout(p=0.1, inplace=False)
  )
  (transformer_encoder): TransformerEncoder(
    (layers): ModuleList(
      (0): TransformerBatchNormEncoderLayer(
        (self_attn): MultiheadAttention(
          (out_proj): NonDynamicallyQuantizableLinear(in_features=64, out_features=64, bias=True)
        )
        (linear1): Linear(in_features=64, out_features=256, bias=True)
        (dropout): Dropout(p=0.1, inplace=False)
        (linear2): Linear(in_features=256, out_features=64, bias=True)
        (norm1): BatchNorm1d(64, eps=1e-05, momentum=0.1, affine=True, track_running_stats=True)
        (norm2): BatchNorm1d(64, eps=1e-05, momentum=0.1, affine=True, track_running_stats=True)
        (dropout1): Dropout(p=0.1, inplace=False)
        (dropout2): Dropout(p=0.1, inplace=False)
      )
      (1): TransformerBatchNormEncoderLayer(
        (self_attn): MultiheadAttention(
          (out_proj): NonDynamicallyQuantizableLinear(in_features=64, out_features=64, bias=True)
        )
        (linear1): Linear(in_features=64, out_features=256, bias=True)
        (dropout): Dropout(p=0.1, inplace=False)
        (linear2): Linear(in_features=256, out_features=64, bias=True)
        (norm1): BatchNorm1d(64, eps=1e-05, momentum=0.1, affine=True, track_running_stats=True)
        (norm2): BatchNorm1d(64, eps=1e-05, momentum=0.1, affine=True, track_running_stats=True)
        (dropout1): Dropout(p=0.1, inplace=False)
        (dropout2): Dropout(p=0.1, inplace=False)
      )
      (2): TransformerBatchNormEncoderLayer(
        (self_attn): MultiheadAttention(
          (out_proj): NonDynamicallyQuantizableLinear(in_features=64, out_features=64, bias=True)
        )
        (linear1): Linear(in_features=64, out_features=256, bias=True)
        (dropout): Dropout(p=0.1, inplace=False)
        (linear2): Linear(in_features=256, out_features=64, bias=True)
        (norm1): BatchNorm1d(64, eps=1e-05, momentum=0.1, affine=True, track_running_stats=True)
        (norm2): BatchNorm1d(64, eps=1e-05, momentum=0.1, affine=True, track_running_stats=True)
        (dropout1): Dropout(p=0.1, inplace=False)
        (dropout2): Dropout(p=0.1, inplace=False)
      )
    )
  )
  (dropout1): Dropout(p=0.1, inplace=False)
  (output_layer): Linear(in_features=25920, out_features=2, bias=True)
)
Total number of parameters: 231682
Trainable parameters: 231682
Evaluating on validation set ...
Validation runtime: 0.0 hours, 0.0 minutes, 0.5663423538208008 seconds

Avg val. time: 0.0 hours, 0.0 minutes, 0.5663423538208008 seconds
Avg batch val. time: 0.1415855884552002 seconds
Avg sample val. time: 0.0027626456283941503 seconds
Epoch 0 Validation Summary: epoch: 0.000000 | loss: 1.713560 | accuracy: 0.629268 | precision: 0.538732 | AUROC: 0.292200 | AUPRC: 0.197622 | 
Starting training...
Epoch 1 Training Summary: epoch: 1.000000 | loss: 0.689632 | 
Epoch runtime: 0.0 hours, 0.0 minutes, 0.1786947250366211 seconds

Avg epoch train. time: 0.0 hours, 0.0 minutes, 0.1786947250366211 seconds
Avg batch train. time: 0.04467368125915527 seconds
Avg sample train. time: 0.0008759545344932407 seconds
Evaluating on validation set ...
Validation runtime: 0.0 hours, 0.0 minutes, 0.06146049499511719 seconds

Avg val. time: 0.0 hours, 0.0 minutes, 0.313901424407959 seconds
Avg batch val. time: 0.07847535610198975 seconds
Avg sample val. time: 0.001531226460526629 seconds
Epoch 1 Validation Summary: epoch: 1.000000 | loss: 0.774565 | accuracy: 0.687805 | precision: 0.667886 | AUROC: 0.509483 | AUPRC: 0.345152 | 
Best accuracy was 0.6878048780487804. Other metrics: OrderedDict([('epoch', 1), ('loss', 0.7745649105165063), ('accuracy', 0.6878048780487804), ('precision', 0.6678861788617886), ('AUROC', 0.5094831673779041), ('AUPRC', 0.3451518895022882)])
All Done!
Total runtime: 0.0 hours, 0.0 minutes, 5.34203314781189 seconds

