Running:
src/main.py --output_dir experiments --comment classification from Scratch --name Heartbeat_fromScratch --records_file Classification_records.xls --data_dir ./data/Classification/Heartbeat/ --data_class tsra --pattern TRAIN --val_pattern TEST --epochs 1 --lr 0.001 --optimizer RAdam --pos_encoding learnable --task classification --key_metric accuracy

Using device: cuda
Loading and preprocessing data ...
204 samples may be used for training
205 samples will be used for validation
0 samples will be used for testing
Creating model ...
Model:
TSTransformerEncoderClassiregressor(
  (project_inp): Linear(in_features=61, out_features=64, bias=True)
  (pos_enc): LearnablePositionalEncoding(
    (dropout): Dropout(p=0.1, inplace=False)
  )
  (transformer_encoder): TransformerEncoder(
    (layers): ModuleList(
      (0): TransformerBatchNormEncoderLayer(
        (self_attn): MultiheadAttention(
          (out_proj): NonDynamicallyQuantizableLinear(in_features=64, out_features=64, bias=True)
        )
        (linear1): Linear(in_features=64, out_features=256, bias=True)
        (dropout): Dropout(p=0.1, inplace=False)
        (linear2): Linear(in_features=256, out_features=64, bias=True)
        (norm1): BatchNorm1d(64, eps=1e-05, momentum=0.1, affine=True, track_running_stats=True)
        (norm2): BatchNorm1d(64, eps=1e-05, momentum=0.1, affine=True, track_running_stats=True)
        (dropout1): Dropout(p=0.1, inplace=False)
        (dropout2): Dropout(p=0.1, inplace=False)
      )
      (1): TransformerBatchNormEncoderLayer(
        (self_attn): MultiheadAttention(
          (out_proj): NonDynamicallyQuantizableLinear(in_features=64, out_features=64, bias=True)
        )
        (linear1): Linear(in_features=64, out_features=256, bias=True)
        (dropout): Dropout(p=0.1, inplace=False)
        (linear2): Linear(in_features=256, out_features=64, bias=True)
        (norm1): BatchNorm1d(64, eps=1e-05, momentum=0.1, affine=True, track_running_stats=True)
        (norm2): BatchNorm1d(64, eps=1e-05, momentum=0.1, affine=True, track_running_stats=True)
        (dropout1): Dropout(p=0.1, inplace=False)
        (dropout2): Dropout(p=0.1, inplace=False)
      )
      (2): TransformerBatchNormEncoderLayer(
        (self_attn): MultiheadAttention(
          (out_proj): NonDynamicallyQuantizableLinear(in_features=64, out_features=64, bias=True)
        )
        (linear1): Linear(in_features=64, out_features=256, bias=True)
        (dropout): Dropout(p=0.1, inplace=False)
        (linear2): Linear(in_features=256, out_features=64, bias=True)
        (norm1): BatchNorm1d(64, eps=1e-05, momentum=0.1, affine=True, track_running_stats=True)
        (norm2): BatchNorm1d(64, eps=1e-05, momentum=0.1, affine=True, track_running_stats=True)
        (dropout1): Dropout(p=0.1, inplace=False)
        (dropout2): Dropout(p=0.1, inplace=False)
      )
    )
  )
  (dropout1): Dropout(p=0.1, inplace=False)
  (output_layer): Linear(in_features=25920, out_features=2, bias=True)
)
Total number of parameters: 231682
Trainable parameters: 231682
Evaluating on validation set ...
Validation runtime: 0.0 hours, 0.0 minutes, 0.570671558380127 seconds

Avg val. time: 0.0 hours, 0.0 minutes, 0.570671558380127 seconds
Avg batch val. time: 0.14266788959503174 seconds
Avg sample val. time: 0.0027837636994152534 seconds
Epoch 0 Validation Summary: epoch: 0.000000 | loss: 2.368903 | accuracy: 0.331707 | precision: 0.518726 | AUROC: 0.500000 | AUPRC: 0.329460 | 
Starting training...
Epoch 1 Training Summary: epoch: 1.000000 | loss: 0.735979 | 
Epoch runtime: 0.0 hours, 0.0 minutes, 0.17936944961547852 seconds

Avg epoch train. time: 0.0 hours, 0.0 minutes, 0.17936944961547852 seconds
Avg batch train. time: 0.04484236240386963 seconds
Avg sample train. time: 0.0008792620079190124 seconds
Evaluating on validation set ...
Validation runtime: 0.0 hours, 0.0 minutes, 0.061521291732788086 seconds

Avg val. time: 0.0 hours, 0.0 minutes, 0.3160964250564575 seconds
Avg batch val. time: 0.07902410626411438 seconds
Avg sample val. time: 0.0015419337807632074 seconds
Epoch 1 Validation Summary: epoch: 1.000000 | loss: 0.702968 | accuracy: 0.614634 | precision: 0.624846 | AUROC: 0.498933 | AUPRC: 0.291007 | 
Best accuracy was 0.6146341463414634. Other metrics: OrderedDict([('epoch', 1), ('loss', 0.7029682996796398), ('accuracy', 0.6146341463414634), ('precision', 0.6248458072218891), ('AUROC', 0.49893314366998576), ('AUPRC', 0.29100684525791565)])
All Done!
Total runtime: 0.0 hours, 0.0 minutes, 5.397519826889038 seconds

