Running:
src/main.py --output_dir experiments --comment classification from Scratch --name Heartbeat_fromScratch --records_file Classification_records.xls --data_dir ./data/Classification/Heartbeat/ --data_class tsra --pattern TRAIN --val_pattern TEST --epochs 1 --lr 0.001 --optimizer RAdam --pos_encoding learnable --task classification --key_metric accuracy

Using device: cuda
Loading and preprocessing data ...
204 samples may be used for training
205 samples will be used for validation
0 samples will be used for testing
Creating model ...
Model:
TSTransformerEncoderClassiregressor(
  (project_inp): Linear(in_features=61, out_features=64, bias=True)
  (pos_enc): LearnablePositionalEncoding(
    (dropout): Dropout(p=0.1, inplace=False)
  )
  (transformer_encoder): TransformerEncoder(
    (layers): ModuleList(
      (0): TransformerBatchNormEncoderLayer(
        (self_attn): MultiheadAttention(
          (out_proj): NonDynamicallyQuantizableLinear(in_features=64, out_features=64, bias=True)
        )
        (linear1): Linear(in_features=64, out_features=256, bias=True)
        (dropout): Dropout(p=0.1, inplace=False)
        (linear2): Linear(in_features=256, out_features=64, bias=True)
        (norm1): BatchNorm1d(64, eps=1e-05, momentum=0.1, affine=True, track_running_stats=True)
        (norm2): BatchNorm1d(64, eps=1e-05, momentum=0.1, affine=True, track_running_stats=True)
        (dropout1): Dropout(p=0.1, inplace=False)
        (dropout2): Dropout(p=0.1, inplace=False)
      )
      (1): TransformerBatchNormEncoderLayer(
        (self_attn): MultiheadAttention(
          (out_proj): NonDynamicallyQuantizableLinear(in_features=64, out_features=64, bias=True)
        )
        (linear1): Linear(in_features=64, out_features=256, bias=True)
        (dropout): Dropout(p=0.1, inplace=False)
        (linear2): Linear(in_features=256, out_features=64, bias=True)
        (norm1): BatchNorm1d(64, eps=1e-05, momentum=0.1, affine=True, track_running_stats=True)
        (norm2): BatchNorm1d(64, eps=1e-05, momentum=0.1, affine=True, track_running_stats=True)
        (dropout1): Dropout(p=0.1, inplace=False)
        (dropout2): Dropout(p=0.1, inplace=False)
      )
      (2): TransformerBatchNormEncoderLayer(
        (self_attn): MultiheadAttention(
          (out_proj): NonDynamicallyQuantizableLinear(in_features=64, out_features=64, bias=True)
        )
        (linear1): Linear(in_features=64, out_features=256, bias=True)
        (dropout): Dropout(p=0.1, inplace=False)
        (linear2): Linear(in_features=256, out_features=64, bias=True)
        (norm1): BatchNorm1d(64, eps=1e-05, momentum=0.1, affine=True, track_running_stats=True)
        (norm2): BatchNorm1d(64, eps=1e-05, momentum=0.1, affine=True, track_running_stats=True)
        (dropout1): Dropout(p=0.1, inplace=False)
        (dropout2): Dropout(p=0.1, inplace=False)
      )
    )
  )
  (dropout1): Dropout(p=0.1, inplace=False)
  (output_layer): Linear(in_features=25920, out_features=2, bias=True)
)
Total number of parameters: 231682
Trainable parameters: 231682
Evaluating on validation set ...
Validation runtime: 0.0 hours, 0.0 minutes, 0.5819644927978516 seconds

Avg val. time: 0.0 hours, 0.0 minutes, 0.5819644927978516 seconds
Avg batch val. time: 0.1454911231994629 seconds
Avg sample val. time: 0.002838851184379764 seconds
Epoch 0 Validation Summary: epoch: 0.000000 | loss: 1.929070 | accuracy: 0.692683 | precision: 0.668378 | AUROC: 0.509246 | AUPRC: 0.340266 | 
Starting training...
Epoch 1 Training Summary: epoch: 1.000000 | loss: 0.701716 | 
Epoch runtime: 0.0 hours, 0.0 minutes, 0.17351198196411133 seconds

Avg epoch train. time: 0.0 hours, 0.0 minutes, 0.17351198196411133 seconds
Avg batch train. time: 0.04337799549102783 seconds
Avg sample train. time: 0.0008505489311966242 seconds
Evaluating on validation set ...
Validation runtime: 0.0 hours, 0.0 minutes, 0.06066155433654785 seconds

Avg val. time: 0.0 hours, 0.0 minutes, 0.3213130235671997 seconds
Avg batch val. time: 0.08032825589179993 seconds
Avg sample val. time: 0.001567380602766828 seconds
Epoch 1 Validation Summary: epoch: 1.000000 | loss: 0.687740 | accuracy: 0.746341 | precision: 0.725217 | AUROC: 0.475225 | AUPRC: 0.359743 | 
Best accuracy was 0.7463414634146341. Other metrics: OrderedDict([('epoch', 1), ('loss', 0.6877395839225955), ('accuracy', 0.7463414634146341), ('precision', 0.7252174974816081), ('AUROC', 0.4752252252252252), ('AUPRC', 0.3597434006504197)])
All Done!
Total runtime: 0.0 hours, 0.0 minutes, 8.213962078094482 seconds

