Running:
src/main.py --output_dir experiments --comment classification from Scratch --name Heartbeat_fromScratch --records_file Classification_records.xls --data_dir ./data/Classification/Heartbeat/ --data_class tsra --pattern TRAIN --val_pattern TEST --epochs 1 --lr 0.001 --optimizer RAdam --pos_encoding learnable --task classification --key_metric accuracy

Using device: cuda
Loading and preprocessing data ...
204 samples may be used for training
205 samples will be used for validation
0 samples will be used for testing
Creating model ...
Model:
TSTransformerEncoderClassiregressor(
  (project_inp): Linear(in_features=61, out_features=64, bias=True)
  (pos_enc): LearnablePositionalEncoding(
    (dropout): Dropout(p=0.1, inplace=False)
  )
  (transformer_encoder): TransformerEncoder(
    (layers): ModuleList(
      (0): TransformerBatchNormEncoderLayer(
        (self_attn): MultiheadAttention(
          (out_proj): NonDynamicallyQuantizableLinear(in_features=64, out_features=64, bias=True)
        )
        (linear1): Linear(in_features=64, out_features=256, bias=True)
        (dropout): Dropout(p=0.1, inplace=False)
        (linear2): Linear(in_features=256, out_features=64, bias=True)
        (norm1): BatchNorm1d(64, eps=1e-05, momentum=0.1, affine=True, track_running_stats=True)
        (norm2): BatchNorm1d(64, eps=1e-05, momentum=0.1, affine=True, track_running_stats=True)
        (dropout1): Dropout(p=0.1, inplace=False)
        (dropout2): Dropout(p=0.1, inplace=False)
      )
      (1): TransformerBatchNormEncoderLayer(
        (self_attn): MultiheadAttention(
          (out_proj): NonDynamicallyQuantizableLinear(in_features=64, out_features=64, bias=True)
        )
        (linear1): Linear(in_features=64, out_features=256, bias=True)
        (dropout): Dropout(p=0.1, inplace=False)
        (linear2): Linear(in_features=256, out_features=64, bias=True)
        (norm1): BatchNorm1d(64, eps=1e-05, momentum=0.1, affine=True, track_running_stats=True)
        (norm2): BatchNorm1d(64, eps=1e-05, momentum=0.1, affine=True, track_running_stats=True)
        (dropout1): Dropout(p=0.1, inplace=False)
        (dropout2): Dropout(p=0.1, inplace=False)
      )
      (2): TransformerBatchNormEncoderLayer(
        (self_attn): MultiheadAttention(
          (out_proj): NonDynamicallyQuantizableLinear(in_features=64, out_features=64, bias=True)
        )
        (linear1): Linear(in_features=64, out_features=256, bias=True)
        (dropout): Dropout(p=0.1, inplace=False)
        (linear2): Linear(in_features=256, out_features=64, bias=True)
        (norm1): BatchNorm1d(64, eps=1e-05, momentum=0.1, affine=True, track_running_stats=True)
        (norm2): BatchNorm1d(64, eps=1e-05, momentum=0.1, affine=True, track_running_stats=True)
        (dropout1): Dropout(p=0.1, inplace=False)
        (dropout2): Dropout(p=0.1, inplace=False)
      )
    )
  )
  (dropout1): Dropout(p=0.1, inplace=False)
  (output_layer): Linear(in_features=25920, out_features=2, bias=True)
)
Total number of parameters: 231682
Trainable parameters: 231682
Evaluating on validation set ...
Validation runtime: 0.0 hours, 0.0 minutes, 0.5680346488952637 seconds

Avg val. time: 0.0 hours, 0.0 minutes, 0.5680346488952637 seconds
Avg batch val. time: 0.14200866222381592 seconds
Avg sample val. time: 0.0027709007263183594 seconds
Epoch 0 Validation Summary: epoch: 0.000000 | loss: 2.034710 | accuracy: 0.409756 | precision: 0.540516 | AUROC: 0.367473 | AUPRC: 0.225891 | 
Starting training...
Epoch 1 Training Summary: epoch: 1.000000 | loss: 0.748779 | 
Epoch runtime: 0.0 hours, 0.0 minutes, 0.17915725708007812 seconds

Avg epoch train. time: 0.0 hours, 0.0 minutes, 0.17915725708007812 seconds
Avg batch train. time: 0.04478931427001953 seconds
Avg sample train. time: 0.0008782218484317555 seconds
Evaluating on validation set ...
Validation runtime: 0.0 hours, 0.0 minutes, 0.060135602951049805 seconds

Avg val. time: 0.0 hours, 0.0 minutes, 0.31408512592315674 seconds
Avg batch val. time: 0.07852128148078918 seconds
Avg sample val. time: 0.0015321225654788134 seconds
Epoch 1 Validation Summary: epoch: 1.000000 | loss: 0.722185 | accuracy: 0.331707 | precision: 0.534814 | AUROC: 0.458393 | AUPRC: 0.293618 | 
Best accuracy was 0.4097560975609756. Other metrics: OrderedDict([('epoch', 0), ('loss', 2.0347097443371283), ('accuracy', 0.4097560975609756), ('precision', 0.5405164992826399), ('AUROC', 0.36747273589378854), ('AUPRC', 0.22589086389919033)])
All Done!
Total runtime: 0.0 hours, 0.0 minutes, 5.373561382293701 seconds

