Running:
src/main.py --output_dir experiments --comment classification from Scratch --name Heartbeat_fromScratch --records_file Classification_records.xls --data_dir ./data/Classification/Heartbeat/ --data_class tsra --pattern TRAIN --val_pattern TEST --epochs 1 --lr 0.001 --optimizer RAdam --pos_encoding learnable --task classification --key_metric accuracy

Using device: cuda
Loading and preprocessing data ...
204 samples may be used for training
205 samples will be used for validation
0 samples will be used for testing
Creating model ...
Model:
TSTransformerEncoderClassiregressor(
  (project_inp): Linear(in_features=61, out_features=64, bias=True)
  (pos_enc): LearnablePositionalEncoding(
    (dropout): Dropout(p=0.1, inplace=False)
  )
  (transformer_encoder): TransformerEncoder(
    (layers): ModuleList(
      (0): TransformerBatchNormEncoderLayer(
        (self_attn): MultiheadAttention(
          (out_proj): NonDynamicallyQuantizableLinear(in_features=64, out_features=64, bias=True)
        )
        (linear1): Linear(in_features=64, out_features=256, bias=True)
        (dropout): Dropout(p=0.1, inplace=False)
        (linear2): Linear(in_features=256, out_features=64, bias=True)
        (norm1): BatchNorm1d(64, eps=1e-05, momentum=0.1, affine=True, track_running_stats=True)
        (norm2): BatchNorm1d(64, eps=1e-05, momentum=0.1, affine=True, track_running_stats=True)
        (dropout1): Dropout(p=0.1, inplace=False)
        (dropout2): Dropout(p=0.1, inplace=False)
      )
      (1): TransformerBatchNormEncoderLayer(
        (self_attn): MultiheadAttention(
          (out_proj): NonDynamicallyQuantizableLinear(in_features=64, out_features=64, bias=True)
        )
        (linear1): Linear(in_features=64, out_features=256, bias=True)
        (dropout): Dropout(p=0.1, inplace=False)
        (linear2): Linear(in_features=256, out_features=64, bias=True)
        (norm1): BatchNorm1d(64, eps=1e-05, momentum=0.1, affine=True, track_running_stats=True)
        (norm2): BatchNorm1d(64, eps=1e-05, momentum=0.1, affine=True, track_running_stats=True)
        (dropout1): Dropout(p=0.1, inplace=False)
        (dropout2): Dropout(p=0.1, inplace=False)
      )
      (2): TransformerBatchNormEncoderLayer(
        (self_attn): MultiheadAttention(
          (out_proj): NonDynamicallyQuantizableLinear(in_features=64, out_features=64, bias=True)
        )
        (linear1): Linear(in_features=64, out_features=256, bias=True)
        (dropout): Dropout(p=0.1, inplace=False)
        (linear2): Linear(in_features=256, out_features=64, bias=True)
        (norm1): BatchNorm1d(64, eps=1e-05, momentum=0.1, affine=True, track_running_stats=True)
        (norm2): BatchNorm1d(64, eps=1e-05, momentum=0.1, affine=True, track_running_stats=True)
        (dropout1): Dropout(p=0.1, inplace=False)
        (dropout2): Dropout(p=0.1, inplace=False)
      )
    )
  )
  (dropout1): Dropout(p=0.1, inplace=False)
  (output_layer): Linear(in_features=25920, out_features=2, bias=True)
)
Total number of parameters: 231682
Trainable parameters: 231682
Evaluating on validation set ...
Validation runtime: 0.0 hours, 0.0 minutes, 0.5786831378936768 seconds

Avg val. time: 0.0 hours, 0.0 minutes, 0.5786831378936768 seconds
Avg batch val. time: 0.1446707844734192 seconds
Avg sample val. time: 0.002822844575091106 seconds
Epoch 0 Validation Summary: epoch: 0.000000 | loss: 1.434039 | accuracy: 0.448780 | precision: 0.687161 | AUROC: 0.669037 | AUPRC: 0.402378 | 
Starting training...
Epoch 1 Training Summary: epoch: 1.000000 | loss: 0.751264 | 
Epoch runtime: 0.0 hours, 0.0 minutes, 0.17489290237426758 seconds

Avg epoch train. time: 0.0 hours, 0.0 minutes, 0.17489290237426758 seconds
Avg batch train. time: 0.043723225593566895 seconds
Avg sample train. time: 0.0008573181488934686 seconds
Evaluating on validation set ...
Validation runtime: 0.0 hours, 0.0 minutes, 0.06397271156311035 seconds

Avg val. time: 0.0 hours, 0.0 minutes, 0.32132792472839355 seconds
Avg batch val. time: 0.08033198118209839 seconds
Avg sample val. time: 0.0015674532913580173 seconds
Epoch 1 Validation Summary: epoch: 1.000000 | loss: 0.708663 | accuracy: 0.595122 | precision: 0.672929 | AUROC: 0.644026 | AUPRC: 0.404556 | 
Best accuracy was 0.5951219512195122. Other metrics: OrderedDict([('epoch', 1), ('loss', 0.7086630007115806), ('accuracy', 0.5951219512195122), ('precision', 0.6729285590728248), ('AUROC', 0.6440256045519204), ('AUPRC', 0.40455616447224146)])
All Done!
Total runtime: 0.0 hours, 0.0 minutes, 5.7877233028411865 seconds

