Running:
src/main.py --output_dir experiments --comment classification from Scratch --name Heartbeat_fromScratch --records_file Classification_records.xls --data_dir ./data/Classification/Heartbeat/ --data_class tsra --pattern TRAIN --val_pattern TEST --epochs 1 --lr 0.001 --optimizer RAdam --pos_encoding learnable --task classification --key_metric accuracy

Using device: cuda
Loading and preprocessing data ...
204 samples may be used for training
205 samples will be used for validation
0 samples will be used for testing
Creating model ...
Model:
TSTransformerEncoderClassiregressor(
  (project_inp): Linear(in_features=61, out_features=64, bias=True)
  (pos_enc): LearnablePositionalEncoding(
    (dropout): Dropout(p=0.1, inplace=False)
  )
  (transformer_encoder): TransformerEncoder(
    (layers): ModuleList(
      (0): TransformerBatchNormEncoderLayer(
        (self_attn): MultiheadAttention(
          (out_proj): NonDynamicallyQuantizableLinear(in_features=64, out_features=64, bias=True)
        )
        (linear1): Linear(in_features=64, out_features=256, bias=True)
        (dropout): Dropout(p=0.1, inplace=False)
        (linear2): Linear(in_features=256, out_features=64, bias=True)
        (norm1): BatchNorm1d(64, eps=1e-05, momentum=0.1, affine=True, track_running_stats=True)
        (norm2): BatchNorm1d(64, eps=1e-05, momentum=0.1, affine=True, track_running_stats=True)
        (dropout1): Dropout(p=0.1, inplace=False)
        (dropout2): Dropout(p=0.1, inplace=False)
      )
      (1): TransformerBatchNormEncoderLayer(
        (self_attn): MultiheadAttention(
          (out_proj): NonDynamicallyQuantizableLinear(in_features=64, out_features=64, bias=True)
        )
        (linear1): Linear(in_features=64, out_features=256, bias=True)
        (dropout): Dropout(p=0.1, inplace=False)
        (linear2): Linear(in_features=256, out_features=64, bias=True)
        (norm1): BatchNorm1d(64, eps=1e-05, momentum=0.1, affine=True, track_running_stats=True)
        (norm2): BatchNorm1d(64, eps=1e-05, momentum=0.1, affine=True, track_running_stats=True)
        (dropout1): Dropout(p=0.1, inplace=False)
        (dropout2): Dropout(p=0.1, inplace=False)
      )
      (2): TransformerBatchNormEncoderLayer(
        (self_attn): MultiheadAttention(
          (out_proj): NonDynamicallyQuantizableLinear(in_features=64, out_features=64, bias=True)
        )
        (linear1): Linear(in_features=64, out_features=256, bias=True)
        (dropout): Dropout(p=0.1, inplace=False)
        (linear2): Linear(in_features=256, out_features=64, bias=True)
        (norm1): BatchNorm1d(64, eps=1e-05, momentum=0.1, affine=True, track_running_stats=True)
        (norm2): BatchNorm1d(64, eps=1e-05, momentum=0.1, affine=True, track_running_stats=True)
        (dropout1): Dropout(p=0.1, inplace=False)
        (dropout2): Dropout(p=0.1, inplace=False)
      )
    )
  )
  (dropout1): Dropout(p=0.1, inplace=False)
  (output_layer): Linear(in_features=25920, out_features=2, bias=True)
)
Total number of parameters: 231682
Trainable parameters: 231682
Evaluating on validation set ...
Validation runtime: 0.0 hours, 0.0 minutes, 0.560671329498291 seconds

Avg val. time: 0.0 hours, 0.0 minutes, 0.560671329498291 seconds
Avg batch val. time: 0.14016783237457275 seconds
Avg sample val. time: 0.002734982095113615 seconds
Epoch 0 Validation Summary: epoch: 0.000000 | loss: 1.438361 | accuracy: 0.556098 | precision: 0.613775 | AUROC: 0.457326 | AUPRC: 0.298566 | 
Starting training...
Epoch 1 Training Summary: epoch: 1.000000 | loss: 0.690663 | 
Epoch runtime: 0.0 hours, 0.0 minutes, 0.17806339263916016 seconds

Avg epoch train. time: 0.0 hours, 0.0 minutes, 0.17806339263916016 seconds
Avg batch train. time: 0.04451584815979004 seconds
Avg sample train. time: 0.0008728597678390204 seconds
Evaluating on validation set ...
Validation runtime: 0.0 hours, 0.0 minutes, 0.07534027099609375 seconds

Avg val. time: 0.0 hours, 0.0 minutes, 0.3180058002471924 seconds
Avg batch val. time: 0.0795014500617981 seconds
Avg sample val. time: 0.0015512478060838652 seconds
Epoch 1 Validation Summary: epoch: 1.000000 | loss: 0.727658 | accuracy: 0.687805 | precision: 0.661154 | AUROC: 0.513632 | AUPRC: 0.359161 | 
Best accuracy was 0.6878048780487804. Other metrics: OrderedDict([('epoch', 1), ('loss', 0.7276580624464082), ('accuracy', 0.6878048780487804), ('precision', 0.6611540749553837), ('AUROC', 0.5136320531057372), ('AUPRC', 0.35916082317068565)])
All Done!
Total runtime: 0.0 hours, 0.0 minutes, 7.8823652267456055 seconds

