Running:
src/main.py --output_dir experiments --comment classification from Scratch --name Heartbeat_fromScratch --records_file Classification_records.xls --data_dir ./data/Classification/Heartbeat/ --data_class tsra --pattern TRAIN --val_pattern TEST --epochs 1 --lr 0.001 --optimizer RAdam --pos_encoding learnable --task classification --key_metric accuracy

Using device: cuda
Loading and preprocessing data ...
204 samples may be used for training
205 samples will be used for validation
0 samples will be used for testing
Creating model ...
Model:
TSTransformerEncoderClassiregressor(
  (project_inp): Linear(in_features=61, out_features=64, bias=True)
  (pos_enc): LearnablePositionalEncoding(
    (dropout): Dropout(p=0.1, inplace=False)
  )
  (transformer_encoder): TransformerEncoder(
    (layers): ModuleList(
      (0): TransformerBatchNormEncoderLayer(
        (self_attn): MultiheadAttention(
          (out_proj): NonDynamicallyQuantizableLinear(in_features=64, out_features=64, bias=True)
        )
        (linear1): Linear(in_features=64, out_features=256, bias=True)
        (dropout): Dropout(p=0.1, inplace=False)
        (linear2): Linear(in_features=256, out_features=64, bias=True)
        (norm1): BatchNorm1d(64, eps=1e-05, momentum=0.1, affine=True, track_running_stats=True)
        (norm2): BatchNorm1d(64, eps=1e-05, momentum=0.1, affine=True, track_running_stats=True)
        (dropout1): Dropout(p=0.1, inplace=False)
        (dropout2): Dropout(p=0.1, inplace=False)
      )
      (1): TransformerBatchNormEncoderLayer(
        (self_attn): MultiheadAttention(
          (out_proj): NonDynamicallyQuantizableLinear(in_features=64, out_features=64, bias=True)
        )
        (linear1): Linear(in_features=64, out_features=256, bias=True)
        (dropout): Dropout(p=0.1, inplace=False)
        (linear2): Linear(in_features=256, out_features=64, bias=True)
        (norm1): BatchNorm1d(64, eps=1e-05, momentum=0.1, affine=True, track_running_stats=True)
        (norm2): BatchNorm1d(64, eps=1e-05, momentum=0.1, affine=True, track_running_stats=True)
        (dropout1): Dropout(p=0.1, inplace=False)
        (dropout2): Dropout(p=0.1, inplace=False)
      )
      (2): TransformerBatchNormEncoderLayer(
        (self_attn): MultiheadAttention(
          (out_proj): NonDynamicallyQuantizableLinear(in_features=64, out_features=64, bias=True)
        )
        (linear1): Linear(in_features=64, out_features=256, bias=True)
        (dropout): Dropout(p=0.1, inplace=False)
        (linear2): Linear(in_features=256, out_features=64, bias=True)
        (norm1): BatchNorm1d(64, eps=1e-05, momentum=0.1, affine=True, track_running_stats=True)
        (norm2): BatchNorm1d(64, eps=1e-05, momentum=0.1, affine=True, track_running_stats=True)
        (dropout1): Dropout(p=0.1, inplace=False)
        (dropout2): Dropout(p=0.1, inplace=False)
      )
    )
  )
  (dropout1): Dropout(p=0.1, inplace=False)
  (output_layer): Linear(in_features=25920, out_features=2, bias=True)
)
Total number of parameters: 231682
Trainable parameters: 231682
Evaluating on validation set ...
Validation runtime: 0.0 hours, 0.0 minutes, 0.5698091983795166 seconds

Avg val. time: 0.0 hours, 0.0 minutes, 0.5698091983795166 seconds
Avg batch val. time: 0.14245229959487915 seconds
Avg sample val. time: 0.002779557065265935 seconds
Epoch 0 Validation Summary: epoch: 0.000000 | loss: 1.274987 | accuracy: 0.531707 | precision: 0.622315 | AUROC: 0.527620 | AUPRC: 0.360748 | 
Starting training...
Epoch 1 Training Summary: epoch: 1.000000 | loss: 0.657806 | 
Epoch runtime: 0.0 hours, 0.0 minutes, 0.17593073844909668 seconds

Avg epoch train. time: 0.0 hours, 0.0 minutes, 0.17593073844909668 seconds
Avg batch train. time: 0.04398268461227417 seconds
Avg sample train. time: 0.0008624055806328269 seconds
Evaluating on validation set ...
Validation runtime: 0.0 hours, 0.0 minutes, 0.06103324890136719 seconds

Avg val. time: 0.0 hours, 0.0 minutes, 0.3154212236404419 seconds
Avg batch val. time: 0.07885530591011047 seconds
Avg sample val. time: 0.0015386401153192287 seconds
Epoch 1 Validation Summary: epoch: 1.000000 | loss: 0.677678 | accuracy: 0.692683 | precision: 0.668378 | AUROC: 0.605263 | AUPRC: 0.376417 | 
Best accuracy was 0.6926829268292682. Other metrics: OrderedDict([('epoch', 1), ('loss', 0.6776779640011671), ('accuracy', 0.6926829268292682), ('precision', 0.6683781877257862), ('AUROC', 0.6052631578947368), ('AUPRC', 0.37641735252381836)])
All Done!
Total runtime: 0.0 hours, 0.0 minutes, 5.39839506149292 seconds

