Running:
src/main.py --output_dir experiments --comment classification from Scratch --name Heartbeat_fromScratch --records_file Classification_records.xls --data_dir ./data/Classification/Heartbeat/ --data_class tsra --pattern TRAIN --val_pattern TEST --epochs 1 --lr 0.001 --optimizer RAdam --pos_encoding learnable --task classification --key_metric accuracy

Using device: cuda
Loading and preprocessing data ...
204 samples may be used for training
205 samples will be used for validation
0 samples will be used for testing
Creating model ...
Model:
TSTransformerEncoderClassiregressor(
  (project_inp): Linear(in_features=61, out_features=64, bias=True)
  (pos_enc): LearnablePositionalEncoding(
    (dropout): Dropout(p=0.1, inplace=False)
  )
  (transformer_encoder): TransformerEncoder(
    (layers): ModuleList(
      (0): TransformerBatchNormEncoderLayer(
        (self_attn): MultiheadAttention(
          (out_proj): NonDynamicallyQuantizableLinear(in_features=64, out_features=64, bias=True)
        )
        (linear1): Linear(in_features=64, out_features=256, bias=True)
        (dropout): Dropout(p=0.1, inplace=False)
        (linear2): Linear(in_features=256, out_features=64, bias=True)
        (norm1): BatchNorm1d(64, eps=1e-05, momentum=0.1, affine=True, track_running_stats=True)
        (norm2): BatchNorm1d(64, eps=1e-05, momentum=0.1, affine=True, track_running_stats=True)
        (dropout1): Dropout(p=0.1, inplace=False)
        (dropout2): Dropout(p=0.1, inplace=False)
      )
      (1): TransformerBatchNormEncoderLayer(
        (self_attn): MultiheadAttention(
          (out_proj): NonDynamicallyQuantizableLinear(in_features=64, out_features=64, bias=True)
        )
        (linear1): Linear(in_features=64, out_features=256, bias=True)
        (dropout): Dropout(p=0.1, inplace=False)
        (linear2): Linear(in_features=256, out_features=64, bias=True)
        (norm1): BatchNorm1d(64, eps=1e-05, momentum=0.1, affine=True, track_running_stats=True)
        (norm2): BatchNorm1d(64, eps=1e-05, momentum=0.1, affine=True, track_running_stats=True)
        (dropout1): Dropout(p=0.1, inplace=False)
        (dropout2): Dropout(p=0.1, inplace=False)
      )
      (2): TransformerBatchNormEncoderLayer(
        (self_attn): MultiheadAttention(
          (out_proj): NonDynamicallyQuantizableLinear(in_features=64, out_features=64, bias=True)
        )
        (linear1): Linear(in_features=64, out_features=256, bias=True)
        (dropout): Dropout(p=0.1, inplace=False)
        (linear2): Linear(in_features=256, out_features=64, bias=True)
        (norm1): BatchNorm1d(64, eps=1e-05, momentum=0.1, affine=True, track_running_stats=True)
        (norm2): BatchNorm1d(64, eps=1e-05, momentum=0.1, affine=True, track_running_stats=True)
        (dropout1): Dropout(p=0.1, inplace=False)
        (dropout2): Dropout(p=0.1, inplace=False)
      )
    )
  )
  (dropout1): Dropout(p=0.1, inplace=False)
  (output_layer): Linear(in_features=25920, out_features=2, bias=True)
)
Total number of parameters: 231682
Trainable parameters: 231682
Evaluating on validation set ...
Validation runtime: 0.0 hours, 0.0 minutes, 0.5741524696350098 seconds

Avg val. time: 0.0 hours, 0.0 minutes, 0.5741524696350098 seconds
Avg batch val. time: 0.14353811740875244 seconds
Avg sample val. time: 0.002800743754317121 seconds
Epoch 0 Validation Summary: epoch: 0.000000 | loss: 1.875675 | accuracy: 0.312195 | precision: 0.479851 | AUROC: 0.459519 | AUPRC: 0.313123 | 
Starting training...
Epoch 1 Training Summary: epoch: 1.000000 | loss: 0.708060 | 
Epoch runtime: 0.0 hours, 0.0 minutes, 0.1803126335144043 seconds

Avg epoch train. time: 0.0 hours, 0.0 minutes, 0.1803126335144043 seconds
Avg batch train. time: 0.045078158378601074 seconds
Avg sample train. time: 0.0008838854584039427 seconds
Evaluating on validation set ...
Validation runtime: 0.0 hours, 0.0 minutes, 0.06133246421813965 seconds

Avg val. time: 0.0 hours, 0.0 minutes, 0.3177424669265747 seconds
Avg batch val. time: 0.07943561673164368 seconds
Avg sample val. time: 0.0015499632533003645 seconds
Epoch 1 Validation Summary: epoch: 1.000000 | loss: 0.716007 | accuracy: 0.400000 | precision: 0.541410 | AUROC: 0.388810 | AUPRC: 0.244457 | 
Best accuracy was 0.4. Other metrics: OrderedDict([('epoch', 1), ('loss', 0.7160069721501048), ('accuracy', 0.4), ('precision', 0.5414104882459312), ('AUROC', 0.38880986249407296), ('AUPRC', 0.24445732180950952)])
All Done!
Total runtime: 0.0 hours, 0.0 minutes, 7.970367193222046 seconds

