Running:
src/main.py --output_dir experiments --comment classification from Scratch --name Heartbeat_fromScratch --records_file Classification_records.xls --data_dir ./data/Classification/Heartbeat/ --data_class tsra --pattern TRAIN --val_pattern TEST --epochs 1 --lr 0.001 --optimizer RAdam --pos_encoding learnable --task classification --key_metric accuracy

Using device: cuda
Loading and preprocessing data ...
204 samples may be used for training
205 samples will be used for validation
0 samples will be used for testing
Creating model ...
Model:
TSTransformerEncoderClassiregressor(
  (project_inp): Linear(in_features=61, out_features=64, bias=True)
  (pos_enc): LearnablePositionalEncoding(
    (dropout): Dropout(p=0.1, inplace=False)
  )
  (transformer_encoder): TransformerEncoder(
    (layers): ModuleList(
      (0): TransformerBatchNormEncoderLayer(
        (self_attn): MultiheadAttention(
          (out_proj): NonDynamicallyQuantizableLinear(in_features=64, out_features=64, bias=True)
        )
        (linear1): Linear(in_features=64, out_features=256, bias=True)
        (dropout): Dropout(p=0.1, inplace=False)
        (linear2): Linear(in_features=256, out_features=64, bias=True)
        (norm1): BatchNorm1d(64, eps=1e-05, momentum=0.1, affine=True, track_running_stats=True)
        (norm2): BatchNorm1d(64, eps=1e-05, momentum=0.1, affine=True, track_running_stats=True)
        (dropout1): Dropout(p=0.1, inplace=False)
        (dropout2): Dropout(p=0.1, inplace=False)
      )
      (1): TransformerBatchNormEncoderLayer(
        (self_attn): MultiheadAttention(
          (out_proj): NonDynamicallyQuantizableLinear(in_features=64, out_features=64, bias=True)
        )
        (linear1): Linear(in_features=64, out_features=256, bias=True)
        (dropout): Dropout(p=0.1, inplace=False)
        (linear2): Linear(in_features=256, out_features=64, bias=True)
        (norm1): BatchNorm1d(64, eps=1e-05, momentum=0.1, affine=True, track_running_stats=True)
        (norm2): BatchNorm1d(64, eps=1e-05, momentum=0.1, affine=True, track_running_stats=True)
        (dropout1): Dropout(p=0.1, inplace=False)
        (dropout2): Dropout(p=0.1, inplace=False)
      )
      (2): TransformerBatchNormEncoderLayer(
        (self_attn): MultiheadAttention(
          (out_proj): NonDynamicallyQuantizableLinear(in_features=64, out_features=64, bias=True)
        )
        (linear1): Linear(in_features=64, out_features=256, bias=True)
        (dropout): Dropout(p=0.1, inplace=False)
        (linear2): Linear(in_features=256, out_features=64, bias=True)
        (norm1): BatchNorm1d(64, eps=1e-05, momentum=0.1, affine=True, track_running_stats=True)
        (norm2): BatchNorm1d(64, eps=1e-05, momentum=0.1, affine=True, track_running_stats=True)
        (dropout1): Dropout(p=0.1, inplace=False)
        (dropout2): Dropout(p=0.1, inplace=False)
      )
    )
  )
  (dropout1): Dropout(p=0.1, inplace=False)
  (output_layer): Linear(in_features=25920, out_features=2, bias=True)
)
Total number of parameters: 231682
Trainable parameters: 231682
Evaluating on validation set ...
Validation runtime: 0.0 hours, 0.0 minutes, 0.5752172470092773 seconds

Avg val. time: 0.0 hours, 0.0 minutes, 0.5752172470092773 seconds
Avg batch val. time: 0.14380431175231934 seconds
Avg sample val. time: 0.0028059377902891576 seconds
Epoch 0 Validation Summary: epoch: 0.000000 | loss: 1.823492 | accuracy: 0.400000 | precision: 0.518681 | AUROC: 0.365043 | AUPRC: 0.233293 | 
Starting training...
Epoch 1 Training Summary: epoch: 1.000000 | loss: 0.675954 | 
Epoch runtime: 0.0 hours, 0.0 minutes, 0.18752598762512207 seconds

Avg epoch train. time: 0.0 hours, 0.0 minutes, 0.18752598762512207 seconds
Avg batch train. time: 0.04688149690628052 seconds
Avg sample train. time: 0.0009192450373780494 seconds
Evaluating on validation set ...
Validation runtime: 0.0 hours, 0.0 minutes, 0.06069517135620117 seconds

Avg val. time: 0.0 hours, 0.0 minutes, 0.31795620918273926 seconds
Avg batch val. time: 0.07948905229568481 seconds
Avg sample val. time: 0.0015510058984523865 seconds
Epoch 1 Validation Summary: epoch: 1.000000 | loss: 0.686401 | accuracy: 0.624390 | precision: 0.595995 | AUROC: 0.460763 | AUPRC: 0.299224 | 
Best accuracy was 0.624390243902439. Other metrics: OrderedDict([('epoch', 1), ('loss', 0.6864006042480468), ('accuracy', 0.624390243902439), ('precision', 0.595995097161587), ('AUROC', 0.46076339497392127), ('AUPRC', 0.2992236663224235)])
All Done!
Total runtime: 0.0 hours, 0.0 minutes, 5.408923149108887 seconds

