Running:
src/main.py --output_dir experiments --comment classification from Scratch --name Heartbeat_fromScratch --records_file Classification_records.xls --data_dir ./data/Classification/Heartbeat/ --data_class tsra --pattern TRAIN --val_pattern TEST --epochs 1 --lr 0.001 --optimizer RAdam --pos_encoding learnable --task classification --key_metric accuracy

Using device: cuda
Loading and preprocessing data ...
204 samples may be used for training
205 samples will be used for validation
0 samples will be used for testing
Creating model ...
Model:
TSTransformerEncoderClassiregressor(
  (project_inp): Linear(in_features=61, out_features=64, bias=True)
  (pos_enc): LearnablePositionalEncoding(
    (dropout): Dropout(p=0.1, inplace=False)
  )
  (transformer_encoder): TransformerEncoder(
    (layers): ModuleList(
      (0): TransformerBatchNormEncoderLayer(
        (self_attn): MultiheadAttention(
          (out_proj): NonDynamicallyQuantizableLinear(in_features=64, out_features=64, bias=True)
        )
        (linear1): Linear(in_features=64, out_features=256, bias=True)
        (dropout): Dropout(p=0.1, inplace=False)
        (linear2): Linear(in_features=256, out_features=64, bias=True)
        (norm1): BatchNorm1d(64, eps=1e-05, momentum=0.1, affine=True, track_running_stats=True)
        (norm2): BatchNorm1d(64, eps=1e-05, momentum=0.1, affine=True, track_running_stats=True)
        (dropout1): Dropout(p=0.1, inplace=False)
        (dropout2): Dropout(p=0.1, inplace=False)
      )
      (1): TransformerBatchNormEncoderLayer(
        (self_attn): MultiheadAttention(
          (out_proj): NonDynamicallyQuantizableLinear(in_features=64, out_features=64, bias=True)
        )
        (linear1): Linear(in_features=64, out_features=256, bias=True)
        (dropout): Dropout(p=0.1, inplace=False)
        (linear2): Linear(in_features=256, out_features=64, bias=True)
        (norm1): BatchNorm1d(64, eps=1e-05, momentum=0.1, affine=True, track_running_stats=True)
        (norm2): BatchNorm1d(64, eps=1e-05, momentum=0.1, affine=True, track_running_stats=True)
        (dropout1): Dropout(p=0.1, inplace=False)
        (dropout2): Dropout(p=0.1, inplace=False)
      )
      (2): TransformerBatchNormEncoderLayer(
        (self_attn): MultiheadAttention(
          (out_proj): NonDynamicallyQuantizableLinear(in_features=64, out_features=64, bias=True)
        )
        (linear1): Linear(in_features=64, out_features=256, bias=True)
        (dropout): Dropout(p=0.1, inplace=False)
        (linear2): Linear(in_features=256, out_features=64, bias=True)
        (norm1): BatchNorm1d(64, eps=1e-05, momentum=0.1, affine=True, track_running_stats=True)
        (norm2): BatchNorm1d(64, eps=1e-05, momentum=0.1, affine=True, track_running_stats=True)
        (dropout1): Dropout(p=0.1, inplace=False)
        (dropout2): Dropout(p=0.1, inplace=False)
      )
    )
  )
  (dropout1): Dropout(p=0.1, inplace=False)
  (output_layer): Linear(in_features=25920, out_features=2, bias=True)
)
Total number of parameters: 231682
Trainable parameters: 231682
Evaluating on validation set ...
Validation runtime: 0.0 hours, 0.0 minutes, 0.5721428394317627 seconds

Avg val. time: 0.0 hours, 0.0 minutes, 0.5721428394317627 seconds
Avg batch val. time: 0.14303570985794067 seconds
Avg sample val. time: 0.00279094068015494 seconds
Epoch 0 Validation Summary: epoch: 0.000000 | loss: 1.640679 | accuracy: 0.614634 | precision: 0.603975 | AUROC: 0.513039 | AUPRC: 0.302401 | 
Starting training...
Epoch 1 Training Summary: epoch: 1.000000 | loss: 0.702261 | 
Epoch runtime: 0.0 hours, 0.0 minutes, 0.17488932609558105 seconds

Avg epoch train. time: 0.0 hours, 0.0 minutes, 0.17488932609558105 seconds
Avg batch train. time: 0.043722331523895264 seconds
Avg sample train. time: 0.0008573006181155934 seconds
Evaluating on validation set ...
Validation runtime: 0.0 hours, 0.0 minutes, 0.0620427131652832 seconds

Avg val. time: 0.0 hours, 0.0 minutes, 0.31709277629852295 seconds
Avg batch val. time: 0.07927319407463074 seconds
Avg sample val. time: 0.0015467940307245021 seconds
Epoch 1 Validation Summary: epoch: 1.000000 | loss: 0.683925 | accuracy: 0.682927 | precision: 0.613167 | AUROC: 0.421882 | AUPRC: 0.254426 | 
Best accuracy was 0.6829268292682927. Other metrics: OrderedDict([('epoch', 1), ('loss', 0.683925186715475), ('accuracy', 0.6829268292682927), ('precision', 0.6131668544703331), ('AUROC', 0.42188240872451394), ('AUPRC', 0.2544255870643481)])
All Done!
Total runtime: 0.0 hours, 0.0 minutes, 5.387010335922241 seconds

