Running:
src/main.py --output_dir experiments --comment classification from Scratch --name Heartbeat_fromScratch --records_file Classification_records.xls --data_dir ./data/Classification/Heartbeat/ --data_class tsra --pattern TRAIN --val_pattern TEST --epochs 1 --lr 0.001 --optimizer RAdam --pos_encoding learnable --task classification --key_metric accuracy

Using device: cuda
Loading and preprocessing data ...
204 samples may be used for training
205 samples will be used for validation
0 samples will be used for testing
Creating model ...
Model:
TSTransformerEncoderClassiregressor(
  (project_inp): Linear(in_features=61, out_features=64, bias=True)
  (pos_enc): LearnablePositionalEncoding(
    (dropout): Dropout(p=0.1, inplace=False)
  )
  (transformer_encoder): TransformerEncoder(
    (layers): ModuleList(
      (0): TransformerBatchNormEncoderLayer(
        (self_attn): MultiheadAttention(
          (out_proj): NonDynamicallyQuantizableLinear(in_features=64, out_features=64, bias=True)
        )
        (linear1): Linear(in_features=64, out_features=256, bias=True)
        (dropout): Dropout(p=0.1, inplace=False)
        (linear2): Linear(in_features=256, out_features=64, bias=True)
        (norm1): BatchNorm1d(64, eps=1e-05, momentum=0.1, affine=True, track_running_stats=True)
        (norm2): BatchNorm1d(64, eps=1e-05, momentum=0.1, affine=True, track_running_stats=True)
        (dropout1): Dropout(p=0.1, inplace=False)
        (dropout2): Dropout(p=0.1, inplace=False)
      )
      (1): TransformerBatchNormEncoderLayer(
        (self_attn): MultiheadAttention(
          (out_proj): NonDynamicallyQuantizableLinear(in_features=64, out_features=64, bias=True)
        )
        (linear1): Linear(in_features=64, out_features=256, bias=True)
        (dropout): Dropout(p=0.1, inplace=False)
        (linear2): Linear(in_features=256, out_features=64, bias=True)
        (norm1): BatchNorm1d(64, eps=1e-05, momentum=0.1, affine=True, track_running_stats=True)
        (norm2): BatchNorm1d(64, eps=1e-05, momentum=0.1, affine=True, track_running_stats=True)
        (dropout1): Dropout(p=0.1, inplace=False)
        (dropout2): Dropout(p=0.1, inplace=False)
      )
      (2): TransformerBatchNormEncoderLayer(
        (self_attn): MultiheadAttention(
          (out_proj): NonDynamicallyQuantizableLinear(in_features=64, out_features=64, bias=True)
        )
        (linear1): Linear(in_features=64, out_features=256, bias=True)
        (dropout): Dropout(p=0.1, inplace=False)
        (linear2): Linear(in_features=256, out_features=64, bias=True)
        (norm1): BatchNorm1d(64, eps=1e-05, momentum=0.1, affine=True, track_running_stats=True)
        (norm2): BatchNorm1d(64, eps=1e-05, momentum=0.1, affine=True, track_running_stats=True)
        (dropout1): Dropout(p=0.1, inplace=False)
        (dropout2): Dropout(p=0.1, inplace=False)
      )
    )
  )
  (dropout1): Dropout(p=0.1, inplace=False)
  (output_layer): Linear(in_features=25920, out_features=2, bias=True)
)
Total number of parameters: 231682
Trainable parameters: 231682
Evaluating on validation set ...
Validation runtime: 0.0 hours, 0.0 minutes, 0.5628745555877686 seconds

Avg val. time: 0.0 hours, 0.0 minutes, 0.5628745555877686 seconds
Avg batch val. time: 0.14071863889694214 seconds
Avg sample val. time: 0.0027457295394525297 seconds
Epoch 0 Validation Summary: epoch: 0.000000 | loss: 1.507970 | accuracy: 0.624390 | precision: 0.580298 | AUROC: 0.398649 | AUPRC: 0.239978 | 
Starting training...
Epoch 1 Training Summary: epoch: 1.000000 | loss: 0.693160 | 
Epoch runtime: 0.0 hours, 0.0 minutes, 0.18150687217712402 seconds

Avg epoch train. time: 0.0 hours, 0.0 minutes, 0.18150687217712402 seconds
Avg batch train. time: 0.045376718044281006 seconds
Avg sample train. time: 0.000889739569495706 seconds
Evaluating on validation set ...
Validation runtime: 0.0 hours, 0.0 minutes, 0.06130814552307129 seconds

Avg val. time: 0.0 hours, 0.0 minutes, 0.3120913505554199 seconds
Avg batch val. time: 0.07802283763885498 seconds
Avg sample val. time: 0.001522396831977658 seconds
Epoch 1 Validation Summary: epoch: 1.000000 | loss: 0.681185 | accuracy: 0.702439 | precision: 0.667298 | AUROC: 0.528212 | AUPRC: 0.353457 | 
Best accuracy was 0.7024390243902439. Other metrics: OrderedDict([('epoch', 1), ('loss', 0.6811847500684785), ('accuracy', 0.7024390243902439), ('precision', 0.6672984469782778), ('AUROC', 0.5282124229492651), ('AUPRC', 0.3534572065986752)])
All Done!
Total runtime: 0.0 hours, 0.0 minutes, 5.671491622924805 seconds

