Running:
src/main.py --output_dir experiments --comment classification from Scratch --name Heartbeat_fromScratch --records_file Classification_records.xls --data_dir ./data/Classification/Heartbeat/ --data_class tsra --pattern TRAIN --val_pattern TEST --epochs 1 --lr 0.001 --optimizer RAdam --pos_encoding learnable --task classification --key_metric accuracy

Using device: cuda
Loading and preprocessing data ...
204 samples may be used for training
205 samples will be used for validation
0 samples will be used for testing
Creating model ...
Model:
TSTransformerEncoderClassiregressor(
  (project_inp): Linear(in_features=61, out_features=64, bias=True)
  (pos_enc): LearnablePositionalEncoding(
    (dropout): Dropout(p=0.1, inplace=False)
  )
  (transformer_encoder): TransformerEncoder(
    (layers): ModuleList(
      (0): TransformerBatchNormEncoderLayer(
        (self_attn): MultiheadAttention(
          (out_proj): NonDynamicallyQuantizableLinear(in_features=64, out_features=64, bias=True)
        )
        (linear1): Linear(in_features=64, out_features=256, bias=True)
        (dropout): Dropout(p=0.1, inplace=False)
        (linear2): Linear(in_features=256, out_features=64, bias=True)
        (norm1): BatchNorm1d(64, eps=1e-05, momentum=0.1, affine=True, track_running_stats=True)
        (norm2): BatchNorm1d(64, eps=1e-05, momentum=0.1, affine=True, track_running_stats=True)
        (dropout1): Dropout(p=0.1, inplace=False)
        (dropout2): Dropout(p=0.1, inplace=False)
      )
      (1): TransformerBatchNormEncoderLayer(
        (self_attn): MultiheadAttention(
          (out_proj): NonDynamicallyQuantizableLinear(in_features=64, out_features=64, bias=True)
        )
        (linear1): Linear(in_features=64, out_features=256, bias=True)
        (dropout): Dropout(p=0.1, inplace=False)
        (linear2): Linear(in_features=256, out_features=64, bias=True)
        (norm1): BatchNorm1d(64, eps=1e-05, momentum=0.1, affine=True, track_running_stats=True)
        (norm2): BatchNorm1d(64, eps=1e-05, momentum=0.1, affine=True, track_running_stats=True)
        (dropout1): Dropout(p=0.1, inplace=False)
        (dropout2): Dropout(p=0.1, inplace=False)
      )
      (2): TransformerBatchNormEncoderLayer(
        (self_attn): MultiheadAttention(
          (out_proj): NonDynamicallyQuantizableLinear(in_features=64, out_features=64, bias=True)
        )
        (linear1): Linear(in_features=64, out_features=256, bias=True)
        (dropout): Dropout(p=0.1, inplace=False)
        (linear2): Linear(in_features=256, out_features=64, bias=True)
        (norm1): BatchNorm1d(64, eps=1e-05, momentum=0.1, affine=True, track_running_stats=True)
        (norm2): BatchNorm1d(64, eps=1e-05, momentum=0.1, affine=True, track_running_stats=True)
        (dropout1): Dropout(p=0.1, inplace=False)
        (dropout2): Dropout(p=0.1, inplace=False)
      )
    )
  )
  (dropout1): Dropout(p=0.1, inplace=False)
  (output_layer): Linear(in_features=25920, out_features=2, bias=True)
)
Total number of parameters: 231682
Trainable parameters: 231682
Evaluating on validation set ...
Validation runtime: 0.0 hours, 0.0 minutes, 0.5734093189239502 seconds

Avg val. time: 0.0 hours, 0.0 minutes, 0.5734093189239502 seconds
Avg batch val. time: 0.14335232973098755 seconds
Avg sample val. time: 0.002797118628897318 seconds
Epoch 0 Validation Summary: epoch: 0.000000 | loss: 1.359183 | accuracy: 0.575610 | precision: 0.573305 | AUROC: 0.375178 | AUPRC: 0.238490 | 
Starting training...
Epoch 1 Training Summary: epoch: 1.000000 | loss: 0.750595 | 
Epoch runtime: 0.0 hours, 0.0 minutes, 0.17745709419250488 seconds

Avg epoch train. time: 0.0 hours, 0.0 minutes, 0.17745709419250488 seconds
Avg batch train. time: 0.04436427354812622 seconds
Avg sample train. time: 0.0008698877166299259 seconds
Evaluating on validation set ...
Validation runtime: 0.0 hours, 0.0 minutes, 0.06109952926635742 seconds

Avg val. time: 0.0 hours, 0.0 minutes, 0.3172544240951538 seconds
Avg batch val. time: 0.07931360602378845 seconds
Avg sample val. time: 0.001547582556561726 seconds
Epoch 1 Validation Summary: epoch: 1.000000 | loss: 0.744155 | accuracy: 0.648780 | precision: 0.620850 | AUROC: 0.451754 | AUPRC: 0.270222 | 
Best accuracy was 0.6487804878048781. Other metrics: OrderedDict([('epoch', 1), ('loss', 0.7441547393798829), ('accuracy', 0.6487804878048781), ('precision', 0.620849702037072), ('AUROC', 0.4517543859649123), ('AUPRC', 0.27022163132475263)])
All Done!
Total runtime: 0.0 hours, 0.0 minutes, 8.068061113357544 seconds

