Running:
src/main.py --output_dir experiments --comment classification from Scratch --name Heartbeat_fromScratch --records_file Classification_records.xls --data_dir ./data/Classification/Heartbeat/ --data_class tsra --pattern TRAIN --val_pattern TEST --epochs 1 --lr 0.001 --optimizer RAdam --pos_encoding learnable --task classification --key_metric accuracy

Using device: cuda
Loading and preprocessing data ...
204 samples may be used for training
205 samples will be used for validation
0 samples will be used for testing
Creating model ...
Model:
TSTransformerEncoderClassiregressor(
  (project_inp): Linear(in_features=61, out_features=64, bias=True)
  (pos_enc): LearnablePositionalEncoding(
    (dropout): Dropout(p=0.1, inplace=False)
  )
  (transformer_encoder): TransformerEncoder(
    (layers): ModuleList(
      (0): TransformerBatchNormEncoderLayer(
        (self_attn): MultiheadAttention(
          (out_proj): NonDynamicallyQuantizableLinear(in_features=64, out_features=64, bias=True)
        )
        (linear1): Linear(in_features=64, out_features=256, bias=True)
        (dropout): Dropout(p=0.1, inplace=False)
        (linear2): Linear(in_features=256, out_features=64, bias=True)
        (norm1): BatchNorm1d(64, eps=1e-05, momentum=0.1, affine=True, track_running_stats=True)
        (norm2): BatchNorm1d(64, eps=1e-05, momentum=0.1, affine=True, track_running_stats=True)
        (dropout1): Dropout(p=0.1, inplace=False)
        (dropout2): Dropout(p=0.1, inplace=False)
      )
      (1): TransformerBatchNormEncoderLayer(
        (self_attn): MultiheadAttention(
          (out_proj): NonDynamicallyQuantizableLinear(in_features=64, out_features=64, bias=True)
        )
        (linear1): Linear(in_features=64, out_features=256, bias=True)
        (dropout): Dropout(p=0.1, inplace=False)
        (linear2): Linear(in_features=256, out_features=64, bias=True)
        (norm1): BatchNorm1d(64, eps=1e-05, momentum=0.1, affine=True, track_running_stats=True)
        (norm2): BatchNorm1d(64, eps=1e-05, momentum=0.1, affine=True, track_running_stats=True)
        (dropout1): Dropout(p=0.1, inplace=False)
        (dropout2): Dropout(p=0.1, inplace=False)
      )
      (2): TransformerBatchNormEncoderLayer(
        (self_attn): MultiheadAttention(
          (out_proj): NonDynamicallyQuantizableLinear(in_features=64, out_features=64, bias=True)
        )
        (linear1): Linear(in_features=64, out_features=256, bias=True)
        (dropout): Dropout(p=0.1, inplace=False)
        (linear2): Linear(in_features=256, out_features=64, bias=True)
        (norm1): BatchNorm1d(64, eps=1e-05, momentum=0.1, affine=True, track_running_stats=True)
        (norm2): BatchNorm1d(64, eps=1e-05, momentum=0.1, affine=True, track_running_stats=True)
        (dropout1): Dropout(p=0.1, inplace=False)
        (dropout2): Dropout(p=0.1, inplace=False)
      )
    )
  )
  (dropout1): Dropout(p=0.1, inplace=False)
  (output_layer): Linear(in_features=25920, out_features=2, bias=True)
)
Total number of parameters: 231682
Trainable parameters: 231682
Evaluating on validation set ...
Validation runtime: 0.0 hours, 0.0 minutes, 0.5835721492767334 seconds

Avg val. time: 0.0 hours, 0.0 minutes, 0.5835721492767334 seconds
Avg batch val. time: 0.14589303731918335 seconds
Avg sample val. time: 0.0028466934111060164 seconds
Epoch 0 Validation Summary: epoch: 0.000000 | loss: 2.607327 | accuracy: 0.331707 | precision: 0.628637 | AUROC: 0.596254 | AUPRC: 0.390710 | 
Starting training...
Epoch 1 Training Summary: epoch: 1.000000 | loss: 0.743396 | 
Epoch runtime: 0.0 hours, 0.0 minutes, 0.1768507957458496 seconds

Avg epoch train. time: 0.0 hours, 0.0 minutes, 0.1768507957458496 seconds
Avg batch train. time: 0.0442126989364624 seconds
Avg sample train. time: 0.0008669156654208314 seconds
Evaluating on validation set ...
Validation runtime: 0.0 hours, 0.0 minutes, 0.0681610107421875 seconds

Avg val. time: 0.0 hours, 0.0 minutes, 0.32586658000946045 seconds
Avg batch val. time: 0.08146664500236511 seconds
Avg sample val. time: 0.0015895930732168803 seconds
Epoch 1 Validation Summary: epoch: 1.000000 | loss: 0.675669 | accuracy: 0.643902 | precision: 0.645820 | AUROC: 0.552157 | AUPRC: 0.367102 | 
Best accuracy was 0.6439024390243903. Other metrics: OrderedDict([('epoch', 1), ('loss', 0.675669028119343), ('accuracy', 0.6439024390243903), ('precision', 0.6458196735380444), ('AUROC', 0.5521574205784732), ('AUPRC', 0.3671017372233174)])
All Done!
Total runtime: 0.0 hours, 0.0 minutes, 5.4538469314575195 seconds

