Running:
src/main.py --output_dir experiments --comment classification from Scratch --name Heartbeat_fromScratch --records_file Classification_records.xls --data_dir ./data/Classification/Heartbeat/ --data_class tsra --pattern TRAIN --val_pattern TEST --epochs 1 --lr 0.001 --optimizer RAdam --pos_encoding learnable --task classification --key_metric accuracy

Using device: cuda
Loading and preprocessing data ...
204 samples may be used for training
205 samples will be used for validation
0 samples will be used for testing
Creating model ...
Model:
TSTransformerEncoderClassiregressor(
  (project_inp): Linear(in_features=61, out_features=64, bias=True)
  (pos_enc): LearnablePositionalEncoding(
    (dropout): Dropout(p=0.1, inplace=False)
  )
  (transformer_encoder): TransformerEncoder(
    (layers): ModuleList(
      (0): TransformerBatchNormEncoderLayer(
        (self_attn): MultiheadAttention(
          (out_proj): NonDynamicallyQuantizableLinear(in_features=64, out_features=64, bias=True)
        )
        (linear1): Linear(in_features=64, out_features=256, bias=True)
        (dropout): Dropout(p=0.1, inplace=False)
        (linear2): Linear(in_features=256, out_features=64, bias=True)
        (norm1): BatchNorm1d(64, eps=1e-05, momentum=0.1, affine=True, track_running_stats=True)
        (norm2): BatchNorm1d(64, eps=1e-05, momentum=0.1, affine=True, track_running_stats=True)
        (dropout1): Dropout(p=0.1, inplace=False)
        (dropout2): Dropout(p=0.1, inplace=False)
      )
      (1): TransformerBatchNormEncoderLayer(
        (self_attn): MultiheadAttention(
          (out_proj): NonDynamicallyQuantizableLinear(in_features=64, out_features=64, bias=True)
        )
        (linear1): Linear(in_features=64, out_features=256, bias=True)
        (dropout): Dropout(p=0.1, inplace=False)
        (linear2): Linear(in_features=256, out_features=64, bias=True)
        (norm1): BatchNorm1d(64, eps=1e-05, momentum=0.1, affine=True, track_running_stats=True)
        (norm2): BatchNorm1d(64, eps=1e-05, momentum=0.1, affine=True, track_running_stats=True)
        (dropout1): Dropout(p=0.1, inplace=False)
        (dropout2): Dropout(p=0.1, inplace=False)
      )
      (2): TransformerBatchNormEncoderLayer(
        (self_attn): MultiheadAttention(
          (out_proj): NonDynamicallyQuantizableLinear(in_features=64, out_features=64, bias=True)
        )
        (linear1): Linear(in_features=64, out_features=256, bias=True)
        (dropout): Dropout(p=0.1, inplace=False)
        (linear2): Linear(in_features=256, out_features=64, bias=True)
        (norm1): BatchNorm1d(64, eps=1e-05, momentum=0.1, affine=True, track_running_stats=True)
        (norm2): BatchNorm1d(64, eps=1e-05, momentum=0.1, affine=True, track_running_stats=True)
        (dropout1): Dropout(p=0.1, inplace=False)
        (dropout2): Dropout(p=0.1, inplace=False)
      )
    )
  )
  (dropout1): Dropout(p=0.1, inplace=False)
  (output_layer): Linear(in_features=25920, out_features=2, bias=True)
)
Total number of parameters: 231682
Trainable parameters: 231682
Evaluating on validation set ...
Validation runtime: 0.0 hours, 0.0 minutes, 0.5865519046783447 seconds

Avg val. time: 0.0 hours, 0.0 minutes, 0.5865519046783447 seconds
Avg batch val. time: 0.14663797616958618 seconds
Avg sample val. time: 0.0028612288033089987 seconds
Epoch 0 Validation Summary: epoch: 0.000000 | loss: 1.349779 | accuracy: 0.609756 | precision: 0.596695 | AUROC: 0.492828 | AUPRC: 0.307324 | 
Starting training...
Epoch 1 Training Summary: epoch: 1.000000 | loss: 0.696066 | 
Epoch runtime: 0.0 hours, 0.0 minutes, 0.18043947219848633 seconds

Avg epoch train. time: 0.0 hours, 0.0 minutes, 0.18043947219848633 seconds
Avg batch train. time: 0.04510986804962158 seconds
Avg sample train. time: 0.0008845072166592467 seconds
Evaluating on validation set ...
Validation runtime: 0.0 hours, 0.0 minutes, 0.06167864799499512 seconds

Avg val. time: 0.0 hours, 0.0 minutes, 0.3241152763366699 seconds
Avg batch val. time: 0.08102881908416748 seconds
Avg sample val. time: 0.0015810501284715605 seconds
Epoch 1 Validation Summary: epoch: 1.000000 | loss: 0.688804 | accuracy: 0.692683 | precision: 0.643559 | AUROC: 0.473921 | AUPRC: 0.299045 | 
Best accuracy was 0.6926829268292682. Other metrics: OrderedDict([('epoch', 1), ('loss', 0.6888040356519746), ('accuracy', 0.6926829268292682), ('precision', 0.6435589283253607), ('AUROC', 0.4739212897107634), ('AUPRC', 0.2990447079378551)])
All Done!
Total runtime: 0.0 hours, 0.0 minutes, 7.949166536331177 seconds

