Running:
src/main.py --output_dir experiments --comment classification from Scratch --name Heartbeat_fromScratch --records_file Classification_records.xls --data_dir ./data/Classification/Heartbeat/ --data_class tsra --pattern TRAIN --val_pattern TEST --epochs 1 --lr 0.001 --optimizer RAdam --pos_encoding learnable --task classification --key_metric accuracy

Using device: cuda
Loading and preprocessing data ...
204 samples may be used for training
205 samples will be used for validation
0 samples will be used for testing
Creating model ...
Model:
TSTransformerEncoderClassiregressor(
  (project_inp): Linear(in_features=61, out_features=64, bias=True)
  (pos_enc): LearnablePositionalEncoding(
    (dropout): Dropout(p=0.1, inplace=False)
  )
  (transformer_encoder): TransformerEncoder(
    (layers): ModuleList(
      (0): TransformerBatchNormEncoderLayer(
        (self_attn): MultiheadAttention(
          (out_proj): NonDynamicallyQuantizableLinear(in_features=64, out_features=64, bias=True)
        )
        (linear1): Linear(in_features=64, out_features=256, bias=True)
        (dropout): Dropout(p=0.1, inplace=False)
        (linear2): Linear(in_features=256, out_features=64, bias=True)
        (norm1): BatchNorm1d(64, eps=1e-05, momentum=0.1, affine=True, track_running_stats=True)
        (norm2): BatchNorm1d(64, eps=1e-05, momentum=0.1, affine=True, track_running_stats=True)
        (dropout1): Dropout(p=0.1, inplace=False)
        (dropout2): Dropout(p=0.1, inplace=False)
      )
      (1): TransformerBatchNormEncoderLayer(
        (self_attn): MultiheadAttention(
          (out_proj): NonDynamicallyQuantizableLinear(in_features=64, out_features=64, bias=True)
        )
        (linear1): Linear(in_features=64, out_features=256, bias=True)
        (dropout): Dropout(p=0.1, inplace=False)
        (linear2): Linear(in_features=256, out_features=64, bias=True)
        (norm1): BatchNorm1d(64, eps=1e-05, momentum=0.1, affine=True, track_running_stats=True)
        (norm2): BatchNorm1d(64, eps=1e-05, momentum=0.1, affine=True, track_running_stats=True)
        (dropout1): Dropout(p=0.1, inplace=False)
        (dropout2): Dropout(p=0.1, inplace=False)
      )
      (2): TransformerBatchNormEncoderLayer(
        (self_attn): MultiheadAttention(
          (out_proj): NonDynamicallyQuantizableLinear(in_features=64, out_features=64, bias=True)
        )
        (linear1): Linear(in_features=64, out_features=256, bias=True)
        (dropout): Dropout(p=0.1, inplace=False)
        (linear2): Linear(in_features=256, out_features=64, bias=True)
        (norm1): BatchNorm1d(64, eps=1e-05, momentum=0.1, affine=True, track_running_stats=True)
        (norm2): BatchNorm1d(64, eps=1e-05, momentum=0.1, affine=True, track_running_stats=True)
        (dropout1): Dropout(p=0.1, inplace=False)
        (dropout2): Dropout(p=0.1, inplace=False)
      )
    )
  )
  (dropout1): Dropout(p=0.1, inplace=False)
  (output_layer): Linear(in_features=25920, out_features=2, bias=True)
)
Total number of parameters: 231682
Trainable parameters: 231682
Evaluating on validation set ...
Validation runtime: 0.0 hours, 0.0 minutes, 0.5812535285949707 seconds

Avg val. time: 0.0 hours, 0.0 minutes, 0.5812535285949707 seconds
Avg batch val. time: 0.14531338214874268 seconds
Avg sample val. time: 0.00283538306631693 seconds
Epoch 0 Validation Summary: epoch: 0.000000 | loss: 2.888619 | accuracy: 0.546341 | precision: 0.668794 | AUROC: 0.611249 | AUPRC: 0.416755 | 
Starting training...
Epoch 1 Training Summary: epoch: 1.000000 | loss: 0.731590 | 
Epoch runtime: 0.0 hours, 0.0 minutes, 0.18117094039916992 seconds

Avg epoch train. time: 0.0 hours, 0.0 minutes, 0.18117094039916992 seconds
Avg batch train. time: 0.04529273509979248 seconds
Avg sample train. time: 0.0008880928450939702 seconds
Evaluating on validation set ...
Validation runtime: 0.0 hours, 0.0 minutes, 0.07175779342651367 seconds

Avg val. time: 0.0 hours, 0.0 minutes, 0.3265056610107422 seconds
Avg batch val. time: 0.08162641525268555 seconds
Avg sample val. time: 0.0015927105415158155 seconds
Epoch 1 Validation Summary: epoch: 1.000000 | loss: 0.646315 | accuracy: 0.736585 | precision: 0.723632 | AUROC: 0.659080 | AUPRC: 0.473898 | 
Best accuracy was 0.7365853658536585. Other metrics: OrderedDict([('epoch', 1), ('loss', 0.6463147768160192), ('accuracy', 0.7365853658536585), ('precision', 0.7236315384969094), ('AUROC', 0.6590801327643433), ('AUPRC', 0.4738981610045011)])
All Done!
Total runtime: 0.0 hours, 0.0 minutes, 5.428428888320923 seconds

