Running:
src/main.py --output_dir experiments --comment classification from Scratch --name Heartbeat_fromScratch --records_file Classification_records.xls --data_dir ./data/Classification/Heartbeat/ --data_class tsra --pattern TRAIN --val_pattern TEST --epochs 1 --lr 0.001 --optimizer RAdam --pos_encoding learnable --task classification --key_metric accuracy

Using device: cuda
Loading and preprocessing data ...
204 samples may be used for training
205 samples will be used for validation
0 samples will be used for testing
Creating model ...
Model:
TSTransformerEncoderClassiregressor(
  (project_inp): Linear(in_features=61, out_features=64, bias=True)
  (pos_enc): LearnablePositionalEncoding(
    (dropout): Dropout(p=0.1, inplace=False)
  )
  (transformer_encoder): TransformerEncoder(
    (layers): ModuleList(
      (0): TransformerBatchNormEncoderLayer(
        (self_attn): MultiheadAttention(
          (out_proj): NonDynamicallyQuantizableLinear(in_features=64, out_features=64, bias=True)
        )
        (linear1): Linear(in_features=64, out_features=256, bias=True)
        (dropout): Dropout(p=0.1, inplace=False)
        (linear2): Linear(in_features=256, out_features=64, bias=True)
        (norm1): BatchNorm1d(64, eps=1e-05, momentum=0.1, affine=True, track_running_stats=True)
        (norm2): BatchNorm1d(64, eps=1e-05, momentum=0.1, affine=True, track_running_stats=True)
        (dropout1): Dropout(p=0.1, inplace=False)
        (dropout2): Dropout(p=0.1, inplace=False)
      )
      (1): TransformerBatchNormEncoderLayer(
        (self_attn): MultiheadAttention(
          (out_proj): NonDynamicallyQuantizableLinear(in_features=64, out_features=64, bias=True)
        )
        (linear1): Linear(in_features=64, out_features=256, bias=True)
        (dropout): Dropout(p=0.1, inplace=False)
        (linear2): Linear(in_features=256, out_features=64, bias=True)
        (norm1): BatchNorm1d(64, eps=1e-05, momentum=0.1, affine=True, track_running_stats=True)
        (norm2): BatchNorm1d(64, eps=1e-05, momentum=0.1, affine=True, track_running_stats=True)
        (dropout1): Dropout(p=0.1, inplace=False)
        (dropout2): Dropout(p=0.1, inplace=False)
      )
      (2): TransformerBatchNormEncoderLayer(
        (self_attn): MultiheadAttention(
          (out_proj): NonDynamicallyQuantizableLinear(in_features=64, out_features=64, bias=True)
        )
        (linear1): Linear(in_features=64, out_features=256, bias=True)
        (dropout): Dropout(p=0.1, inplace=False)
        (linear2): Linear(in_features=256, out_features=64, bias=True)
        (norm1): BatchNorm1d(64, eps=1e-05, momentum=0.1, affine=True, track_running_stats=True)
        (norm2): BatchNorm1d(64, eps=1e-05, momentum=0.1, affine=True, track_running_stats=True)
        (dropout1): Dropout(p=0.1, inplace=False)
        (dropout2): Dropout(p=0.1, inplace=False)
      )
    )
  )
  (dropout1): Dropout(p=0.1, inplace=False)
  (output_layer): Linear(in_features=25920, out_features=2, bias=True)
)
Total number of parameters: 231682
Trainable parameters: 231682
Evaluating on validation set ...
Validation runtime: 0.0 hours, 0.0 minutes, 0.5788078308105469 seconds

Avg val. time: 0.0 hours, 0.0 minutes, 0.5788078308105469 seconds
Avg batch val. time: 0.14470195770263672 seconds
Avg sample val. time: 0.00282345283322218 seconds
Epoch 0 Validation Summary: epoch: 0.000000 | loss: 1.806097 | accuracy: 0.424390 | precision: 0.603069 | AUROC: 0.525960 | AUPRC: 0.318765 | 
Starting training...
Epoch 1 Training Summary: epoch: 1.000000 | loss: 0.712838 | 
Epoch runtime: 0.0 hours, 0.0 minutes, 0.17737627029418945 seconds

Avg epoch train. time: 0.0 hours, 0.0 minutes, 0.17737627029418945 seconds
Avg batch train. time: 0.04434406757354736 seconds
Avg sample train. time: 0.0008694915210499483 seconds
Evaluating on validation set ...
Validation runtime: 0.0 hours, 0.0 minutes, 0.061722755432128906 seconds

Avg val. time: 0.0 hours, 0.0 minutes, 0.3202652931213379 seconds
Avg batch val. time: 0.08006632328033447 seconds
Avg sample val. time: 0.0015622697225431117 seconds
Epoch 1 Validation Summary: epoch: 1.000000 | loss: 0.700737 | accuracy: 0.590244 | precision: 0.635838 | AUROC: 0.508298 | AUPRC: 0.280878 | 
Best accuracy was 0.5902439024390244. Other metrics: OrderedDict([('epoch', 1), ('loss', 0.7007373809814453), ('accuracy', 0.5902439024390244), ('precision', 0.6358380256496958), ('AUROC', 0.5082977714556661), ('AUPRC', 0.2808778414457104)])
All Done!
Total runtime: 0.0 hours, 0.0 minutes, 7.838491916656494 seconds

