Running:
src/main.py --output_dir experiments --comment classification from Scratch --name Heartbeat_fromScratch --records_file Classification_records.xls --data_dir ./data/Classification/Heartbeat/ --data_class tsra --pattern TRAIN --val_pattern TEST --epochs 1 --lr 0.001 --optimizer RAdam --pos_encoding learnable --task classification --key_metric accuracy

Using device: cuda
Loading and preprocessing data ...
204 samples may be used for training
205 samples will be used for validation
0 samples will be used for testing
Creating model ...
Model:
TSTransformerEncoderClassiregressor(
  (project_inp): Linear(in_features=61, out_features=64, bias=True)
  (pos_enc): LearnablePositionalEncoding(
    (dropout): Dropout(p=0.1, inplace=False)
  )
  (transformer_encoder): TransformerEncoder(
    (layers): ModuleList(
      (0): TransformerBatchNormEncoderLayer(
        (self_attn): MultiheadAttention(
          (out_proj): NonDynamicallyQuantizableLinear(in_features=64, out_features=64, bias=True)
        )
        (linear1): Linear(in_features=64, out_features=256, bias=True)
        (dropout): Dropout(p=0.1, inplace=False)
        (linear2): Linear(in_features=256, out_features=64, bias=True)
        (norm1): BatchNorm1d(64, eps=1e-05, momentum=0.1, affine=True, track_running_stats=True)
        (norm2): BatchNorm1d(64, eps=1e-05, momentum=0.1, affine=True, track_running_stats=True)
        (dropout1): Dropout(p=0.1, inplace=False)
        (dropout2): Dropout(p=0.1, inplace=False)
      )
      (1): TransformerBatchNormEncoderLayer(
        (self_attn): MultiheadAttention(
          (out_proj): NonDynamicallyQuantizableLinear(in_features=64, out_features=64, bias=True)
        )
        (linear1): Linear(in_features=64, out_features=256, bias=True)
        (dropout): Dropout(p=0.1, inplace=False)
        (linear2): Linear(in_features=256, out_features=64, bias=True)
        (norm1): BatchNorm1d(64, eps=1e-05, momentum=0.1, affine=True, track_running_stats=True)
        (norm2): BatchNorm1d(64, eps=1e-05, momentum=0.1, affine=True, track_running_stats=True)
        (dropout1): Dropout(p=0.1, inplace=False)
        (dropout2): Dropout(p=0.1, inplace=False)
      )
      (2): TransformerBatchNormEncoderLayer(
        (self_attn): MultiheadAttention(
          (out_proj): NonDynamicallyQuantizableLinear(in_features=64, out_features=64, bias=True)
        )
        (linear1): Linear(in_features=64, out_features=256, bias=True)
        (dropout): Dropout(p=0.1, inplace=False)
        (linear2): Linear(in_features=256, out_features=64, bias=True)
        (norm1): BatchNorm1d(64, eps=1e-05, momentum=0.1, affine=True, track_running_stats=True)
        (norm2): BatchNorm1d(64, eps=1e-05, momentum=0.1, affine=True, track_running_stats=True)
        (dropout1): Dropout(p=0.1, inplace=False)
        (dropout2): Dropout(p=0.1, inplace=False)
      )
    )
  )
  (dropout1): Dropout(p=0.1, inplace=False)
  (output_layer): Linear(in_features=25920, out_features=2, bias=True)
)
Total number of parameters: 231682
Trainable parameters: 231682
Evaluating on validation set ...
Validation runtime: 0.0 hours, 0.0 minutes, 0.6004250049591064 seconds

Avg val. time: 0.0 hours, 0.0 minutes, 0.6004250049591064 seconds
Avg batch val. time: 0.1501062512397766 seconds
Avg sample val. time: 0.0029289024632151535 seconds
Epoch 0 Validation Summary: epoch: 0.000000 | loss: 4.684031 | accuracy: 0.307317 | precision: 0.710747 | AUROC: 0.633653 | AUPRC: 0.372637 | 
Starting training...
Epoch 1 Training Summary: epoch: 1.000000 | loss: 0.772676 | 
Epoch runtime: 0.0 hours, 0.0 minutes, 0.17509794235229492 seconds

Avg epoch train. time: 0.0 hours, 0.0 minutes, 0.17509794235229492 seconds
Avg batch train. time: 0.04377448558807373 seconds
Avg sample train. time: 0.0008583232468249751 seconds
Evaluating on validation set ...
Validation runtime: 0.0 hours, 0.0 minutes, 0.062282562255859375 seconds

Avg val. time: 0.0 hours, 0.0 minutes, 0.3313537836074829 seconds
Avg batch val. time: 0.08283844590187073 seconds
Avg sample val. time: 0.001616359920036502 seconds
Epoch 1 Validation Summary: epoch: 1.000000 | loss: 0.702977 | accuracy: 0.560976 | precision: 0.651173 | AUROC: 0.564841 | AUPRC: 0.335126 | 
Best accuracy was 0.5609756097560976. Other metrics: OrderedDict([('epoch', 1), ('loss', 0.7029766873615544), ('accuracy', 0.5609756097560976), ('precision', 0.6511734928670041), ('AUROC', 0.5648411569464201), ('AUPRC', 0.33512583323146905)])
All Done!
Total runtime: 0.0 hours, 0.0 minutes, 7.96580958366394 seconds

