Running:
src/main.py --output_dir experiments --comment classification from Scratch --name Heartbeat_fromScratch --records_file Classification_records.xls --data_dir ./data/Classification/Heartbeat/ --data_class tsra --pattern TRAIN --val_pattern TEST --epochs 1 --lr 0.001 --optimizer RAdam --pos_encoding learnable --task classification --key_metric accuracy

Using device: cuda
Loading and preprocessing data ...
204 samples may be used for training
205 samples will be used for validation
0 samples will be used for testing
Creating model ...
Model:
TSTransformerEncoderClassiregressor(
  (project_inp): Linear(in_features=61, out_features=64, bias=True)
  (pos_enc): LearnablePositionalEncoding(
    (dropout): Dropout(p=0.1, inplace=False)
  )
  (transformer_encoder): TransformerEncoder(
    (layers): ModuleList(
      (0): TransformerBatchNormEncoderLayer(
        (self_attn): MultiheadAttention(
          (out_proj): NonDynamicallyQuantizableLinear(in_features=64, out_features=64, bias=True)
        )
        (linear1): Linear(in_features=64, out_features=256, bias=True)
        (dropout): Dropout(p=0.1, inplace=False)
        (linear2): Linear(in_features=256, out_features=64, bias=True)
        (norm1): BatchNorm1d(64, eps=1e-05, momentum=0.1, affine=True, track_running_stats=True)
        (norm2): BatchNorm1d(64, eps=1e-05, momentum=0.1, affine=True, track_running_stats=True)
        (dropout1): Dropout(p=0.1, inplace=False)
        (dropout2): Dropout(p=0.1, inplace=False)
      )
      (1): TransformerBatchNormEncoderLayer(
        (self_attn): MultiheadAttention(
          (out_proj): NonDynamicallyQuantizableLinear(in_features=64, out_features=64, bias=True)
        )
        (linear1): Linear(in_features=64, out_features=256, bias=True)
        (dropout): Dropout(p=0.1, inplace=False)
        (linear2): Linear(in_features=256, out_features=64, bias=True)
        (norm1): BatchNorm1d(64, eps=1e-05, momentum=0.1, affine=True, track_running_stats=True)
        (norm2): BatchNorm1d(64, eps=1e-05, momentum=0.1, affine=True, track_running_stats=True)
        (dropout1): Dropout(p=0.1, inplace=False)
        (dropout2): Dropout(p=0.1, inplace=False)
      )
      (2): TransformerBatchNormEncoderLayer(
        (self_attn): MultiheadAttention(
          (out_proj): NonDynamicallyQuantizableLinear(in_features=64, out_features=64, bias=True)
        )
        (linear1): Linear(in_features=64, out_features=256, bias=True)
        (dropout): Dropout(p=0.1, inplace=False)
        (linear2): Linear(in_features=256, out_features=64, bias=True)
        (norm1): BatchNorm1d(64, eps=1e-05, momentum=0.1, affine=True, track_running_stats=True)
        (norm2): BatchNorm1d(64, eps=1e-05, momentum=0.1, affine=True, track_running_stats=True)
        (dropout1): Dropout(p=0.1, inplace=False)
        (dropout2): Dropout(p=0.1, inplace=False)
      )
    )
  )
  (dropout1): Dropout(p=0.1, inplace=False)
  (output_layer): Linear(in_features=25920, out_features=2, bias=True)
)
Total number of parameters: 231682
Trainable parameters: 231682
Evaluating on validation set ...
Validation runtime: 0.0 hours, 0.0 minutes, 0.5971403121948242 seconds

Avg val. time: 0.0 hours, 0.0 minutes, 0.5971403121948242 seconds
Avg batch val. time: 0.14928507804870605 seconds
Avg sample val. time: 0.0029128795716820695 seconds
Epoch 0 Validation Summary: epoch: 0.000000 | loss: 1.750137 | accuracy: 0.575610 | precision: 0.607633 | AUROC: 0.411807 | AUPRC: 0.271912 | 
Starting training...
Epoch 1 Training Summary: epoch: 1.000000 | loss: 0.702176 | 
Epoch runtime: 0.0 hours, 0.0 minutes, 0.18047881126403809 seconds

Avg epoch train. time: 0.0 hours, 0.0 minutes, 0.18047881126403809 seconds
Avg batch train. time: 0.04511970281600952 seconds
Avg sample train. time: 0.000884700055215873 seconds
Evaluating on validation set ...
Validation runtime: 0.0 hours, 0.0 minutes, 0.06232333183288574 seconds

Avg val. time: 0.0 hours, 0.0 minutes, 0.329731822013855 seconds
Avg batch val. time: 0.08243295550346375 seconds
Avg sample val. time: 0.0016084479122627073 seconds
Epoch 1 Validation Summary: epoch: 1.000000 | loss: 0.721843 | accuracy: 0.560976 | precision: 0.603985 | AUROC: 0.446894 | AUPRC: 0.274106 | 
Best accuracy was 0.5756097560975609. Other metrics: OrderedDict([('epoch', 0), ('loss', 1.7501372732767244), ('accuracy', 0.5756097560975609), ('precision', 0.6076334128002934), ('AUROC', 0.4118065433854907), ('AUPRC', 0.27191209067568606)])
All Done!
Total runtime: 0.0 hours, 0.0 minutes, 8.036849975585938 seconds

