Running:
src/main.py --output_dir experiments --comment classification from Scratch --name Heartbeat_fromScratch --records_file Classification_records.xls --data_dir ./data/Classification/Heartbeat/ --data_class tsra --pattern TRAIN --val_pattern TEST --epochs 1 --lr 0.001 --optimizer RAdam --pos_encoding learnable --task classification --key_metric accuracy

Using device: cuda
Loading and preprocessing data ...
204 samples may be used for training
205 samples will be used for validation
0 samples will be used for testing
Creating model ...
Model:
TSTransformerEncoderClassiregressor(
  (project_inp): Linear(in_features=61, out_features=64, bias=True)
  (pos_enc): LearnablePositionalEncoding(
    (dropout): Dropout(p=0.1, inplace=False)
  )
  (transformer_encoder): TransformerEncoder(
    (layers): ModuleList(
      (0): TransformerBatchNormEncoderLayer(
        (self_attn): MultiheadAttention(
          (out_proj): NonDynamicallyQuantizableLinear(in_features=64, out_features=64, bias=True)
        )
        (linear1): Linear(in_features=64, out_features=256, bias=True)
        (dropout): Dropout(p=0.1, inplace=False)
        (linear2): Linear(in_features=256, out_features=64, bias=True)
        (norm1): BatchNorm1d(64, eps=1e-05, momentum=0.1, affine=True, track_running_stats=True)
        (norm2): BatchNorm1d(64, eps=1e-05, momentum=0.1, affine=True, track_running_stats=True)
        (dropout1): Dropout(p=0.1, inplace=False)
        (dropout2): Dropout(p=0.1, inplace=False)
      )
      (1): TransformerBatchNormEncoderLayer(
        (self_attn): MultiheadAttention(
          (out_proj): NonDynamicallyQuantizableLinear(in_features=64, out_features=64, bias=True)
        )
        (linear1): Linear(in_features=64, out_features=256, bias=True)
        (dropout): Dropout(p=0.1, inplace=False)
        (linear2): Linear(in_features=256, out_features=64, bias=True)
        (norm1): BatchNorm1d(64, eps=1e-05, momentum=0.1, affine=True, track_running_stats=True)
        (norm2): BatchNorm1d(64, eps=1e-05, momentum=0.1, affine=True, track_running_stats=True)
        (dropout1): Dropout(p=0.1, inplace=False)
        (dropout2): Dropout(p=0.1, inplace=False)
      )
      (2): TransformerBatchNormEncoderLayer(
        (self_attn): MultiheadAttention(
          (out_proj): NonDynamicallyQuantizableLinear(in_features=64, out_features=64, bias=True)
        )
        (linear1): Linear(in_features=64, out_features=256, bias=True)
        (dropout): Dropout(p=0.1, inplace=False)
        (linear2): Linear(in_features=256, out_features=64, bias=True)
        (norm1): BatchNorm1d(64, eps=1e-05, momentum=0.1, affine=True, track_running_stats=True)
        (norm2): BatchNorm1d(64, eps=1e-05, momentum=0.1, affine=True, track_running_stats=True)
        (dropout1): Dropout(p=0.1, inplace=False)
        (dropout2): Dropout(p=0.1, inplace=False)
      )
    )
  )
  (dropout1): Dropout(p=0.1, inplace=False)
  (output_layer): Linear(in_features=25920, out_features=2, bias=True)
)
Total number of parameters: 231682
Trainable parameters: 231682
Evaluating on validation set ...
Validation runtime: 0.0 hours, 0.0 minutes, 0.567265510559082 seconds

Avg val. time: 0.0 hours, 0.0 minutes, 0.567265510559082 seconds
Avg batch val. time: 0.1418163776397705 seconds
Avg sample val. time: 0.002767148831995522 seconds
Epoch 0 Validation Summary: epoch: 0.000000 | loss: 1.815946 | accuracy: 0.512195 | precision: 0.561843 | AUROC: 0.423542 | AUPRC: 0.248167 | 
Starting training...
Epoch 1 Training Summary: epoch: 1.000000 | loss: 0.734004 | 
Epoch runtime: 0.0 hours, 0.0 minutes, 0.182478666305542 seconds

Avg epoch train. time: 0.0 hours, 0.0 minutes, 0.182478666305542 seconds
Avg batch train. time: 0.0456196665763855 seconds
Avg sample train. time: 0.0008945032662036372 seconds
Evaluating on validation set ...
Validation runtime: 0.0 hours, 0.0 minutes, 0.06122279167175293 seconds

Avg val. time: 0.0 hours, 0.0 minutes, 0.3142441511154175 seconds
Avg batch val. time: 0.07856103777885437 seconds
Avg sample val. time: 0.0015328982981239877 seconds
Epoch 1 Validation Summary: epoch: 1.000000 | loss: 0.713837 | accuracy: 0.419512 | precision: 0.593783 | AUROC: 0.491228 | AUPRC: 0.284265 | 
Best accuracy was 0.5121951219512195. Other metrics: OrderedDict([('epoch', 0), ('loss', 1.8159460881861245), ('accuracy', 0.5121951219512195), ('precision', 0.5618430144518444), ('AUROC', 0.42354196301564717), ('AUPRC', 0.2481667777250233)])
All Done!
Total runtime: 0.0 hours, 0.0 minutes, 5.35359525680542 seconds

