Running:
src/main.py --output_dir experiments --comment pretraining through imputation --name BeijingPM25Quality_pretrained --records_file Imputation_records.xls --data_dir ./data/Regression/BeijingPM25Quality --data_class tsra --pattern TRAIN --val_ratio 0.2 --epochs 1 --lr 0.001 --optimizer RAdam --batch_size 32 --pos_encoding learnable --d_model 128

Using device: cuda
Loading and preprocessing data ...
9534 samples may be used for training
2384 samples will be used for validation
0 samples will be used for testing
Creating model ...
Model:
TSTransformerEncoder(
  (project_inp): Linear(in_features=9, out_features=128, bias=True)
  (pos_enc): LearnablePositionalEncoding(
    (dropout): Dropout(p=0.1, inplace=False)
  )
  (transformer_encoder): TransformerEncoder(
    (layers): ModuleList(
      (0): TransformerBatchNormEncoderLayer(
        (self_attn): MultiheadAttention(
          (out_proj): NonDynamicallyQuantizableLinear(in_features=128, out_features=128, bias=True)
        )
        (linear1): Linear(in_features=128, out_features=256, bias=True)
        (dropout): Dropout(p=0.1, inplace=False)
        (linear2): Linear(in_features=256, out_features=128, bias=True)
        (norm1): BatchNorm1d(128, eps=1e-05, momentum=0.1, affine=True, track_running_stats=True)
        (norm2): BatchNorm1d(128, eps=1e-05, momentum=0.1, affine=True, track_running_stats=True)
        (dropout1): Dropout(p=0.1, inplace=False)
        (dropout2): Dropout(p=0.1, inplace=False)
      )
      (1): TransformerBatchNormEncoderLayer(
        (self_attn): MultiheadAttention(
          (out_proj): NonDynamicallyQuantizableLinear(in_features=128, out_features=128, bias=True)
        )
        (linear1): Linear(in_features=128, out_features=256, bias=True)
        (dropout): Dropout(p=0.1, inplace=False)
        (linear2): Linear(in_features=256, out_features=128, bias=True)
        (norm1): BatchNorm1d(128, eps=1e-05, momentum=0.1, affine=True, track_running_stats=True)
        (norm2): BatchNorm1d(128, eps=1e-05, momentum=0.1, affine=True, track_running_stats=True)
        (dropout1): Dropout(p=0.1, inplace=False)
        (dropout2): Dropout(p=0.1, inplace=False)
      )
      (2): TransformerBatchNormEncoderLayer(
        (self_attn): MultiheadAttention(
          (out_proj): NonDynamicallyQuantizableLinear(in_features=128, out_features=128, bias=True)
        )
        (linear1): Linear(in_features=128, out_features=256, bias=True)
        (dropout): Dropout(p=0.1, inplace=False)
        (linear2): Linear(in_features=256, out_features=128, bias=True)
        (norm1): BatchNorm1d(128, eps=1e-05, momentum=0.1, affine=True, track_running_stats=True)
        (norm2): BatchNorm1d(128, eps=1e-05, momentum=0.1, affine=True, track_running_stats=True)
        (dropout1): Dropout(p=0.1, inplace=False)
        (dropout2): Dropout(p=0.1, inplace=False)
      )
    )
  )
  (output_layer): Linear(in_features=128, out_features=9, bias=True)
  (dropout1): Dropout(p=0.1, inplace=False)
)
Total number of parameters: 402953
Trainable parameters: 402953
Evaluating on validation set ...
Validation runtime: 0.0 hours, 0.0 minutes, 0.9141783714294434 seconds

Avg val. time: 0.0 hours, 0.0 minutes, 0.9141783714294434 seconds
Avg batch val. time: 0.012189044952392578 seconds
Avg sample val. time: 0.00038346408197543764 seconds
Epoch 0 Validation Summary: epoch: 0.000000 | loss: 36.840737 | 
Starting training...
Epoch 1 Training Summary: epoch: 1.000000 | loss: 0.537376 | 
Epoch runtime: 0.0 hours, 0.0 minutes, 3.003394365310669 seconds

Avg epoch train. time: 0.0 hours, 0.0 minutes, 3.003394365310669 seconds
Avg batch train. time: 0.010078504581579426 seconds
Avg sample train. time: 0.00031501933766631726 seconds
Evaluating on validation set ...
Validation runtime: 0.0 hours, 0.0 minutes, 0.3724520206451416 seconds

Avg val. time: 0.0 hours, 0.0 minutes, 0.6433151960372925 seconds
Avg batch val. time: 0.0085775359471639 seconds
Avg sample val. time: 0.0002698469782035623 seconds
Epoch 1 Validation Summary: epoch: 1.000000 | loss: 0.382548 | 
Best loss was 0.38254795241572287. Other metrics: OrderedDict([('epoch', 1), ('loss', 0.38254795241572287)])
All Done!
Total runtime: 0.0 hours, 0.0 minutes, 32.92677426338196 seconds

