Running:
src/main.py --output_dir experiments --comment classification from Scratch --name Heartbeat_fromScratch --records_file Classification_records.xls --data_dir ./data/Classification/Heartbeat/ --data_class tsra --pattern TRAIN --val_pattern TEST --epochs 1 --lr 0.001 --optimizer RAdam --pos_encoding learnable --task classification --key_metric accuracy

Using device: cuda
Loading and preprocessing data ...
204 samples may be used for training
205 samples will be used for validation
0 samples will be used for testing
Creating model ...
Model:
TSTransformerEncoderClassiregressor(
  (project_inp): Linear(in_features=61, out_features=64, bias=True)
  (pos_enc): LearnablePositionalEncoding(
    (dropout): Dropout(p=0.1, inplace=False)
  )
  (transformer_encoder): TransformerEncoder(
    (layers): ModuleList(
      (0): TransformerBatchNormEncoderLayer(
        (self_attn): MultiheadAttention(
          (out_proj): NonDynamicallyQuantizableLinear(in_features=64, out_features=64, bias=True)
        )
        (linear1): Linear(in_features=64, out_features=256, bias=True)
        (dropout): Dropout(p=0.1, inplace=False)
        (linear2): Linear(in_features=256, out_features=64, bias=True)
        (norm1): BatchNorm1d(64, eps=1e-05, momentum=0.1, affine=True, track_running_stats=True)
        (norm2): BatchNorm1d(64, eps=1e-05, momentum=0.1, affine=True, track_running_stats=True)
        (dropout1): Dropout(p=0.1, inplace=False)
        (dropout2): Dropout(p=0.1, inplace=False)
      )
      (1): TransformerBatchNormEncoderLayer(
        (self_attn): MultiheadAttention(
          (out_proj): NonDynamicallyQuantizableLinear(in_features=64, out_features=64, bias=True)
        )
        (linear1): Linear(in_features=64, out_features=256, bias=True)
        (dropout): Dropout(p=0.1, inplace=False)
        (linear2): Linear(in_features=256, out_features=64, bias=True)
        (norm1): BatchNorm1d(64, eps=1e-05, momentum=0.1, affine=True, track_running_stats=True)
        (norm2): BatchNorm1d(64, eps=1e-05, momentum=0.1, affine=True, track_running_stats=True)
        (dropout1): Dropout(p=0.1, inplace=False)
        (dropout2): Dropout(p=0.1, inplace=False)
      )
      (2): TransformerBatchNormEncoderLayer(
        (self_attn): MultiheadAttention(
          (out_proj): NonDynamicallyQuantizableLinear(in_features=64, out_features=64, bias=True)
        )
        (linear1): Linear(in_features=64, out_features=256, bias=True)
        (dropout): Dropout(p=0.1, inplace=False)
        (linear2): Linear(in_features=256, out_features=64, bias=True)
        (norm1): BatchNorm1d(64, eps=1e-05, momentum=0.1, affine=True, track_running_stats=True)
        (norm2): BatchNorm1d(64, eps=1e-05, momentum=0.1, affine=True, track_running_stats=True)
        (dropout1): Dropout(p=0.1, inplace=False)
        (dropout2): Dropout(p=0.1, inplace=False)
      )
    )
  )
  (dropout1): Dropout(p=0.1, inplace=False)
  (output_layer): Linear(in_features=25920, out_features=2, bias=True)
)
Total number of parameters: 231682
Trainable parameters: 231682
Evaluating on validation set ...
Validation runtime: 0.0 hours, 0.0 minutes, 0.576962947845459 seconds

Avg val. time: 0.0 hours, 0.0 minutes, 0.576962947845459 seconds
Avg batch val. time: 0.14424073696136475 seconds
Avg sample val. time: 0.00281445340412419 seconds
Epoch 0 Validation Summary: epoch: 0.000000 | loss: 3.827407 | accuracy: 0.443902 | precision: 0.694338 | AUROC: 0.664296 | AUPRC: 0.424543 | 
Starting training...
Epoch 1 Training Summary: epoch: 1.000000 | loss: 0.729374 | 
Epoch runtime: 0.0 hours, 0.0 minutes, 0.17826366424560547 seconds

Avg epoch train. time: 0.0 hours, 0.0 minutes, 0.17826366424560547 seconds
Avg batch train. time: 0.04456591606140137 seconds
Avg sample train. time: 0.0008738414914000268 seconds
Evaluating on validation set ...
Validation runtime: 0.0 hours, 0.0 minutes, 0.07260680198669434 seconds

Avg val. time: 0.0 hours, 0.0 minutes, 0.32478487491607666 seconds
Avg batch val. time: 0.08119621872901917 seconds
Avg sample val. time: 0.001584316463005252 seconds
Epoch 1 Validation Summary: epoch: 1.000000 | loss: 0.687428 | accuracy: 0.678049 | precision: 0.681533 | AUROC: 0.665481 | AUPRC: 0.417189 | 
Best accuracy was 0.6780487804878049. Other metrics: OrderedDict([('epoch', 1), ('loss', 0.6874282836914063), ('accuracy', 0.6780487804878049), ('precision', 0.6815326156512088), ('AUROC', 0.6654812707444288), ('AUPRC', 0.4171893504994397)])
All Done!
Total runtime: 0.0 hours, 0.0 minutes, 5.359205722808838 seconds

