Running:
src/main.py --output_dir experiments --comment classification from Scratch --name Heartbeat_fromScratch --records_file Classification_records.xls --data_dir ./data/Classification/Heartbeat/ --data_class tsra --pattern TRAIN --val_pattern TEST --epochs 1 --lr 0.001 --optimizer RAdam --pos_encoding learnable --task classification --key_metric accuracy

Using device: cuda
Loading and preprocessing data ...
204 samples may be used for training
205 samples will be used for validation
0 samples will be used for testing
Creating model ...
Model:
TSTransformerEncoderClassiregressor(
  (project_inp): Linear(in_features=61, out_features=64, bias=True)
  (pos_enc): LearnablePositionalEncoding(
    (dropout): Dropout(p=0.1, inplace=False)
  )
  (transformer_encoder): TransformerEncoder(
    (layers): ModuleList(
      (0): TransformerBatchNormEncoderLayer(
        (self_attn): MultiheadAttention(
          (out_proj): NonDynamicallyQuantizableLinear(in_features=64, out_features=64, bias=True)
        )
        (linear1): Linear(in_features=64, out_features=256, bias=True)
        (dropout): Dropout(p=0.1, inplace=False)
        (linear2): Linear(in_features=256, out_features=64, bias=True)
        (norm1): BatchNorm1d(64, eps=1e-05, momentum=0.1, affine=True, track_running_stats=True)
        (norm2): BatchNorm1d(64, eps=1e-05, momentum=0.1, affine=True, track_running_stats=True)
        (dropout1): Dropout(p=0.1, inplace=False)
        (dropout2): Dropout(p=0.1, inplace=False)
      )
      (1): TransformerBatchNormEncoderLayer(
        (self_attn): MultiheadAttention(
          (out_proj): NonDynamicallyQuantizableLinear(in_features=64, out_features=64, bias=True)
        )
        (linear1): Linear(in_features=64, out_features=256, bias=True)
        (dropout): Dropout(p=0.1, inplace=False)
        (linear2): Linear(in_features=256, out_features=64, bias=True)
        (norm1): BatchNorm1d(64, eps=1e-05, momentum=0.1, affine=True, track_running_stats=True)
        (norm2): BatchNorm1d(64, eps=1e-05, momentum=0.1, affine=True, track_running_stats=True)
        (dropout1): Dropout(p=0.1, inplace=False)
        (dropout2): Dropout(p=0.1, inplace=False)
      )
      (2): TransformerBatchNormEncoderLayer(
        (self_attn): MultiheadAttention(
          (out_proj): NonDynamicallyQuantizableLinear(in_features=64, out_features=64, bias=True)
        )
        (linear1): Linear(in_features=64, out_features=256, bias=True)
        (dropout): Dropout(p=0.1, inplace=False)
        (linear2): Linear(in_features=256, out_features=64, bias=True)
        (norm1): BatchNorm1d(64, eps=1e-05, momentum=0.1, affine=True, track_running_stats=True)
        (norm2): BatchNorm1d(64, eps=1e-05, momentum=0.1, affine=True, track_running_stats=True)
        (dropout1): Dropout(p=0.1, inplace=False)
        (dropout2): Dropout(p=0.1, inplace=False)
      )
    )
  )
  (dropout1): Dropout(p=0.1, inplace=False)
  (output_layer): Linear(in_features=25920, out_features=2, bias=True)
)
Total number of parameters: 231682
Trainable parameters: 231682
Evaluating on validation set ...
Validation runtime: 0.0 hours, 0.0 minutes, 0.5687806606292725 seconds

Avg val. time: 0.0 hours, 0.0 minutes, 0.5687806606292725 seconds
Avg batch val. time: 0.14219516515731812 seconds
Avg sample val. time: 0.0027745398079476705 seconds
Epoch 0 Validation Summary: epoch: 0.000000 | loss: 1.742974 | accuracy: 0.453659 | precision: 0.557129 | AUROC: 0.449147 | AUPRC: 0.293561 | 
Starting training...
Epoch 1 Training Summary: epoch: 1.000000 | loss: 0.702663 | 
Epoch runtime: 0.0 hours, 0.0 minutes, 0.1789536476135254 seconds

Avg epoch train. time: 0.0 hours, 0.0 minutes, 0.1789536476135254 seconds
Avg batch train. time: 0.04473841190338135 seconds
Avg sample train. time: 0.000877223762811399 seconds
Evaluating on validation set ...
Validation runtime: 0.0 hours, 0.0 minutes, 0.06707358360290527 seconds

Avg val. time: 0.0 hours, 0.0 minutes, 0.31792712211608887 seconds
Avg batch val. time: 0.07948178052902222 seconds
Avg sample val. time: 0.0015508640103223848 seconds
Epoch 1 Validation Summary: epoch: 1.000000 | loss: 0.707796 | accuracy: 0.619512 | precision: 0.619512 | AUROC: 0.503675 | AUPRC: 0.300443 | 
Best accuracy was 0.6195121951219512. Other metrics: OrderedDict([('epoch', 1), ('loss', 0.7077955106409585), ('accuracy', 0.6195121951219512), ('precision', 0.6195121951219512), ('AUROC', 0.5036747273589379), ('AUPRC', 0.3004428400513305)])
All Done!
Total runtime: 0.0 hours, 0.0 minutes, 8.149380445480347 seconds

