Running:
src/main.py --output_dir experiments --comment classification from Scratch --name Heartbeat_fromScratch --records_file Classification_records.xls --data_dir ./data/Classification/Heartbeat/ --data_class tsra --pattern TRAIN --val_pattern TEST --epochs 1 --lr 0.001 --optimizer RAdam --pos_encoding learnable --task classification --key_metric accuracy

Using device: cuda
Loading and preprocessing data ...
204 samples may be used for training
205 samples will be used for validation
0 samples will be used for testing
Creating model ...
Model:
TSTransformerEncoderClassiregressor(
  (project_inp): Linear(in_features=61, out_features=64, bias=True)
  (pos_enc): LearnablePositionalEncoding(
    (dropout): Dropout(p=0.1, inplace=False)
  )
  (transformer_encoder): TransformerEncoder(
    (layers): ModuleList(
      (0): TransformerBatchNormEncoderLayer(
        (self_attn): MultiheadAttention(
          (out_proj): NonDynamicallyQuantizableLinear(in_features=64, out_features=64, bias=True)
        )
        (linear1): Linear(in_features=64, out_features=256, bias=True)
        (dropout): Dropout(p=0.1, inplace=False)
        (linear2): Linear(in_features=256, out_features=64, bias=True)
        (norm1): BatchNorm1d(64, eps=1e-05, momentum=0.1, affine=True, track_running_stats=True)
        (norm2): BatchNorm1d(64, eps=1e-05, momentum=0.1, affine=True, track_running_stats=True)
        (dropout1): Dropout(p=0.1, inplace=False)
        (dropout2): Dropout(p=0.1, inplace=False)
      )
      (1): TransformerBatchNormEncoderLayer(
        (self_attn): MultiheadAttention(
          (out_proj): NonDynamicallyQuantizableLinear(in_features=64, out_features=64, bias=True)
        )
        (linear1): Linear(in_features=64, out_features=256, bias=True)
        (dropout): Dropout(p=0.1, inplace=False)
        (linear2): Linear(in_features=256, out_features=64, bias=True)
        (norm1): BatchNorm1d(64, eps=1e-05, momentum=0.1, affine=True, track_running_stats=True)
        (norm2): BatchNorm1d(64, eps=1e-05, momentum=0.1, affine=True, track_running_stats=True)
        (dropout1): Dropout(p=0.1, inplace=False)
        (dropout2): Dropout(p=0.1, inplace=False)
      )
      (2): TransformerBatchNormEncoderLayer(
        (self_attn): MultiheadAttention(
          (out_proj): NonDynamicallyQuantizableLinear(in_features=64, out_features=64, bias=True)
        )
        (linear1): Linear(in_features=64, out_features=256, bias=True)
        (dropout): Dropout(p=0.1, inplace=False)
        (linear2): Linear(in_features=256, out_features=64, bias=True)
        (norm1): BatchNorm1d(64, eps=1e-05, momentum=0.1, affine=True, track_running_stats=True)
        (norm2): BatchNorm1d(64, eps=1e-05, momentum=0.1, affine=True, track_running_stats=True)
        (dropout1): Dropout(p=0.1, inplace=False)
        (dropout2): Dropout(p=0.1, inplace=False)
      )
    )
  )
  (dropout1): Dropout(p=0.1, inplace=False)
  (output_layer): Linear(in_features=25920, out_features=2, bias=True)
)
Total number of parameters: 231682
Trainable parameters: 231682
Evaluating on validation set ...
Validation runtime: 0.0 hours, 0.0 minutes, 0.5666728019714355 seconds

Avg val. time: 0.0 hours, 0.0 minutes, 0.5666728019714355 seconds
Avg batch val. time: 0.1416682004928589 seconds
Avg sample val. time: 0.0027642575705923685 seconds
Epoch 0 Validation Summary: epoch: 0.000000 | loss: 1.562453 | accuracy: 0.448780 | precision: 0.579242 | AUROC: 0.471669 | AUPRC: 0.317463 | 
Starting training...
Epoch 1 Training Summary: epoch: 1.000000 | loss: 0.746045 | 
Epoch runtime: 0.0 hours, 0.0 minutes, 0.17906928062438965 seconds

Avg epoch train. time: 0.0 hours, 0.0 minutes, 0.17906928062438965 seconds
Avg batch train. time: 0.04476732015609741 seconds
Avg sample train. time: 0.0008777905912960277 seconds
Evaluating on validation set ...
Validation runtime: 0.0 hours, 0.0 minutes, 0.06636977195739746 seconds

Avg val. time: 0.0 hours, 0.0 minutes, 0.3165212869644165 seconds
Avg batch val. time: 0.07913032174110413 seconds
Avg sample val. time: 0.0015440062778752026 seconds
Epoch 1 Validation Summary: epoch: 1.000000 | loss: 0.702456 | accuracy: 0.351220 | precision: 0.532651 | AUROC: 0.466572 | AUPRC: 0.323329 | 
Best accuracy was 0.44878048780487806. Other metrics: OrderedDict([('epoch', 0), ('loss', 1.562453409520591), ('accuracy', 0.44878048780487806), ('precision', 0.5792423961644643), ('AUROC', 0.47166903745851113), ('AUPRC', 0.3174632732483746)])
All Done!
Total runtime: 0.0 hours, 0.0 minutes, 5.359848737716675 seconds

