Running:
src/main.py --output_dir experiments --comment classification from Scratch --name Heartbeat_fromScratch --records_file Classification_records.xls --data_dir ./data/Classification/Heartbeat/ --data_class tsra --pattern TRAIN --val_pattern TEST --epochs 1 --lr 0.001 --optimizer RAdam --pos_encoding learnable --task classification --key_metric accuracy

Using device: cuda
Loading and preprocessing data ...
204 samples may be used for training
205 samples will be used for validation
0 samples will be used for testing
Creating model ...
Model:
TSTransformerEncoderClassiregressor(
  (project_inp): Linear(in_features=61, out_features=64, bias=True)
  (pos_enc): LearnablePositionalEncoding(
    (dropout): Dropout(p=0.1, inplace=False)
  )
  (transformer_encoder): TransformerEncoder(
    (layers): ModuleList(
      (0): TransformerBatchNormEncoderLayer(
        (self_attn): MultiheadAttention(
          (out_proj): NonDynamicallyQuantizableLinear(in_features=64, out_features=64, bias=True)
        )
        (linear1): Linear(in_features=64, out_features=256, bias=True)
        (dropout): Dropout(p=0.1, inplace=False)
        (linear2): Linear(in_features=256, out_features=64, bias=True)
        (norm1): BatchNorm1d(64, eps=1e-05, momentum=0.1, affine=True, track_running_stats=True)
        (norm2): BatchNorm1d(64, eps=1e-05, momentum=0.1, affine=True, track_running_stats=True)
        (dropout1): Dropout(p=0.1, inplace=False)
        (dropout2): Dropout(p=0.1, inplace=False)
      )
      (1): TransformerBatchNormEncoderLayer(
        (self_attn): MultiheadAttention(
          (out_proj): NonDynamicallyQuantizableLinear(in_features=64, out_features=64, bias=True)
        )
        (linear1): Linear(in_features=64, out_features=256, bias=True)
        (dropout): Dropout(p=0.1, inplace=False)
        (linear2): Linear(in_features=256, out_features=64, bias=True)
        (norm1): BatchNorm1d(64, eps=1e-05, momentum=0.1, affine=True, track_running_stats=True)
        (norm2): BatchNorm1d(64, eps=1e-05, momentum=0.1, affine=True, track_running_stats=True)
        (dropout1): Dropout(p=0.1, inplace=False)
        (dropout2): Dropout(p=0.1, inplace=False)
      )
      (2): TransformerBatchNormEncoderLayer(
        (self_attn): MultiheadAttention(
          (out_proj): NonDynamicallyQuantizableLinear(in_features=64, out_features=64, bias=True)
        )
        (linear1): Linear(in_features=64, out_features=256, bias=True)
        (dropout): Dropout(p=0.1, inplace=False)
        (linear2): Linear(in_features=256, out_features=64, bias=True)
        (norm1): BatchNorm1d(64, eps=1e-05, momentum=0.1, affine=True, track_running_stats=True)
        (norm2): BatchNorm1d(64, eps=1e-05, momentum=0.1, affine=True, track_running_stats=True)
        (dropout1): Dropout(p=0.1, inplace=False)
        (dropout2): Dropout(p=0.1, inplace=False)
      )
    )
  )
  (dropout1): Dropout(p=0.1, inplace=False)
  (output_layer): Linear(in_features=25920, out_features=2, bias=True)
)
Total number of parameters: 231682
Trainable parameters: 231682
Evaluating on validation set ...
Validation runtime: 0.0 hours, 0.0 minutes, 0.5803298950195312 seconds

Avg val. time: 0.0 hours, 0.0 minutes, 0.5803298950195312 seconds
Avg batch val. time: 0.1450824737548828 seconds
Avg sample val. time: 0.0028308775366806403 seconds
Epoch 0 Validation Summary: epoch: 0.000000 | loss: 1.368458 | accuracy: 0.604878 | precision: 0.568934 | AUROC: 0.376126 | AUPRC: 0.225362 | 
Starting training...
Epoch 1 Training Summary: epoch: 1.000000 | loss: 0.683495 | 
Epoch runtime: 0.0 hours, 0.0 minutes, 0.18356966972351074 seconds

Avg epoch train. time: 0.0 hours, 0.0 minutes, 0.18356966972351074 seconds
Avg batch train. time: 0.045892417430877686 seconds
Avg sample train. time: 0.0008998513221740723 seconds
Evaluating on validation set ...
Validation runtime: 0.0 hours, 0.0 minutes, 0.06115603446960449 seconds

Avg val. time: 0.0 hours, 0.0 minutes, 0.32074296474456787 seconds
Avg batch val. time: 0.08018574118614197 seconds
Avg sample val. time: 0.0015645998280222823 seconds
Epoch 1 Validation Summary: epoch: 1.000000 | loss: 0.691253 | accuracy: 0.663415 | precision: 0.612704 | AUROC: 0.431484 | AUPRC: 0.263130 | 
Best accuracy was 0.6634146341463415. Other metrics: OrderedDict([('epoch', 1), ('loss', 0.6912529317344107), ('accuracy', 0.6634146341463415), ('precision', 0.6127044268997603), ('AUROC', 0.431484115694642), ('AUPRC', 0.263129842881135)])
All Done!
Total runtime: 0.0 hours, 0.0 minutes, 5.412141799926758 seconds

