Running:
src/main.py --output_dir experiments --comment classification from Scratch --name Heartbeat_fromScratch --records_file Classification_records.xls --data_dir ./data/Classification/Heartbeat/ --data_class tsra --pattern TRAIN --val_pattern TEST --epochs 1 --lr 0.001 --optimizer RAdam --pos_encoding learnable --task classification --key_metric accuracy

Using device: cuda
Loading and preprocessing data ...
204 samples may be used for training
205 samples will be used for validation
0 samples will be used for testing
Creating model ...
Model:
TSTransformerEncoderClassiregressor(
  (project_inp): Linear(in_features=61, out_features=64, bias=True)
  (pos_enc): LearnablePositionalEncoding(
    (dropout): Dropout(p=0.1, inplace=False)
  )
  (transformer_encoder): TransformerEncoder(
    (layers): ModuleList(
      (0): TransformerBatchNormEncoderLayer(
        (self_attn): MultiheadAttention(
          (out_proj): NonDynamicallyQuantizableLinear(in_features=64, out_features=64, bias=True)
        )
        (linear1): Linear(in_features=64, out_features=256, bias=True)
        (dropout): Dropout(p=0.1, inplace=False)
        (linear2): Linear(in_features=256, out_features=64, bias=True)
        (norm1): BatchNorm1d(64, eps=1e-05, momentum=0.1, affine=True, track_running_stats=True)
        (norm2): BatchNorm1d(64, eps=1e-05, momentum=0.1, affine=True, track_running_stats=True)
        (dropout1): Dropout(p=0.1, inplace=False)
        (dropout2): Dropout(p=0.1, inplace=False)
      )
      (1): TransformerBatchNormEncoderLayer(
        (self_attn): MultiheadAttention(
          (out_proj): NonDynamicallyQuantizableLinear(in_features=64, out_features=64, bias=True)
        )
        (linear1): Linear(in_features=64, out_features=256, bias=True)
        (dropout): Dropout(p=0.1, inplace=False)
        (linear2): Linear(in_features=256, out_features=64, bias=True)
        (norm1): BatchNorm1d(64, eps=1e-05, momentum=0.1, affine=True, track_running_stats=True)
        (norm2): BatchNorm1d(64, eps=1e-05, momentum=0.1, affine=True, track_running_stats=True)
        (dropout1): Dropout(p=0.1, inplace=False)
        (dropout2): Dropout(p=0.1, inplace=False)
      )
      (2): TransformerBatchNormEncoderLayer(
        (self_attn): MultiheadAttention(
          (out_proj): NonDynamicallyQuantizableLinear(in_features=64, out_features=64, bias=True)
        )
        (linear1): Linear(in_features=64, out_features=256, bias=True)
        (dropout): Dropout(p=0.1, inplace=False)
        (linear2): Linear(in_features=256, out_features=64, bias=True)
        (norm1): BatchNorm1d(64, eps=1e-05, momentum=0.1, affine=True, track_running_stats=True)
        (norm2): BatchNorm1d(64, eps=1e-05, momentum=0.1, affine=True, track_running_stats=True)
        (dropout1): Dropout(p=0.1, inplace=False)
        (dropout2): Dropout(p=0.1, inplace=False)
      )
    )
  )
  (dropout1): Dropout(p=0.1, inplace=False)
  (output_layer): Linear(in_features=25920, out_features=2, bias=True)
)
Total number of parameters: 231682
Trainable parameters: 231682
Evaluating on validation set ...
Validation runtime: 0.0 hours, 0.0 minutes, 0.5625476837158203 seconds

Avg val. time: 0.0 hours, 0.0 minutes, 0.5625476837158203 seconds
Avg batch val. time: 0.14063692092895508 seconds
Avg sample val. time: 0.0027441350425161967 seconds
Epoch 0 Validation Summary: epoch: 0.000000 | loss: 1.441205 | accuracy: 0.624390 | precision: 0.614041 | AUROC: 0.475818 | AUPRC: 0.290335 | 
Starting training...
Epoch 1 Training Summary: epoch: 1.000000 | loss: 0.698880 | 
Epoch runtime: 0.0 hours, 0.0 minutes, 0.17862319946289062 seconds

Avg epoch train. time: 0.0 hours, 0.0 minutes, 0.17862319946289062 seconds
Avg batch train. time: 0.044655799865722656 seconds
Avg sample train. time: 0.0008756039189357383 seconds
Evaluating on validation set ...
Validation runtime: 0.0 hours, 0.0 minutes, 0.06298112869262695 seconds

Avg val. time: 0.0 hours, 0.0 minutes, 0.31276440620422363 seconds
Avg batch val. time: 0.07819110155105591 seconds
Avg sample val. time: 0.0015256800302645055 seconds
Epoch 1 Validation Summary: epoch: 1.000000 | loss: 0.672666 | accuracy: 0.702439 | precision: 0.682423 | AUROC: 0.572783 | AUPRC: 0.354875 | 
Best accuracy was 0.7024390243902439. Other metrics: OrderedDict([('epoch', 1), ('loss', 0.6726664985098489), ('accuracy', 0.7024390243902439), ('precision', 0.6824227734089876), ('AUROC', 0.5727833096254148), ('AUPRC', 0.35487469768220453)])
All Done!
Total runtime: 0.0 hours, 0.0 minutes, 5.4539268016815186 seconds

