Running:
src/main.py --output_dir experiments --comment classification from Scratch --name Heartbeat_fromScratch --records_file Classification_records.xls --data_dir ./data/Classification/Heartbeat/ --data_class tsra --pattern TRAIN --val_pattern TEST --epochs 1 --lr 0.001 --optimizer RAdam --pos_encoding learnable --task classification --key_metric accuracy

Using device: cuda
Loading and preprocessing data ...
204 samples may be used for training
205 samples will be used for validation
0 samples will be used for testing
Creating model ...
Model:
TSTransformerEncoderClassiregressor(
  (project_inp): Linear(in_features=61, out_features=64, bias=True)
  (pos_enc): LearnablePositionalEncoding(
    (dropout): Dropout(p=0.1, inplace=False)
  )
  (transformer_encoder): TransformerEncoder(
    (layers): ModuleList(
      (0): TransformerBatchNormEncoderLayer(
        (self_attn): MultiheadAttention(
          (out_proj): NonDynamicallyQuantizableLinear(in_features=64, out_features=64, bias=True)
        )
        (linear1): Linear(in_features=64, out_features=256, bias=True)
        (dropout): Dropout(p=0.1, inplace=False)
        (linear2): Linear(in_features=256, out_features=64, bias=True)
        (norm1): BatchNorm1d(64, eps=1e-05, momentum=0.1, affine=True, track_running_stats=True)
        (norm2): BatchNorm1d(64, eps=1e-05, momentum=0.1, affine=True, track_running_stats=True)
        (dropout1): Dropout(p=0.1, inplace=False)
        (dropout2): Dropout(p=0.1, inplace=False)
      )
      (1): TransformerBatchNormEncoderLayer(
        (self_attn): MultiheadAttention(
          (out_proj): NonDynamicallyQuantizableLinear(in_features=64, out_features=64, bias=True)
        )
        (linear1): Linear(in_features=64, out_features=256, bias=True)
        (dropout): Dropout(p=0.1, inplace=False)
        (linear2): Linear(in_features=256, out_features=64, bias=True)
        (norm1): BatchNorm1d(64, eps=1e-05, momentum=0.1, affine=True, track_running_stats=True)
        (norm2): BatchNorm1d(64, eps=1e-05, momentum=0.1, affine=True, track_running_stats=True)
        (dropout1): Dropout(p=0.1, inplace=False)
        (dropout2): Dropout(p=0.1, inplace=False)
      )
      (2): TransformerBatchNormEncoderLayer(
        (self_attn): MultiheadAttention(
          (out_proj): NonDynamicallyQuantizableLinear(in_features=64, out_features=64, bias=True)
        )
        (linear1): Linear(in_features=64, out_features=256, bias=True)
        (dropout): Dropout(p=0.1, inplace=False)
        (linear2): Linear(in_features=256, out_features=64, bias=True)
        (norm1): BatchNorm1d(64, eps=1e-05, momentum=0.1, affine=True, track_running_stats=True)
        (norm2): BatchNorm1d(64, eps=1e-05, momentum=0.1, affine=True, track_running_stats=True)
        (dropout1): Dropout(p=0.1, inplace=False)
        (dropout2): Dropout(p=0.1, inplace=False)
      )
    )
  )
  (dropout1): Dropout(p=0.1, inplace=False)
  (output_layer): Linear(in_features=25920, out_features=2, bias=True)
)
Total number of parameters: 231682
Trainable parameters: 231682
Evaluating on validation set ...
Validation runtime: 0.0 hours, 0.0 minutes, 0.5793869495391846 seconds

Avg val. time: 0.0 hours, 0.0 minutes, 0.5793869495391846 seconds
Avg batch val. time: 0.14484673738479614 seconds
Avg sample val. time: 0.002826277802630169 seconds
Epoch 0 Validation Summary: epoch: 0.000000 | loss: 2.282841 | accuracy: 0.653659 | precision: 0.624181 | AUROC: 0.432670 | AUPRC: 0.273595 | 
Starting training...
Epoch 1 Training Summary: epoch: 1.000000 | loss: 0.723140 | 
Epoch runtime: 0.0 hours, 0.0 minutes, 0.18162250518798828 seconds

Avg epoch train. time: 0.0 hours, 0.0 minutes, 0.18162250518798828 seconds
Avg batch train. time: 0.04540562629699707 seconds
Avg sample train. time: 0.0008903063979803347 seconds
Evaluating on validation set ...
Validation runtime: 0.0 hours, 0.0 minutes, 0.06257104873657227 seconds

Avg val. time: 0.0 hours, 0.0 minutes, 0.3209789991378784 seconds
Avg batch val. time: 0.0802447497844696 seconds
Avg sample val. time: 0.001565751215306724 seconds
Epoch 1 Validation Summary: epoch: 1.000000 | loss: 0.735116 | accuracy: 0.639024 | precision: 0.600316 | AUROC: 0.401375 | AUPRC: 0.275144 | 
Best accuracy was 0.6536585365853659. Other metrics: OrderedDict([('epoch', 0), ('loss', 2.2828406450225085), ('accuracy', 0.6536585365853659), ('precision', 0.6241807571449947), ('AUROC', 0.43266951161687994), ('AUPRC', 0.27359471459456597)])
All Done!
Total runtime: 0.0 hours, 0.0 minutes, 8.126070737838745 seconds

