Running:
src/main.py --output_dir experiments --comment classification from Scratch --name Heartbeat_fromScratch --records_file Classification_records.xls --data_dir ./data/Classification/Heartbeat/ --data_class tsra --pattern TRAIN --val_pattern TEST --epochs 1 --lr 0.001 --optimizer RAdam --pos_encoding learnable --task classification --key_metric accuracy

Using device: cuda
Loading and preprocessing data ...
204 samples may be used for training
205 samples will be used for validation
0 samples will be used for testing
Creating model ...
Model:
TSTransformerEncoderClassiregressor(
  (project_inp): Linear(in_features=61, out_features=64, bias=True)
  (pos_enc): LearnablePositionalEncoding(
    (dropout): Dropout(p=0.1, inplace=False)
  )
  (transformer_encoder): TransformerEncoder(
    (layers): ModuleList(
      (0): TransformerBatchNormEncoderLayer(
        (self_attn): MultiheadAttention(
          (out_proj): NonDynamicallyQuantizableLinear(in_features=64, out_features=64, bias=True)
        )
        (linear1): Linear(in_features=64, out_features=256, bias=True)
        (dropout): Dropout(p=0.1, inplace=False)
        (linear2): Linear(in_features=256, out_features=64, bias=True)
        (norm1): BatchNorm1d(64, eps=1e-05, momentum=0.1, affine=True, track_running_stats=True)
        (norm2): BatchNorm1d(64, eps=1e-05, momentum=0.1, affine=True, track_running_stats=True)
        (dropout1): Dropout(p=0.1, inplace=False)
        (dropout2): Dropout(p=0.1, inplace=False)
      )
      (1): TransformerBatchNormEncoderLayer(
        (self_attn): MultiheadAttention(
          (out_proj): NonDynamicallyQuantizableLinear(in_features=64, out_features=64, bias=True)
        )
        (linear1): Linear(in_features=64, out_features=256, bias=True)
        (dropout): Dropout(p=0.1, inplace=False)
        (linear2): Linear(in_features=256, out_features=64, bias=True)
        (norm1): BatchNorm1d(64, eps=1e-05, momentum=0.1, affine=True, track_running_stats=True)
        (norm2): BatchNorm1d(64, eps=1e-05, momentum=0.1, affine=True, track_running_stats=True)
        (dropout1): Dropout(p=0.1, inplace=False)
        (dropout2): Dropout(p=0.1, inplace=False)
      )
      (2): TransformerBatchNormEncoderLayer(
        (self_attn): MultiheadAttention(
          (out_proj): NonDynamicallyQuantizableLinear(in_features=64, out_features=64, bias=True)
        )
        (linear1): Linear(in_features=64, out_features=256, bias=True)
        (dropout): Dropout(p=0.1, inplace=False)
        (linear2): Linear(in_features=256, out_features=64, bias=True)
        (norm1): BatchNorm1d(64, eps=1e-05, momentum=0.1, affine=True, track_running_stats=True)
        (norm2): BatchNorm1d(64, eps=1e-05, momentum=0.1, affine=True, track_running_stats=True)
        (dropout1): Dropout(p=0.1, inplace=False)
        (dropout2): Dropout(p=0.1, inplace=False)
      )
    )
  )
  (dropout1): Dropout(p=0.1, inplace=False)
  (output_layer): Linear(in_features=25920, out_features=2, bias=True)
)
Total number of parameters: 231682
Trainable parameters: 231682
Evaluating on validation set ...
Validation runtime: 0.0 hours, 0.0 minutes, 0.5956692695617676 seconds

Avg val. time: 0.0 hours, 0.0 minutes, 0.5956692695617676 seconds
Avg batch val. time: 0.1489173173904419 seconds
Avg sample val. time: 0.002905703753959842 seconds
Epoch 0 Validation Summary: epoch: 0.000000 | loss: 2.289828 | accuracy: 0.468293 | precision: 0.672551 | AUROC: 0.586949 | AUPRC: 0.334848 | 
Starting training...
Epoch 1 Training Summary: epoch: 1.000000 | loss: 0.721641 | 
Epoch runtime: 0.0 hours, 0.0 minutes, 0.18737268447875977 seconds

Avg epoch train. time: 0.0 hours, 0.0 minutes, 0.18737268447875977 seconds
Avg batch train. time: 0.04684317111968994 seconds
Avg sample train. time: 0.0009184935513664695 seconds
Evaluating on validation set ...
Validation runtime: 0.0 hours, 0.0 minutes, 0.061946868896484375 seconds

Avg val. time: 0.0 hours, 0.0 minutes, 0.328808069229126 seconds
Avg batch val. time: 0.0822020173072815 seconds
Avg sample val. time: 0.0016039418011176876 seconds
Epoch 1 Validation Summary: epoch: 1.000000 | loss: 0.736533 | accuracy: 0.517073 | precision: 0.610065 | AUROC: 0.514106 | AUPRC: 0.311315 | 
Best accuracy was 0.5170731707317073. Other metrics: OrderedDict([('epoch', 1), ('loss', 0.7365326485982755), ('accuracy', 0.5170731707317073), ('precision', 0.6100650406504065), ('AUROC', 0.5141062114746325), ('AUPRC', 0.3113145044015271)])
All Done!
Total runtime: 0.0 hours, 0.0 minutes, 8.198329210281372 seconds

