Running:
src/main.py --output_dir experiments --comment classification from Scratch --name Heartbeat_fromScratch --records_file Classification_records.xls --data_dir ./data/Classification/Heartbeat/ --data_class tsra --pattern TRAIN --val_pattern TEST --epochs 1 --lr 0.001 --optimizer RAdam --pos_encoding learnable --task classification --key_metric accuracy

Using device: cuda
Loading and preprocessing data ...
204 samples may be used for training
205 samples will be used for validation
0 samples will be used for testing
Creating model ...
Model:
TSTransformerEncoderClassiregressor(
  (project_inp): Linear(in_features=61, out_features=64, bias=True)
  (pos_enc): LearnablePositionalEncoding(
    (dropout): Dropout(p=0.1, inplace=False)
  )
  (transformer_encoder): TransformerEncoder(
    (layers): ModuleList(
      (0): TransformerBatchNormEncoderLayer(
        (self_attn): MultiheadAttention(
          (out_proj): NonDynamicallyQuantizableLinear(in_features=64, out_features=64, bias=True)
        )
        (linear1): Linear(in_features=64, out_features=256, bias=True)
        (dropout): Dropout(p=0.1, inplace=False)
        (linear2): Linear(in_features=256, out_features=64, bias=True)
        (norm1): BatchNorm1d(64, eps=1e-05, momentum=0.1, affine=True, track_running_stats=True)
        (norm2): BatchNorm1d(64, eps=1e-05, momentum=0.1, affine=True, track_running_stats=True)
        (dropout1): Dropout(p=0.1, inplace=False)
        (dropout2): Dropout(p=0.1, inplace=False)
      )
      (1): TransformerBatchNormEncoderLayer(
        (self_attn): MultiheadAttention(
          (out_proj): NonDynamicallyQuantizableLinear(in_features=64, out_features=64, bias=True)
        )
        (linear1): Linear(in_features=64, out_features=256, bias=True)
        (dropout): Dropout(p=0.1, inplace=False)
        (linear2): Linear(in_features=256, out_features=64, bias=True)
        (norm1): BatchNorm1d(64, eps=1e-05, momentum=0.1, affine=True, track_running_stats=True)
        (norm2): BatchNorm1d(64, eps=1e-05, momentum=0.1, affine=True, track_running_stats=True)
        (dropout1): Dropout(p=0.1, inplace=False)
        (dropout2): Dropout(p=0.1, inplace=False)
      )
      (2): TransformerBatchNormEncoderLayer(
        (self_attn): MultiheadAttention(
          (out_proj): NonDynamicallyQuantizableLinear(in_features=64, out_features=64, bias=True)
        )
        (linear1): Linear(in_features=64, out_features=256, bias=True)
        (dropout): Dropout(p=0.1, inplace=False)
        (linear2): Linear(in_features=256, out_features=64, bias=True)
        (norm1): BatchNorm1d(64, eps=1e-05, momentum=0.1, affine=True, track_running_stats=True)
        (norm2): BatchNorm1d(64, eps=1e-05, momentum=0.1, affine=True, track_running_stats=True)
        (dropout1): Dropout(p=0.1, inplace=False)
        (dropout2): Dropout(p=0.1, inplace=False)
      )
    )
  )
  (dropout1): Dropout(p=0.1, inplace=False)
  (output_layer): Linear(in_features=25920, out_features=2, bias=True)
)
Total number of parameters: 231682
Trainable parameters: 231682
Evaluating on validation set ...
Validation runtime: 0.0 hours, 0.0 minutes, 0.5718734264373779 seconds

Avg val. time: 0.0 hours, 0.0 minutes, 0.5718734264373779 seconds
Avg batch val. time: 0.14296835660934448 seconds
Avg sample val. time: 0.002789626470426234 seconds
Epoch 0 Validation Summary: epoch: 0.000000 | loss: 1.839516 | accuracy: 0.395122 | precision: 0.621159 | AUROC: 0.611368 | AUPRC: 0.372408 | 
Starting training...
Epoch 1 Training Summary: epoch: 1.000000 | loss: 0.697830 | 
Epoch runtime: 0.0 hours, 0.0 minutes, 0.1795039176940918 seconds

Avg epoch train. time: 0.0 hours, 0.0 minutes, 0.1795039176940918 seconds
Avg batch train. time: 0.04487597942352295 seconds
Avg sample train. time: 0.0008799211651671166 seconds
Evaluating on validation set ...
Validation runtime: 0.0 hours, 0.0 minutes, 0.06032204627990723 seconds

Avg val. time: 0.0 hours, 0.0 minutes, 0.3160977363586426 seconds
Avg batch val. time: 0.07902443408966064 seconds
Avg sample val. time: 0.001541940177359232 seconds
Epoch 1 Validation Summary: epoch: 1.000000 | loss: 0.693974 | accuracy: 0.556098 | precision: 0.613775 | AUROC: 0.497748 | AUPRC: 0.354359 | 
Best accuracy was 0.5560975609756098. Other metrics: OrderedDict([('epoch', 1), ('loss', 0.6939738669046541), ('accuracy', 0.5560975609756098), ('precision', 0.6137745846171567), ('AUROC', 0.49774774774774777), ('AUPRC', 0.35435917025942304)])
All Done!
Total runtime: 0.0 hours, 0.0 minutes, 7.952641487121582 seconds

