Running:
src/main.py --output_dir experiments --comment classification from Scratch --name Heartbeat_fromScratch --records_file Classification_records.xls --data_dir ./data/Classification/Heartbeat/ --data_class tsra --pattern TRAIN --val_pattern TEST --epochs 1 --lr 0.001 --optimizer RAdam --pos_encoding learnable --task classification --key_metric accuracy

Using device: cuda
Loading and preprocessing data ...
204 samples may be used for training
205 samples will be used for validation
0 samples will be used for testing
Creating model ...
Model:
TSTransformerEncoderClassiregressor(
  (project_inp): Linear(in_features=61, out_features=64, bias=True)
  (pos_enc): LearnablePositionalEncoding(
    (dropout): Dropout(p=0.1, inplace=False)
  )
  (transformer_encoder): TransformerEncoder(
    (layers): ModuleList(
      (0): TransformerBatchNormEncoderLayer(
        (self_attn): MultiheadAttention(
          (out_proj): NonDynamicallyQuantizableLinear(in_features=64, out_features=64, bias=True)
        )
        (linear1): Linear(in_features=64, out_features=256, bias=True)
        (dropout): Dropout(p=0.1, inplace=False)
        (linear2): Linear(in_features=256, out_features=64, bias=True)
        (norm1): BatchNorm1d(64, eps=1e-05, momentum=0.1, affine=True, track_running_stats=True)
        (norm2): BatchNorm1d(64, eps=1e-05, momentum=0.1, affine=True, track_running_stats=True)
        (dropout1): Dropout(p=0.1, inplace=False)
        (dropout2): Dropout(p=0.1, inplace=False)
      )
      (1): TransformerBatchNormEncoderLayer(
        (self_attn): MultiheadAttention(
          (out_proj): NonDynamicallyQuantizableLinear(in_features=64, out_features=64, bias=True)
        )
        (linear1): Linear(in_features=64, out_features=256, bias=True)
        (dropout): Dropout(p=0.1, inplace=False)
        (linear2): Linear(in_features=256, out_features=64, bias=True)
        (norm1): BatchNorm1d(64, eps=1e-05, momentum=0.1, affine=True, track_running_stats=True)
        (norm2): BatchNorm1d(64, eps=1e-05, momentum=0.1, affine=True, track_running_stats=True)
        (dropout1): Dropout(p=0.1, inplace=False)
        (dropout2): Dropout(p=0.1, inplace=False)
      )
      (2): TransformerBatchNormEncoderLayer(
        (self_attn): MultiheadAttention(
          (out_proj): NonDynamicallyQuantizableLinear(in_features=64, out_features=64, bias=True)
        )
        (linear1): Linear(in_features=64, out_features=256, bias=True)
        (dropout): Dropout(p=0.1, inplace=False)
        (linear2): Linear(in_features=256, out_features=64, bias=True)
        (norm1): BatchNorm1d(64, eps=1e-05, momentum=0.1, affine=True, track_running_stats=True)
        (norm2): BatchNorm1d(64, eps=1e-05, momentum=0.1, affine=True, track_running_stats=True)
        (dropout1): Dropout(p=0.1, inplace=False)
        (dropout2): Dropout(p=0.1, inplace=False)
      )
    )
  )
  (dropout1): Dropout(p=0.1, inplace=False)
  (output_layer): Linear(in_features=25920, out_features=2, bias=True)
)
Total number of parameters: 231682
Trainable parameters: 231682
Evaluating on validation set ...
Validation runtime: 0.0 hours, 0.0 minutes, 0.5781271457672119 seconds

Avg val. time: 0.0 hours, 0.0 minutes, 0.5781271457672119 seconds
Avg batch val. time: 0.14453178644180298 seconds
Avg sample val. time: 0.0028201324183766436 seconds
Epoch 0 Validation Summary: epoch: 0.000000 | loss: 1.579222 | accuracy: 0.712195 | precision: 0.643290 | AUROC: 0.405642 | AUPRC: 0.253037 | 
Starting training...
Epoch 1 Training Summary: epoch: 1.000000 | loss: 0.716540 | 
Epoch runtime: 0.0 hours, 0.0 minutes, 0.17955493927001953 seconds

Avg epoch train. time: 0.0 hours, 0.0 minutes, 0.17955493927001953 seconds
Avg batch train. time: 0.04488873481750488 seconds
Avg sample train. time: 0.0008801712709314682 seconds
Evaluating on validation set ...
Validation runtime: 0.0 hours, 0.0 minutes, 0.06067609786987305 seconds

Avg val. time: 0.0 hours, 0.0 minutes, 0.3194016218185425 seconds
Avg batch val. time: 0.07985040545463562 seconds
Avg sample val. time: 0.001558056691797768 seconds
Epoch 1 Validation Summary: epoch: 1.000000 | loss: 0.683340 | accuracy: 0.687805 | precision: 0.657709 | AUROC: 0.516003 | AUPRC: 0.384286 | 
Best accuracy was 0.7121951219512195. Other metrics: OrderedDict([('epoch', 0), ('loss', 1.579222084836262), ('accuracy', 0.7121951219512195), ('precision', 0.6432895235688109), ('AUROC', 0.405642484589853), ('AUPRC', 0.25303726766876045)])
All Done!
Total runtime: 0.0 hours, 0.0 minutes, 5.499696254730225 seconds

