Running:
src/main.py --output_dir experiments --comment classification from Scratch --name Heartbeat_fromScratch --records_file Classification_records.xls --data_dir ./data/Classification/Heartbeat/ --data_class tsra --pattern TRAIN --val_pattern TEST --epochs 1 --lr 0.001 --optimizer RAdam --pos_encoding learnable --task classification --key_metric accuracy

Using device: cuda
Loading and preprocessing data ...
204 samples may be used for training
205 samples will be used for validation
0 samples will be used for testing
Creating model ...
Model:
TSTransformerEncoderClassiregressor(
  (project_inp): Linear(in_features=61, out_features=64, bias=True)
  (pos_enc): LearnablePositionalEncoding(
    (dropout): Dropout(p=0.1, inplace=False)
  )
  (transformer_encoder): TransformerEncoder(
    (layers): ModuleList(
      (0): TransformerBatchNormEncoderLayer(
        (self_attn): MultiheadAttention(
          (out_proj): NonDynamicallyQuantizableLinear(in_features=64, out_features=64, bias=True)
        )
        (linear1): Linear(in_features=64, out_features=256, bias=True)
        (dropout): Dropout(p=0.1, inplace=False)
        (linear2): Linear(in_features=256, out_features=64, bias=True)
        (norm1): BatchNorm1d(64, eps=1e-05, momentum=0.1, affine=True, track_running_stats=True)
        (norm2): BatchNorm1d(64, eps=1e-05, momentum=0.1, affine=True, track_running_stats=True)
        (dropout1): Dropout(p=0.1, inplace=False)
        (dropout2): Dropout(p=0.1, inplace=False)
      )
      (1): TransformerBatchNormEncoderLayer(
        (self_attn): MultiheadAttention(
          (out_proj): NonDynamicallyQuantizableLinear(in_features=64, out_features=64, bias=True)
        )
        (linear1): Linear(in_features=64, out_features=256, bias=True)
        (dropout): Dropout(p=0.1, inplace=False)
        (linear2): Linear(in_features=256, out_features=64, bias=True)
        (norm1): BatchNorm1d(64, eps=1e-05, momentum=0.1, affine=True, track_running_stats=True)
        (norm2): BatchNorm1d(64, eps=1e-05, momentum=0.1, affine=True, track_running_stats=True)
        (dropout1): Dropout(p=0.1, inplace=False)
        (dropout2): Dropout(p=0.1, inplace=False)
      )
      (2): TransformerBatchNormEncoderLayer(
        (self_attn): MultiheadAttention(
          (out_proj): NonDynamicallyQuantizableLinear(in_features=64, out_features=64, bias=True)
        )
        (linear1): Linear(in_features=64, out_features=256, bias=True)
        (dropout): Dropout(p=0.1, inplace=False)
        (linear2): Linear(in_features=256, out_features=64, bias=True)
        (norm1): BatchNorm1d(64, eps=1e-05, momentum=0.1, affine=True, track_running_stats=True)
        (norm2): BatchNorm1d(64, eps=1e-05, momentum=0.1, affine=True, track_running_stats=True)
        (dropout1): Dropout(p=0.1, inplace=False)
        (dropout2): Dropout(p=0.1, inplace=False)
      )
    )
  )
  (dropout1): Dropout(p=0.1, inplace=False)
  (output_layer): Linear(in_features=25920, out_features=2, bias=True)
)
Total number of parameters: 231682
Trainable parameters: 231682
Evaluating on validation set ...
Validation runtime: 0.0 hours, 0.0 minutes, 0.5949051380157471 seconds

Avg val. time: 0.0 hours, 0.0 minutes, 0.5949051380157471 seconds
Avg batch val. time: 0.14872628450393677 seconds
Avg sample val. time: 0.002901976283003644 seconds
Epoch 0 Validation Summary: epoch: 0.000000 | loss: 1.502228 | accuracy: 0.556098 | precision: 0.593190 | AUROC: 0.465149 | AUPRC: 0.274679 | 
Starting training...
Epoch 1 Training Summary: epoch: 1.000000 | loss: 0.735457 | 
Epoch runtime: 0.0 hours, 0.0 minutes, 0.17781758308410645 seconds

Avg epoch train. time: 0.0 hours, 0.0 minutes, 0.17781758308410645 seconds
Avg batch train. time: 0.04445439577102661 seconds
Avg sample train. time: 0.0008716548190397374 seconds
Evaluating on validation set ...
Validation runtime: 0.0 hours, 0.0 minutes, 0.06099343299865723 seconds

Avg val. time: 0.0 hours, 0.0 minutes, 0.32794928550720215 seconds
Avg batch val. time: 0.08198732137680054 seconds
Avg sample val. time: 0.0015997526122302544 seconds
Epoch 1 Validation Summary: epoch: 1.000000 | loss: 0.744680 | accuracy: 0.624390 | precision: 0.595995 | AUROC: 0.463845 | AUPRC: 0.270072 | 
Best accuracy was 0.624390243902439. Other metrics: OrderedDict([('epoch', 1), ('loss', 0.7446795021615378), ('accuracy', 0.624390243902439), ('precision', 0.595995097161587), ('AUROC', 0.46384542437174014), ('AUPRC', 0.27007232158275096)])
All Done!
Total runtime: 0.0 hours, 0.0 minutes, 7.917258024215698 seconds

