Running:
src/main.py --output_dir experiments --comment classification from Scratch --name Heartbeat_fromScratch --records_file Classification_records.xls --data_dir ./data/Classification/Heartbeat/ --data_class tsra --pattern TRAIN --val_pattern TEST --epochs 1 --lr 0.001 --optimizer RAdam --pos_encoding learnable --task classification --key_metric accuracy

Using device: cuda
Loading and preprocessing data ...
204 samples may be used for training
205 samples will be used for validation
0 samples will be used for testing
Creating model ...
Model:
TSTransformerEncoderClassiregressor(
  (project_inp): Linear(in_features=61, out_features=64, bias=True)
  (pos_enc): LearnablePositionalEncoding(
    (dropout): Dropout(p=0.1, inplace=False)
  )
  (transformer_encoder): TransformerEncoder(
    (layers): ModuleList(
      (0): TransformerBatchNormEncoderLayer(
        (self_attn): MultiheadAttention(
          (out_proj): NonDynamicallyQuantizableLinear(in_features=64, out_features=64, bias=True)
        )
        (linear1): Linear(in_features=64, out_features=256, bias=True)
        (dropout): Dropout(p=0.1, inplace=False)
        (linear2): Linear(in_features=256, out_features=64, bias=True)
        (norm1): BatchNorm1d(64, eps=1e-05, momentum=0.1, affine=True, track_running_stats=True)
        (norm2): BatchNorm1d(64, eps=1e-05, momentum=0.1, affine=True, track_running_stats=True)
        (dropout1): Dropout(p=0.1, inplace=False)
        (dropout2): Dropout(p=0.1, inplace=False)
      )
      (1): TransformerBatchNormEncoderLayer(
        (self_attn): MultiheadAttention(
          (out_proj): NonDynamicallyQuantizableLinear(in_features=64, out_features=64, bias=True)
        )
        (linear1): Linear(in_features=64, out_features=256, bias=True)
        (dropout): Dropout(p=0.1, inplace=False)
        (linear2): Linear(in_features=256, out_features=64, bias=True)
        (norm1): BatchNorm1d(64, eps=1e-05, momentum=0.1, affine=True, track_running_stats=True)
        (norm2): BatchNorm1d(64, eps=1e-05, momentum=0.1, affine=True, track_running_stats=True)
        (dropout1): Dropout(p=0.1, inplace=False)
        (dropout2): Dropout(p=0.1, inplace=False)
      )
      (2): TransformerBatchNormEncoderLayer(
        (self_attn): MultiheadAttention(
          (out_proj): NonDynamicallyQuantizableLinear(in_features=64, out_features=64, bias=True)
        )
        (linear1): Linear(in_features=64, out_features=256, bias=True)
        (dropout): Dropout(p=0.1, inplace=False)
        (linear2): Linear(in_features=256, out_features=64, bias=True)
        (norm1): BatchNorm1d(64, eps=1e-05, momentum=0.1, affine=True, track_running_stats=True)
        (norm2): BatchNorm1d(64, eps=1e-05, momentum=0.1, affine=True, track_running_stats=True)
        (dropout1): Dropout(p=0.1, inplace=False)
        (dropout2): Dropout(p=0.1, inplace=False)
      )
    )
  )
  (dropout1): Dropout(p=0.1, inplace=False)
  (output_layer): Linear(in_features=25920, out_features=2, bias=True)
)
Total number of parameters: 231682
Trainable parameters: 231682
Evaluating on validation set ...
Validation runtime: 0.0 hours, 0.0 minutes, 0.5736331939697266 seconds

Avg val. time: 0.0 hours, 0.0 minutes, 0.5736331939697266 seconds
Avg batch val. time: 0.14340829849243164 seconds
Avg sample val. time: 0.002798210702291349 seconds
Epoch 0 Validation Summary: epoch: 0.000000 | loss: 1.999914 | accuracy: 0.375610 | precision: 0.574322 | AUROC: 0.526316 | AUPRC: 0.332409 | 
Starting training...
Epoch 1 Training Summary: epoch: 1.000000 | loss: 0.770219 | 
Epoch runtime: 0.0 hours, 0.0 minutes, 0.18002533912658691 seconds

Avg epoch train. time: 0.0 hours, 0.0 minutes, 0.18002533912658691 seconds
Avg batch train. time: 0.04500633478164673 seconds
Avg sample train. time: 0.0008824771525813084 seconds
Evaluating on validation set ...
Validation runtime: 0.0 hours, 0.0 minutes, 0.061078548431396484 seconds

Avg val. time: 0.0 hours, 0.0 minutes, 0.3173558712005615 seconds
Avg batch val. time: 0.07933896780014038 seconds
Avg sample val. time: 0.001548077420490544 seconds
Epoch 1 Validation Summary: epoch: 1.000000 | loss: 0.722693 | accuracy: 0.536585 | precision: 0.578796 | AUROC: 0.430180 | AUPRC: 0.280949 | 
Best accuracy was 0.5365853658536586. Other metrics: OrderedDict([('epoch', 1), ('loss', 0.7226929362227277), ('accuracy', 0.5365853658536586), ('precision', 0.5787956135375307), ('AUROC', 0.4301801801801802), ('AUPRC', 0.28094942034358605)])
All Done!
Total runtime: 0.0 hours, 0.0 minutes, 5.43861985206604 seconds

