Running:
src/main.py --output_dir experiments --comment classification from Scratch --name Heartbeat_fromScratch --records_file Classification_records.xls --data_dir ./data/Classification/Heartbeat/ --data_class tsra --pattern TRAIN --val_pattern TEST --epochs 1 --lr 0.001 --optimizer RAdam --pos_encoding learnable --task classification --key_metric accuracy

Using device: cuda
Loading and preprocessing data ...
204 samples may be used for training
205 samples will be used for validation
0 samples will be used for testing
Creating model ...
Model:
TSTransformerEncoderClassiregressor(
  (project_inp): Linear(in_features=61, out_features=64, bias=True)
  (pos_enc): LearnablePositionalEncoding(
    (dropout): Dropout(p=0.1, inplace=False)
  )
  (transformer_encoder): TransformerEncoder(
    (layers): ModuleList(
      (0): TransformerBatchNormEncoderLayer(
        (self_attn): MultiheadAttention(
          (out_proj): NonDynamicallyQuantizableLinear(in_features=64, out_features=64, bias=True)
        )
        (linear1): Linear(in_features=64, out_features=256, bias=True)
        (dropout): Dropout(p=0.1, inplace=False)
        (linear2): Linear(in_features=256, out_features=64, bias=True)
        (norm1): BatchNorm1d(64, eps=1e-05, momentum=0.1, affine=True, track_running_stats=True)
        (norm2): BatchNorm1d(64, eps=1e-05, momentum=0.1, affine=True, track_running_stats=True)
        (dropout1): Dropout(p=0.1, inplace=False)
        (dropout2): Dropout(p=0.1, inplace=False)
      )
      (1): TransformerBatchNormEncoderLayer(
        (self_attn): MultiheadAttention(
          (out_proj): NonDynamicallyQuantizableLinear(in_features=64, out_features=64, bias=True)
        )
        (linear1): Linear(in_features=64, out_features=256, bias=True)
        (dropout): Dropout(p=0.1, inplace=False)
        (linear2): Linear(in_features=256, out_features=64, bias=True)
        (norm1): BatchNorm1d(64, eps=1e-05, momentum=0.1, affine=True, track_running_stats=True)
        (norm2): BatchNorm1d(64, eps=1e-05, momentum=0.1, affine=True, track_running_stats=True)
        (dropout1): Dropout(p=0.1, inplace=False)
        (dropout2): Dropout(p=0.1, inplace=False)
      )
      (2): TransformerBatchNormEncoderLayer(
        (self_attn): MultiheadAttention(
          (out_proj): NonDynamicallyQuantizableLinear(in_features=64, out_features=64, bias=True)
        )
        (linear1): Linear(in_features=64, out_features=256, bias=True)
        (dropout): Dropout(p=0.1, inplace=False)
        (linear2): Linear(in_features=256, out_features=64, bias=True)
        (norm1): BatchNorm1d(64, eps=1e-05, momentum=0.1, affine=True, track_running_stats=True)
        (norm2): BatchNorm1d(64, eps=1e-05, momentum=0.1, affine=True, track_running_stats=True)
        (dropout1): Dropout(p=0.1, inplace=False)
        (dropout2): Dropout(p=0.1, inplace=False)
      )
    )
  )
  (dropout1): Dropout(p=0.1, inplace=False)
  (output_layer): Linear(in_features=25920, out_features=2, bias=True)
)
Total number of parameters: 231682
Trainable parameters: 231682
Evaluating on validation set ...
Validation runtime: 0.0 hours, 0.0 minutes, 0.5778348445892334 seconds

Avg val. time: 0.0 hours, 0.0 minutes, 0.5778348445892334 seconds
Avg batch val. time: 0.14445871114730835 seconds
Avg sample val. time: 0.0028187065589718703 seconds
Epoch 0 Validation Summary: epoch: 0.000000 | loss: 2.956565 | accuracy: 0.336585 | precision: 0.751905 | AUROC: 0.665363 | AUPRC: 0.398564 | 
Starting training...
Epoch 1 Training Summary: epoch: 1.000000 | loss: 0.724480 | 
Epoch runtime: 0.0 hours, 0.0 minutes, 0.17606544494628906 seconds

Avg epoch train. time: 0.0 hours, 0.0 minutes, 0.17606544494628906 seconds
Avg batch train. time: 0.044016361236572266 seconds
Avg sample train. time: 0.0008630659065994562 seconds
Evaluating on validation set ...
Validation runtime: 0.0 hours, 0.0 minutes, 0.060391902923583984 seconds

Avg val. time: 0.0 hours, 0.0 minutes, 0.3191133737564087 seconds
Avg batch val. time: 0.07977834343910217 seconds
Avg sample val. time: 0.0015566506036897986 seconds
Epoch 1 Validation Summary: epoch: 1.000000 | loss: 0.705281 | accuracy: 0.673171 | precision: 0.653671 | AUROC: 0.528805 | AUPRC: 0.353611 | 
Best accuracy was 0.6731707317073171. Other metrics: OrderedDict([('epoch', 1), ('loss', 0.7052813832352801), ('accuracy', 0.6731707317073171), ('precision', 0.6536705416274836), ('AUROC', 0.5288051209103841), ('AUPRC', 0.3536111834165515)])
All Done!
Total runtime: 0.0 hours, 0.0 minutes, 5.712240219116211 seconds

